File tmp/id_query-num_articles.tsv loaded.
Loading Terrier results from:  tmp/terrier_results/results
Filtering : top  5
loading  tmp/terrier_results/results/BM25b1.0_0.res
Terrier results loaded
-----------------------------------------
Filtering results of query:  H28-13-1
-----------------------------------------
['ARTICLE_316', 'PARAGRAPH_316_0', 'PARAGRAPH_313_2', 'ARTICLE_313', 'PARAGRAPH_315_0']
[39.38434850766957, 39.38434850766957, 24.508469939089345, 22.08582285992465, 20.426549573985795]
result 0 	doc_id:  ARTICLE_316 	score:  39.3843485077 	['316']
Article first doc:  ['316']
Article saved:  ['316']
Delta:  None
result 1 	doc_id:  PARAGRAPH_316_0 	score:  39.3843485077 	['316']
similar results
Article first doc:  ['316']
Article saved:  ['316']
Delta:  None
result 2 	doc_id:  PARAGRAPH_313_2 	score:  24.5084699391 	['313']
Different result at pos:  2 	 best  ['316'] 	  ['313']
intersection:  set([])
Article first doc:  ['316']
Article saved:  ['316']
Delta:  14.8758785686
result 3 	doc_id:  ARTICLE_313 	score:  22.0858228599 	['313']
Different result at pos:  3 	 best  ['316'] 	  ['313']
intersection:  set([])
Article first doc:  ['316']
Article saved:  ['316']
Delta:  14.8758785686
result 4 	doc_id:  PARAGRAPH_315_0 	score:  20.426549574 	['315']
Different result at pos:  4 	 best  ['316'] 	  ['315']
intersection:  set([])
Article first doc:  ['316']
Article saved:  ['316']
Delta:  14.8758785686
-----------------------------------------
Filtering results of query:  H28-13-2
-----------------------------------------
['PARAGRAPH_313_2', 'ARTICLE_313', 'PARAGRAPH_313_1', 'PARAGRAPH_315_0', 'ARTICLE_315']
[28.985827015412383, 26.203701620920754, 23.600537198364865, 20.515023415147827, 20.515023415147827]
result 0 	doc_id:  PARAGRAPH_313_2 	score:  28.9858270154 	['313']
Article first doc:  ['313']
Article saved:  ['313']
Delta:  None
result 1 	doc_id:  ARTICLE_313 	score:  26.2037016209 	['313']
similar results
Article first doc:  ['313']
Article saved:  ['313']
Delta:  None
result 2 	doc_id:  PARAGRAPH_313_1 	score:  23.6005371984 	['313']
similar results
Article first doc:  ['313']
Article saved:  ['313']
Delta:  None
result 3 	doc_id:  PARAGRAPH_315_0 	score:  20.5150234151 	['315']
Different result at pos:  3 	 best  ['313'] 	  ['315']
intersection:  set([])
Article first doc:  ['313']
Article saved:  ['313']
Delta:  8.47080360026
result 4 	doc_id:  ARTICLE_315 	score:  20.5150234151 	['315']
Different result at pos:  4 	 best  ['313'] 	  ['315']
intersection:  set([])
Article first doc:  ['313']
Article saved:  ['313']
Delta:  8.47080360026
-----------------------------------------
Filtering results of query:  H28-13-3
-----------------------------------------
['ARTICLE_308', 'PARAGRAPH_308_0', 'PARAGRAPH_398-10_2', 'PARAGRAPH_398-10_1', 'ARTICLE_398-10']
[29.29003632421764, 29.29003632421764, 15.846730280261834, 15.746752776152741, 15.218669986937213]
result 0 	doc_id:  ARTICLE_308 	score:  29.2900363242 	['308']
Article first doc:  ['308']
Article saved:  ['308']
Delta:  None
result 1 	doc_id:  PARAGRAPH_308_0 	score:  29.2900363242 	['308']
similar results
Article first doc:  ['308']
Article saved:  ['308']
Delta:  None
result 2 	doc_id:  PARAGRAPH_398-10_2 	score:  15.8467302803 	['398-10']
Different result at pos:  2 	 best  ['308'] 	  ['398-10']
intersection:  set([])
Article first doc:  ['308']
Article saved:  ['308']
Delta:  13.443306044
result 3 	doc_id:  PARAGRAPH_398-10_1 	score:  15.7467527762 	['398-10']
Different result at pos:  3 	 best  ['308'] 	  ['398-10']
intersection:  set([])
Article first doc:  ['308']
Article saved:  ['308']
Delta:  13.443306044
result 4 	doc_id:  ARTICLE_398-10 	score:  15.2186699869 	['398-10']
Different result at pos:  4 	 best  ['308'] 	  ['398-10']
intersection:  set([])
Article first doc:  ['308']
Article saved:  ['308']
Delta:  13.443306044
-----------------------------------------
Filtering results of query:  H28-13-4
-----------------------------------------
['PARAGRAPH_308_0', 'ARTICLE_308', 'ARTICLE_332', 'PARAGRAPH_332_0', 'PARAGRAPH_335_2']
[21.70585053270358, 21.70585053270358, 18.82436890339776, 18.82436890339776, 16.945860065767032]
result 0 	doc_id:  PARAGRAPH_308_0 	score:  21.7058505327 	['308']
Article first doc:  ['308']
Article saved:  ['308']
Delta:  None
result 1 	doc_id:  ARTICLE_308 	score:  21.7058505327 	['308']
similar results
Article first doc:  ['308']
Article saved:  ['308']
Delta:  None
result 2 	doc_id:  ARTICLE_332 	score:  18.8243689034 	['332']
Different result at pos:  2 	 best  ['308'] 	  ['332']
intersection:  set([])
Article first doc:  ['308']
Article saved:  ['308']
Delta:  2.88148162931
result 3 	doc_id:  PARAGRAPH_332_0 	score:  18.8243689034 	['332']
Different result at pos:  3 	 best  ['308'] 	  ['332']
intersection:  set([])
Article first doc:  ['308']
Article saved:  ['308']
Delta:  2.88148162931
result 4 	doc_id:  PARAGRAPH_335_2 	score:  16.9458600658 	['335']
Different result at pos:  4 	 best  ['308'] 	  ['335']
intersection:  set([])
Article first doc:  ['308']
Article saved:  ['308']
Delta:  2.88148162931
-----------------------------------------
Filtering results of query:  H28-13-5
-----------------------------------------
['PARAGRAPH_335_1', 'PARAGRAPH_335_2', 'ARTICLE_335', 'ARTICLE_334', 'PARAGRAPH_334_0']
[30.124785625915052, 29.139851422597012, 25.93763554064934, 18.56038434253492, 18.56038434253492]
result 0 	doc_id:  PARAGRAPH_335_1 	score:  30.1247856259 	['335']
Article first doc:  ['335']
Article saved:  ['335']
Delta:  None
result 1 	doc_id:  PARAGRAPH_335_2 	score:  29.1398514226 	['335']
similar results
Article first doc:  ['335']
Article saved:  ['335']
Delta:  None
result 2 	doc_id:  ARTICLE_335 	score:  25.9376355406 	['335']
similar results
Article first doc:  ['335']
Article saved:  ['335']
Delta:  None
result 3 	doc_id:  ARTICLE_334 	score:  18.5603843425 	['334']
Different result at pos:  3 	 best  ['335'] 	  ['334']
intersection:  set([])
Article first doc:  ['335']
Article saved:  ['335']
Delta:  11.5644012834
result 4 	doc_id:  PARAGRAPH_334_0 	score:  18.5603843425 	['334']
Different result at pos:  4 	 best  ['335'] 	  ['334']
intersection:  set([])
Article first doc:  ['335']
Article saved:  ['335']
Delta:  11.5644012834
-----------------------------------------
Filtering results of query:  H28-16-4
-----------------------------------------
['PARAGRAPH_398-6_1', 'MIX_398-6_398-4_CLEANED', 'ARTICLE_398-19', 'ARTICLE_398-6', 'PARAGRAPH_398-17_2']
[39.82037753958542, 30.371310298190956, 29.639568558323948, 28.25763214376777, 27.470097338240993]
result 0 	doc_id:  PARAGRAPH_398-6_1 	score:  39.8203775396 	['398-6']
Article first doc:  ['398-6']
Article saved:  ['398-6']
Delta:  None
result 1 	doc_id:  MIX_398-6_398-4_CLEANED 	score:  30.3713102982 	['398-6', '398-4']
Different result at pos:  1 	 best  ['398-6'] 	  ['398-6', '398-4']
intersection:  set(['398-6'])
Reconsidering result to  set(['398-6'])
Article first doc:  ['398-6']
Article saved:  set(['398-6'])
Delta:  None
result 2 	doc_id:  ARTICLE_398-19 	score:  29.6395685583 	['398-19']
Different result at pos:  2 	 best  ['398-6'] 	  ['398-19']
intersection:  set([])
Article first doc:  ['398-6']
Article saved:  set(['398-6'])
Delta:  10.1808089813
result 3 	doc_id:  ARTICLE_398-6 	score:  28.2576321438 	['398-6']
similar results
Article first doc:  ['398-6']
Article saved:  set(['398-6'])
Delta:  10.1808089813
result 4 	doc_id:  PARAGRAPH_398-17_2 	score:  27.4700973382 	['398-17']
Different result at pos:  4 	 best  ['398-6'] 	  ['398-17']
intersection:  set([])
Article first doc:  ['398-6']
Article saved:  set(['398-6'])
Delta:  10.1808089813
-----------------------------------------
Filtering results of query:  H28-17-5
-----------------------------------------
['ARTICLE_406', 'PARAGRAPH_406_0', 'PARAGRAPH_402_1', 'PARAGRAPH_409_1', 'ARTICLE_409']
[40.60361542680546, 40.60361542680546, 19.087216571107646, 17.705890141774248, 17.175358196151937]
result 0 	doc_id:  ARTICLE_406 	score:  40.6036154268 	['406']
Article first doc:  ['406']
Article saved:  ['406']
Delta:  None
result 1 	doc_id:  PARAGRAPH_406_0 	score:  40.6036154268 	['406']
similar results
Article first doc:  ['406']
Article saved:  ['406']
Delta:  None
result 2 	doc_id:  PARAGRAPH_402_1 	score:  19.0872165711 	['402']
Different result at pos:  2 	 best  ['406'] 	  ['402']
intersection:  set([])
Article first doc:  ['406']
Article saved:  ['406']
Delta:  21.5163988557
result 3 	doc_id:  PARAGRAPH_409_1 	score:  17.7058901418 	['409']
Different result at pos:  3 	 best  ['406'] 	  ['409']
intersection:  set([])
Article first doc:  ['406']
Article saved:  ['406']
Delta:  21.5163988557
result 4 	doc_id:  ARTICLE_409 	score:  17.1753581962 	['409']
Different result at pos:  4 	 best  ['406'] 	  ['409']
intersection:  set([])
Article first doc:  ['406']
Article saved:  ['406']
Delta:  21.5163988557
-----------------------------------------
Filtering results of query:  H28-26-4
-----------------------------------------
['PARAGRAPH_648_3', 'MIX_1020_654_CLEANED', 'PARAGRAPH_653_0', 'ARTICLE_653', 'MIX_874_654_CLEANED']
[17.548369603005185, 17.252727581012017, 16.867742886708072, 16.867742886708072, 16.063393514865133]
result 0 	doc_id:  PARAGRAPH_648_3 	score:  17.548369603 	['648']
Article first doc:  ['648']
Article saved:  ['648']
Delta:  None
result 1 	doc_id:  MIX_1020_654_CLEANED 	score:  17.252727581 	['1020', '654']
Different result at pos:  1 	 best  ['648'] 	  ['1020', '654']
intersection:  set([])
Article first doc:  ['648']
Article saved:  ['648']
Delta:  0.295642021993
result 2 	doc_id:  PARAGRAPH_653_0 	score:  16.8677428867 	['653']
Different result at pos:  2 	 best  ['648'] 	  ['653']
intersection:  set([])
Article first doc:  ['648']
Article saved:  ['648']
Delta:  0.295642021993
result 3 	doc_id:  ARTICLE_653 	score:  16.8677428867 	['653']
Different result at pos:  3 	 best  ['648'] 	  ['653']
intersection:  set([])
Article first doc:  ['648']
Article saved:  ['648']
Delta:  0.295642021993
result 4 	doc_id:  MIX_874_654_CLEANED 	score:  16.0633935149 	['874', '654']
Different result at pos:  4 	 best  ['648'] 	  ['874', '654']
intersection:  set([])
Article first doc:  ['648']
Article saved:  ['648']
Delta:  0.295642021993
-----------------------------------------
Filtering results of query:  H28-26-5
-----------------------------------------
['PARAGRAPH_648_1', 'ARTICLE_648', 'MIX_648_624_CLEANED', 'MIX_1018_648_CLEANED', 'MIX_648_624']
[59.998547099595, 40.505500324344666, 39.32588202094902, 38.51759379545077, 36.62244484531287]
result 0 	doc_id:  PARAGRAPH_648_1 	score:  59.9985470996 	['648']
Article first doc:  ['648']
Article saved:  ['648']
Delta:  None
result 1 	doc_id:  ARTICLE_648 	score:  40.5055003243 	['648']
similar results
Article first doc:  ['648']
Article saved:  ['648']
Delta:  None
result 2 	doc_id:  MIX_648_624_CLEANED 	score:  39.3258820209 	['648', '624']
Different result at pos:  2 	 best  ['648'] 	  ['648', '624']
intersection:  set(['648'])
Reconsidering result to  set(['648'])
Article first doc:  ['648']
Article saved:  set(['648'])
Delta:  None
result 3 	doc_id:  MIX_1018_648_CLEANED 	score:  38.5175937955 	['1018', '648']
Different result at pos:  3 	 best  ['648'] 	  ['1018', '648']
intersection:  set(['648'])
Reconsidering result to  set(['648'])
Article first doc:  ['648']
Article saved:  set(['648'])
Delta:  None
result 4 	doc_id:  MIX_648_624 	score:  36.6224448453 	['648', '624']
Different result at pos:  4 	 best  ['648'] 	  ['648', '624']
intersection:  set(['648'])
Reconsidering result to  set(['648'])
Article first doc:  ['648']
Article saved:  set(['648'])
Delta:  None
-----------------------------------------
Filtering results of query:  H28-11-5
-----------------------------------------
['ARTICLE_334', 'PARAGRAPH_334_0', 'ARTICLE_321', 'PARAGRAPH_321_0', 'PARAGRAPH_330_1']
[21.365907005112103, 21.365907005112103, 18.485960132144427, 18.485960132144427, 17.407433025882842]
result 0 	doc_id:  ARTICLE_334 	score:  21.3659070051 	['334']
Article first doc:  ['334']
Article saved:  ['334']
Delta:  None
result 1 	doc_id:  PARAGRAPH_334_0 	score:  21.3659070051 	['334']
similar results
Article first doc:  ['334']
Article saved:  ['334']
Delta:  None
result 2 	doc_id:  ARTICLE_321 	score:  18.4859601321 	['321']
Different result at pos:  2 	 best  ['334'] 	  ['321']
intersection:  set([])
Article first doc:  ['334']
Article saved:  ['334']
Delta:  2.87994687297
result 3 	doc_id:  PARAGRAPH_321_0 	score:  18.4859601321 	['321']
Different result at pos:  3 	 best  ['334'] 	  ['321']
intersection:  set([])
Article first doc:  ['334']
Article saved:  ['334']
Delta:  2.87994687297
result 4 	doc_id:  PARAGRAPH_330_1 	score:  17.4074330259 	['330']
Different result at pos:  4 	 best  ['334'] 	  ['330']
intersection:  set([])
Article first doc:  ['334']
Article saved:  ['334']
Delta:  2.87994687297
-----------------------------------------
Filtering results of query:  H28-11-2
-----------------------------------------
['ARTICLE_335', 'MIX_305_296_CLEANED', 'ARTICLE_334', 'PARAGRAPH_334_0', 'MIX_350_298_CLEANED']
[26.03260814298973, 24.68308588184263, 24.61723804647, 24.61723804647, 23.730047138993775]
result 0 	doc_id:  ARTICLE_335 	score:  26.032608143 	['335']
Article first doc:  ['335']
Article saved:  ['335']
Delta:  None
result 1 	doc_id:  MIX_305_296_CLEANED 	score:  24.6830858818 	['305', '296']
Different result at pos:  1 	 best  ['335'] 	  ['305', '296']
intersection:  set([])
Article first doc:  ['335']
Article saved:  ['335']
Delta:  1.34952226115
result 2 	doc_id:  ARTICLE_334 	score:  24.6172380465 	['334']
Different result at pos:  2 	 best  ['335'] 	  ['334']
intersection:  set([])
Article first doc:  ['335']
Article saved:  ['335']
Delta:  1.34952226115
result 3 	doc_id:  PARAGRAPH_334_0 	score:  24.6172380465 	['334']
Different result at pos:  3 	 best  ['335'] 	  ['334']
intersection:  set([])
Article first doc:  ['335']
Article saved:  ['335']
Delta:  1.34952226115
result 4 	doc_id:  MIX_350_298_CLEANED 	score:  23.730047139 	['350', '298']
Different result at pos:  4 	 best  ['335'] 	  ['350', '298']
intersection:  set([])
Article first doc:  ['335']
Article saved:  ['335']
Delta:  1.34952226115
-----------------------------------------
Filtering results of query:  H28-11-3
-----------------------------------------
['ARTICLE_302', 'PARAGRAPH_302_0', 'PARAGRAPH_298_1', 'MIX_350_298_CLEANED', 'ARTICLE_298']
[21.968097777908298, 21.968097777908298, 21.16316599156277, 19.994552814615798, 19.39448862415244]
result 0 	doc_id:  ARTICLE_302 	score:  21.9680977779 	['302']
Article first doc:  ['302']
Article saved:  ['302']
Delta:  None
result 1 	doc_id:  PARAGRAPH_302_0 	score:  21.9680977779 	['302']
similar results
Article first doc:  ['302']
Article saved:  ['302']
Delta:  None
result 2 	doc_id:  PARAGRAPH_298_1 	score:  21.1631659916 	['298']
Different result at pos:  2 	 best  ['302'] 	  ['298']
intersection:  set([])
Article first doc:  ['302']
Article saved:  ['302']
Delta:  0.804931786346
result 3 	doc_id:  MIX_350_298_CLEANED 	score:  19.9945528146 	['350', '298']
Different result at pos:  3 	 best  ['302'] 	  ['350', '298']
intersection:  set([])
Article first doc:  ['302']
Article saved:  ['302']
Delta:  0.804931786346
result 4 	doc_id:  ARTICLE_298 	score:  19.3944886242 	['298']
Different result at pos:  4 	 best  ['302'] 	  ['298']
intersection:  set([])
Article first doc:  ['302']
Article saved:  ['302']
Delta:  0.804931786346
-----------------------------------------
Filtering results of query:  H28-10-5
-----------------------------------------
['PARAGRAPH_284_1', 'ARTICLE_284', 'PARAGRAPH_289_0', 'ARTICLE_289', 'PARAGRAPH_283_0']
[26.366812010196064, 21.121125724702118, 16.85713610634061, 16.85713610634061, 15.877848307005486]
result 0 	doc_id:  PARAGRAPH_284_1 	score:  26.3668120102 	['284']
Article first doc:  ['284']
Article saved:  ['284']
Delta:  None
result 1 	doc_id:  ARTICLE_284 	score:  21.1211257247 	['284']
similar results
Article first doc:  ['284']
Article saved:  ['284']
Delta:  None
result 2 	doc_id:  PARAGRAPH_289_0 	score:  16.8571361063 	['289']
Different result at pos:  2 	 best  ['284'] 	  ['289']
intersection:  set([])
Article first doc:  ['284']
Article saved:  ['284']
Delta:  9.50967590386
result 3 	doc_id:  ARTICLE_289 	score:  16.8571361063 	['289']
Different result at pos:  3 	 best  ['284'] 	  ['289']
intersection:  set([])
Article first doc:  ['284']
Article saved:  ['284']
Delta:  9.50967590386
result 4 	doc_id:  PARAGRAPH_283_0 	score:  15.877848307 	['283']
Different result at pos:  4 	 best  ['284'] 	  ['283']
intersection:  set([])
Article first doc:  ['284']
Article saved:  ['284']
Delta:  9.50967590386
-----------------------------------------
Filtering results of query:  H28-1-1
-----------------------------------------
['ARTICLE_798', 'PARAGRAPH_798_0', 'PARAGRAPH_811-2_0', 'ARTICLE_811-2', 'PARAGRAPH_817-3_1']
[20.321426461700497, 20.321426461700497, 19.402028271403836, 19.402028271403836, 15.489182055037308]
result 0 	doc_id:  ARTICLE_798 	score:  20.3214264617 	['798']
Article first doc:  ['798']
Article saved:  ['798']
Delta:  None
result 1 	doc_id:  PARAGRAPH_798_0 	score:  20.3214264617 	['798']
similar results
Article first doc:  ['798']
Article saved:  ['798']
Delta:  None
result 2 	doc_id:  PARAGRAPH_811-2_0 	score:  19.4020282714 	['811-2']
Different result at pos:  2 	 best  ['798'] 	  ['811-2']
intersection:  set([])
Article first doc:  ['798']
Article saved:  ['798']
Delta:  0.919398190297
result 3 	doc_id:  ARTICLE_811-2 	score:  19.4020282714 	['811-2']
Different result at pos:  3 	 best  ['798'] 	  ['811-2']
intersection:  set([])
Article first doc:  ['798']
Article saved:  ['798']
Delta:  0.919398190297
result 4 	doc_id:  PARAGRAPH_817-3_1 	score:  15.489182055 	['817-3']
Different result at pos:  4 	 best  ['798'] 	  ['817-3']
intersection:  set([])
Article first doc:  ['798']
Article saved:  ['798']
Delta:  0.919398190297
-----------------------------------------
Filtering results of query:  H28-4-5
-----------------------------------------
['ARTICLE_115', 'PARAGRAPH_115_0', 'PARAGRAPH_120_2', 'ARTICLE_558', 'PARAGRAPH_558_0']
[20.001154682214345, 20.001154682214345, 15.908367632337935, 15.856508314824536, 15.856508314824536]
result 0 	doc_id:  ARTICLE_115 	score:  20.0011546822 	['115']
Article first doc:  ['115']
Article saved:  ['115']
Delta:  None
result 1 	doc_id:  PARAGRAPH_115_0 	score:  20.0011546822 	['115']
similar results
Article first doc:  ['115']
Article saved:  ['115']
Delta:  None
result 2 	doc_id:  PARAGRAPH_120_2 	score:  15.9083676323 	['120']
Different result at pos:  2 	 best  ['115'] 	  ['120']
intersection:  set([])
Article first doc:  ['115']
Article saved:  ['115']
Delta:  4.09278704988
result 3 	doc_id:  ARTICLE_558 	score:  15.8565083148 	['558']
Different result at pos:  3 	 best  ['115'] 	  ['558']
intersection:  set([])
Article first doc:  ['115']
Article saved:  ['115']
Delta:  4.09278704988
result 4 	doc_id:  PARAGRAPH_558_0 	score:  15.8565083148 	['558']
Different result at pos:  4 	 best  ['115'] 	  ['558']
intersection:  set([])
Article first doc:  ['115']
Article saved:  ['115']
Delta:  4.09278704988
-----------------------------------------
Filtering results of query:  H28-4-4
-----------------------------------------
['PARAGRAPH_104_0', 'ARTICLE_104', 'PARAGRAPH_105_1', 'ARTICLE_105', 'ARTICLE_106']
[29.62427107793062, 29.62427107793062, 24.39300412732304, 23.851960081330866, 23.51493642584025]
result 0 	doc_id:  PARAGRAPH_104_0 	score:  29.6242710779 	['104']
Article first doc:  ['104']
Article saved:  ['104']
Delta:  None
result 1 	doc_id:  ARTICLE_104 	score:  29.6242710779 	['104']
similar results
Article first doc:  ['104']
Article saved:  ['104']
Delta:  None
result 2 	doc_id:  PARAGRAPH_105_1 	score:  24.3930041273 	['105']
Different result at pos:  2 	 best  ['104'] 	  ['105']
intersection:  set([])
Article first doc:  ['104']
Article saved:  ['104']
Delta:  5.23126695061
result 3 	doc_id:  ARTICLE_105 	score:  23.8519600813 	['105']
Different result at pos:  3 	 best  ['104'] 	  ['105']
intersection:  set([])
Article first doc:  ['104']
Article saved:  ['104']
Delta:  5.23126695061
result 4 	doc_id:  ARTICLE_106 	score:  23.5149364258 	['106']
Different result at pos:  4 	 best  ['104'] 	  ['106']
intersection:  set([])
Article first doc:  ['104']
Article saved:  ['104']
Delta:  5.23126695061
-----------------------------------------
Filtering results of query:  H28-30-3
-----------------------------------------
['PARAGRAPH_737_1', 'ARTICLE_737', 'ARTICLE_818', 'PARAGRAPH_818_3', 'PARAGRAPH_789_2']
[27.158385729348808, 21.58774047080894, 17.581324425958957, 16.876848710952604, 16.038836789735477]
result 0 	doc_id:  PARAGRAPH_737_1 	score:  27.1583857293 	['737']
Article first doc:  ['737']
Article saved:  ['737']
Delta:  None
result 1 	doc_id:  ARTICLE_737 	score:  21.5877404708 	['737']
similar results
Article first doc:  ['737']
Article saved:  ['737']
Delta:  None
result 2 	doc_id:  ARTICLE_818 	score:  17.581324426 	['818']
Different result at pos:  2 	 best  ['737'] 	  ['818']
intersection:  set([])
Article first doc:  ['737']
Article saved:  ['737']
Delta:  9.57706130339
result 3 	doc_id:  PARAGRAPH_818_3 	score:  16.876848711 	['818']
Different result at pos:  3 	 best  ['737'] 	  ['818']
intersection:  set([])
Article first doc:  ['737']
Article saved:  ['737']
Delta:  9.57706130339
result 4 	doc_id:  PARAGRAPH_789_2 	score:  16.0388367897 	['789']
Different result at pos:  4 	 best  ['737'] 	  ['789']
intersection:  set([])
Article first doc:  ['737']
Article saved:  ['737']
Delta:  9.57706130339
-----------------------------------------
Filtering results of query:  H28-30-2
-----------------------------------------
['PARAGRAPH_867_1', 'PARAGRAPH_818_3', 'MIX_860_826_CLEANED', 'ARTICLE_818', 'PARAGRAPH_868_0']
[21.12234007675006, 21.00634869807358, 20.66779683171826, 20.66261529609183, 19.72288036975161]
result 0 	doc_id:  PARAGRAPH_867_1 	score:  21.1223400768 	['867']
Article first doc:  ['867']
Article saved:  ['867']
Delta:  None
result 1 	doc_id:  PARAGRAPH_818_3 	score:  21.0063486981 	['818']
Different result at pos:  1 	 best  ['867'] 	  ['818']
intersection:  set([])
Article first doc:  ['867']
Article saved:  ['867']
Delta:  0.115991378676
result 2 	doc_id:  MIX_860_826_CLEANED 	score:  20.6677968317 	['860', '826']
Different result at pos:  2 	 best  ['867'] 	  ['860', '826']
intersection:  set([])
Article first doc:  ['867']
Article saved:  ['867']
Delta:  0.115991378676
result 3 	doc_id:  ARTICLE_818 	score:  20.6626152961 	['818']
Different result at pos:  3 	 best  ['867'] 	  ['818']
intersection:  set([])
Article first doc:  ['867']
Article saved:  ['867']
Delta:  0.115991378676
result 4 	doc_id:  PARAGRAPH_868_0 	score:  19.7228803698 	['868']
Different result at pos:  4 	 best  ['867'] 	  ['868']
intersection:  set([])
Article first doc:  ['867']
Article saved:  ['867']
Delta:  0.115991378676
-----------------------------------------
Filtering results of query:  H28-4-1
-----------------------------------------
['PARAGRAPH_117_2', 'ARTICLE_117', 'MIX_118_117_CLEANED', 'PARAGRAPH_113_1', 'PARAGRAPH_117_1']
[47.01134630038298, 45.58016754534202, 44.68303036796324, 39.77616581207112, 39.60210877752275]
result 0 	doc_id:  PARAGRAPH_117_2 	score:  47.0113463004 	['117']
Article first doc:  ['117']
Article saved:  ['117']
Delta:  None
result 1 	doc_id:  ARTICLE_117 	score:  45.5801675453 	['117']
similar results
Article first doc:  ['117']
Article saved:  ['117']
Delta:  None
result 2 	doc_id:  MIX_118_117_CLEANED 	score:  44.683030368 	['118', '117']
Different result at pos:  2 	 best  ['117'] 	  ['118', '117']
intersection:  set(['117'])
Reconsidering result to  set(['117'])
Article first doc:  ['117']
Article saved:  set(['117'])
Delta:  None
result 3 	doc_id:  PARAGRAPH_113_1 	score:  39.7761658121 	['113']
Different result at pos:  3 	 best  ['117'] 	  ['113']
intersection:  set([])
Article first doc:  ['117']
Article saved:  set(['117'])
Delta:  7.23518048831
result 4 	doc_id:  PARAGRAPH_117_1 	score:  39.6021087775 	['117']
similar results
Article first doc:  ['117']
Article saved:  set(['117'])
Delta:  7.23518048831
-----------------------------------------
Filtering results of query:  H28-20-3
-----------------------------------------
['PARAGRAPH_503_1', 'ARTICLE_503', 'PARAGRAPH_503_2', 'PARAGRAPH_502_1', 'ARTICLE_502']
[42.90070363373203, 39.01548254239586, 26.435956534527623, 17.634337163444425, 17.33879871394986]
result 0 	doc_id:  PARAGRAPH_503_1 	score:  42.9007036337 	['503']
Article first doc:  ['503']
Article saved:  ['503']
Delta:  None
result 1 	doc_id:  ARTICLE_503 	score:  39.0154825424 	['503']
similar results
Article first doc:  ['503']
Article saved:  ['503']
Delta:  None
result 2 	doc_id:  PARAGRAPH_503_2 	score:  26.4359565345 	['503']
similar results
Article first doc:  ['503']
Article saved:  ['503']
Delta:  None
result 3 	doc_id:  PARAGRAPH_502_1 	score:  17.6343371634 	['502']
Different result at pos:  3 	 best  ['503'] 	  ['502']
intersection:  set([])
Article first doc:  ['503']
Article saved:  ['503']
Delta:  25.2663664703
result 4 	doc_id:  ARTICLE_502 	score:  17.3387987139 	['502']
Different result at pos:  4 	 best  ['503'] 	  ['502']
intersection:  set([])
Article first doc:  ['503']
Article saved:  ['503']
Delta:  25.2663664703
-----------------------------------------
Filtering results of query:  H28-4-3
-----------------------------------------
['ARTICLE_104', 'PARAGRAPH_104_0', 'PARAGRAPH_106_0', 'ARTICLE_106', 'PARAGRAPH_105_1']
[43.61863607471304, 43.61863607471304, 36.22609876773197, 36.22609876773197, 28.368787261422643]
result 0 	doc_id:  ARTICLE_104 	score:  43.6186360747 	['104']
Article first doc:  ['104']
Article saved:  ['104']
Delta:  None
result 1 	doc_id:  PARAGRAPH_104_0 	score:  43.6186360747 	['104']
similar results
Article first doc:  ['104']
Article saved:  ['104']
Delta:  None
result 2 	doc_id:  PARAGRAPH_106_0 	score:  36.2260987677 	['106']
Different result at pos:  2 	 best  ['104'] 	  ['106']
intersection:  set([])
Article first doc:  ['104']
Article saved:  ['104']
Delta:  7.39253730698
result 3 	doc_id:  ARTICLE_106 	score:  36.2260987677 	['106']
Different result at pos:  3 	 best  ['104'] 	  ['106']
intersection:  set([])
Article first doc:  ['104']
Article saved:  ['104']
Delta:  7.39253730698
result 4 	doc_id:  PARAGRAPH_105_1 	score:  28.3687872614 	['105']
Different result at pos:  4 	 best  ['104'] 	  ['105']
intersection:  set([])
Article first doc:  ['104']
Article saved:  ['104']
Delta:  7.39253730698
-----------------------------------------
Filtering results of query:  H28-4-2
-----------------------------------------
['PARAGRAPH_111_1', 'ARTICLE_111', 'PARAGRAPH_115_0', 'ARTICLE_115', 'PARAGRAPH_103_0']
[57.14877660922906, 44.109487995809715, 23.512533910239885, 23.512533910239885, 22.850455114919782]
result 0 	doc_id:  PARAGRAPH_111_1 	score:  57.1487766092 	['111']
Article first doc:  ['111']
Article saved:  ['111']
Delta:  None
result 1 	doc_id:  ARTICLE_111 	score:  44.1094879958 	['111']
similar results
Article first doc:  ['111']
Article saved:  ['111']
Delta:  None
result 2 	doc_id:  PARAGRAPH_115_0 	score:  23.5125339102 	['115']
Different result at pos:  2 	 best  ['111'] 	  ['115']
intersection:  set([])
Article first doc:  ['111']
Article saved:  ['111']
Delta:  33.636242699
result 3 	doc_id:  ARTICLE_115 	score:  23.5125339102 	['115']
Different result at pos:  3 	 best  ['111'] 	  ['115']
intersection:  set([])
Article first doc:  ['111']
Article saved:  ['111']
Delta:  33.636242699
result 4 	doc_id:  PARAGRAPH_103_0 	score:  22.8504551149 	['103']
Different result at pos:  4 	 best  ['111'] 	  ['103']
intersection:  set([])
Article first doc:  ['111']
Article saved:  ['111']
Delta:  33.636242699
-----------------------------------------
Filtering results of query:  H28-23-4
-----------------------------------------
['PARAGRAPH_579_0', 'ARTICLE_579', 'ARTICLE_575', 'PARAGRAPH_574_0', 'ARTICLE_574']
[33.15033333010293, 33.15033333010293, 31.79987764415999, 31.489437400798224, 31.489437400798224]
result 0 	doc_id:  PARAGRAPH_579_0 	score:  33.1503333301 	['579']
Article first doc:  ['579']
Article saved:  ['579']
Delta:  None
result 1 	doc_id:  ARTICLE_579 	score:  33.1503333301 	['579']
similar results
Article first doc:  ['579']
Article saved:  ['579']
Delta:  None
result 2 	doc_id:  ARTICLE_575 	score:  31.7998776442 	['575']
Different result at pos:  2 	 best  ['579'] 	  ['575']
intersection:  set([])
Article first doc:  ['579']
Article saved:  ['579']
Delta:  1.35045568594
result 3 	doc_id:  PARAGRAPH_574_0 	score:  31.4894374008 	['574']
Different result at pos:  3 	 best  ['579'] 	  ['574']
intersection:  set([])
Article first doc:  ['579']
Article saved:  ['579']
Delta:  1.35045568594
result 4 	doc_id:  ARTICLE_574 	score:  31.4894374008 	['574']
Different result at pos:  4 	 best  ['579'] 	  ['574']
intersection:  set([])
Article first doc:  ['579']
Article saved:  ['579']
Delta:  1.35045568594
-----------------------------------------
Filtering results of query:  H28-24-4
-----------------------------------------
['MIX_570_566_CLEANED', 'MIX_571_570_CLEANED', 'MIX_570_566', 'PARAGRAPH_570_0', 'ARTICLE_570']
[32.48552212032138, 29.306933154350908, 27.86450181253654, 26.112377196614506, 26.112377196614506]
result 0 	doc_id:  MIX_570_566_CLEANED 	score:  32.4855221203 	['570', '566']
Article first doc:  ['570', '566']
Article saved:  ['570', '566']
Delta:  None
result 1 	doc_id:  MIX_571_570_CLEANED 	score:  29.3069331544 	['571', '570']
Different result at pos:  1 	 best  ['570', '566'] 	  ['571', '570']
intersection:  set(['570'])
Reconsidering result to  set(['570'])
Article first doc:  ['570', '566']
Article saved:  set(['570'])
Delta:  None
result 2 	doc_id:  MIX_570_566 	score:  27.8645018125 	['570', '566']
similar results
Article first doc:  ['570', '566']
Article saved:  set(['570'])
Delta:  None
result 3 	doc_id:  PARAGRAPH_570_0 	score:  26.1123771966 	['570']
Different result at pos:  3 	 best  ['570', '566'] 	  ['570']
intersection:  set(['570'])
Reconsidering result to  set(['570'])
Article first doc:  ['570', '566']
Article saved:  set(['570'])
Delta:  None
result 4 	doc_id:  ARTICLE_570 	score:  26.1123771966 	['570']
Different result at pos:  4 	 best  ['570', '566'] 	  ['570']
intersection:  set(['570'])
Reconsidering result to  set(['570'])
Article first doc:  ['570', '566']
Article saved:  set(['570'])
Delta:  None
-----------------------------------------
Filtering results of query:  H28-17-1
-----------------------------------------
['ARTICLE_428', 'PARAGRAPH_428_0', 'PARAGRAPH_417_0', 'ARTICLE_417', 'MIX_722_417_CLEANED']
[34.08946501124717, 34.08946501124717, 28.551912353720695, 28.551912353720695, 20.719930354523747]
result 0 	doc_id:  ARTICLE_428 	score:  34.0894650112 	['428']
Article first doc:  ['428']
Article saved:  ['428']
Delta:  None
result 1 	doc_id:  PARAGRAPH_428_0 	score:  34.0894650112 	['428']
similar results
Article first doc:  ['428']
Article saved:  ['428']
Delta:  None
result 2 	doc_id:  PARAGRAPH_417_0 	score:  28.5519123537 	['417']
Different result at pos:  2 	 best  ['428'] 	  ['417']
intersection:  set([])
Article first doc:  ['428']
Article saved:  ['428']
Delta:  5.53755265753
result 3 	doc_id:  ARTICLE_417 	score:  28.5519123537 	['417']
Different result at pos:  3 	 best  ['428'] 	  ['417']
intersection:  set([])
Article first doc:  ['428']
Article saved:  ['428']
Delta:  5.53755265753
result 4 	doc_id:  MIX_722_417_CLEANED 	score:  20.7199303545 	['722', '417']
Different result at pos:  4 	 best  ['428'] 	  ['722', '417']
intersection:  set([])
Article first doc:  ['428']
Article saved:  ['428']
Delta:  5.53755265753
-----------------------------------------
Filtering results of query:  H28-3-2
-----------------------------------------
['PARAGRAPH_540_1', 'ARTICLE_540', 'PARAGRAPH_98-2_0', 'ARTICLE_98-2', 'ARTICLE_542']
[23.753985049638366, 22.77847469933848, 20.37275201905239, 20.37275201905239, 17.528343116330788]
result 0 	doc_id:  PARAGRAPH_540_1 	score:  23.7539850496 	['540']
Article first doc:  ['540']
Article saved:  ['540']
Delta:  None
result 1 	doc_id:  ARTICLE_540 	score:  22.7784746993 	['540']
similar results
Article first doc:  ['540']
Article saved:  ['540']
Delta:  None
result 2 	doc_id:  PARAGRAPH_98-2_0 	score:  20.3727520191 	['98-2']
Different result at pos:  2 	 best  ['540'] 	  ['98-2']
intersection:  set([])
Article first doc:  ['540']
Article saved:  ['540']
Delta:  3.38123303059
result 3 	doc_id:  ARTICLE_98-2 	score:  20.3727520191 	['98-2']
Different result at pos:  3 	 best  ['540'] 	  ['98-2']
intersection:  set([])
Article first doc:  ['540']
Article saved:  ['540']
Delta:  3.38123303059
result 4 	doc_id:  ARTICLE_542 	score:  17.5283431163 	['542']
Different result at pos:  4 	 best  ['540'] 	  ['542']
intersection:  set([])
Article first doc:  ['540']
Article saved:  ['540']
Delta:  3.38123303059
-----------------------------------------
Filtering results of query:  H28-3-3
-----------------------------------------
['PARAGRAPH_97_2', 'ARTICLE_97', 'PARAGRAPH_526_1', 'ARTICLE_527', 'PARAGRAPH_527_1']
[27.242098885374908, 26.218880621624518, 25.993783441740327, 21.784324229486707, 21.25886086940725]
result 0 	doc_id:  PARAGRAPH_97_2 	score:  27.2420988854 	['97']
Article first doc:  ['97']
Article saved:  ['97']
Delta:  None
result 1 	doc_id:  ARTICLE_97 	score:  26.2188806216 	['97']
similar results
Article first doc:  ['97']
Article saved:  ['97']
Delta:  None
result 2 	doc_id:  PARAGRAPH_526_1 	score:  25.9937834417 	['526']
Different result at pos:  2 	 best  ['97'] 	  ['526']
intersection:  set([])
Article first doc:  ['97']
Article saved:  ['97']
Delta:  1.24831544363
result 3 	doc_id:  ARTICLE_527 	score:  21.7843242295 	['527']
Different result at pos:  3 	 best  ['97'] 	  ['527']
intersection:  set([])
Article first doc:  ['97']
Article saved:  ['97']
Delta:  1.24831544363
result 4 	doc_id:  PARAGRAPH_527_1 	score:  21.2588608694 	['527']
Different result at pos:  4 	 best  ['97'] 	  ['527']
intersection:  set([])
Article first doc:  ['97']
Article saved:  ['97']
Delta:  1.24831544363
-----------------------------------------
Filtering results of query:  H28-32-1
-----------------------------------------
['PARAGRAPH_877_2', 'ARTICLE_877', 'PARAGRAPH_878_0', 'ARTICLE_878', 'PARAGRAPH_880_0']
[52.30438524626148, 44.077710535801884, 29.14492479779259, 29.14492479779259, 28.761560776075164]
result 0 	doc_id:  PARAGRAPH_877_2 	score:  52.3043852463 	['877']
Article first doc:  ['877']
Article saved:  ['877']
Delta:  None
result 1 	doc_id:  ARTICLE_877 	score:  44.0777105358 	['877']
similar results
Article first doc:  ['877']
Article saved:  ['877']
Delta:  None
result 2 	doc_id:  PARAGRAPH_878_0 	score:  29.1449247978 	['878']
Different result at pos:  2 	 best  ['877'] 	  ['878']
intersection:  set([])
Article first doc:  ['877']
Article saved:  ['877']
Delta:  23.1594604485
result 3 	doc_id:  ARTICLE_878 	score:  29.1449247978 	['878']
Different result at pos:  3 	 best  ['877'] 	  ['878']
intersection:  set([])
Article first doc:  ['877']
Article saved:  ['877']
Delta:  23.1594604485
result 4 	doc_id:  PARAGRAPH_880_0 	score:  28.7615607761 	['880']
Different result at pos:  4 	 best  ['877'] 	  ['880']
intersection:  set([])
Article first doc:  ['877']
Article saved:  ['877']
Delta:  23.1594604485
-----------------------------------------
Filtering results of query:  H28-3-1
-----------------------------------------
['PARAGRAPH_9_0', 'ARTICLE_9', 'ARTICLE_310', 'PARAGRAPH_310_0', 'PARAGRAPH_738_0']
[37.300745695158504, 37.300745695158504, 16.373119174253517, 16.373119174253517, 15.734215748023866]
result 0 	doc_id:  PARAGRAPH_9_0 	score:  37.3007456952 	['9']
Article first doc:  ['9']
Article saved:  ['9']
Delta:  None
result 1 	doc_id:  ARTICLE_9 	score:  37.3007456952 	['9']
similar results
Article first doc:  ['9']
Article saved:  ['9']
Delta:  None
result 2 	doc_id:  ARTICLE_310 	score:  16.3731191743 	['310']
Different result at pos:  2 	 best  ['9'] 	  ['310']
intersection:  set([])
Article first doc:  ['9']
Article saved:  ['9']
Delta:  20.9276265209
result 3 	doc_id:  PARAGRAPH_310_0 	score:  16.3731191743 	['310']
Different result at pos:  3 	 best  ['9'] 	  ['310']
intersection:  set([])
Article first doc:  ['9']
Article saved:  ['9']
Delta:  20.9276265209
result 4 	doc_id:  PARAGRAPH_738_0 	score:  15.734215748 	['738']
Different result at pos:  4 	 best  ['9'] 	  ['738']
intersection:  set([])
Article first doc:  ['9']
Article saved:  ['9']
Delta:  20.9276265209
-----------------------------------------
Filtering results of query:  H28-21-4
-----------------------------------------
['PARAGRAPH_465-3_1', 'PARAGRAPH_465-3_2', 'MIX_465-3_446_CLEANED', 'ARTICLE_465-3', 'MIX_465-3_446']
[60.666459570693846, 60.17308627423166, 56.126902127002246, 55.86943152371162, 52.725035320381]
result 0 	doc_id:  PARAGRAPH_465-3_1 	score:  60.6664595707 	['465-3']
Article first doc:  ['465-3']
Article saved:  ['465-3']
Delta:  None
result 1 	doc_id:  PARAGRAPH_465-3_2 	score:  60.1730862742 	['465-3']
similar results
Article first doc:  ['465-3']
Article saved:  ['465-3']
Delta:  None
result 2 	doc_id:  MIX_465-3_446_CLEANED 	score:  56.126902127 	['465-3', '446']
Different result at pos:  2 	 best  ['465-3'] 	  ['465-3', '446']
intersection:  set(['465-3'])
Reconsidering result to  set(['465-3'])
Article first doc:  ['465-3']
Article saved:  set(['465-3'])
Delta:  None
result 3 	doc_id:  ARTICLE_465-3 	score:  55.8694315237 	['465-3']
similar results
Article first doc:  ['465-3']
Article saved:  set(['465-3'])
Delta:  None
result 4 	doc_id:  MIX_465-3_446 	score:  52.7250353204 	['465-3', '446']
Different result at pos:  4 	 best  ['465-3'] 	  ['465-3', '446']
intersection:  set(['465-3'])
Reconsidering result to  set(['465-3'])
Article first doc:  ['465-3']
Article saved:  set(['465-3'])
Delta:  None
-----------------------------------------
Filtering results of query:  H28-3-4
-----------------------------------------
['PARAGRAPH_97_2', 'ARTICLE_97', 'PARAGRAPH_526_1', 'ARTICLE_526', 'PARAGRAPH_548_2']
[27.242098885374908, 26.218880621624518, 25.993783441740327, 19.662477003837996, 18.720453208602915]
result 0 	doc_id:  PARAGRAPH_97_2 	score:  27.2420988854 	['97']
Article first doc:  ['97']
Article saved:  ['97']
Delta:  None
result 1 	doc_id:  ARTICLE_97 	score:  26.2188806216 	['97']
similar results
Article first doc:  ['97']
Article saved:  ['97']
Delta:  None
result 2 	doc_id:  PARAGRAPH_526_1 	score:  25.9937834417 	['526']
Different result at pos:  2 	 best  ['97'] 	  ['526']
intersection:  set([])
Article first doc:  ['97']
Article saved:  ['97']
Delta:  1.24831544363
result 3 	doc_id:  ARTICLE_526 	score:  19.6624770038 	['526']
Different result at pos:  3 	 best  ['97'] 	  ['526']
intersection:  set([])
Article first doc:  ['97']
Article saved:  ['97']
Delta:  1.24831544363
result 4 	doc_id:  PARAGRAPH_548_2 	score:  18.7204532086 	['548']
Different result at pos:  4 	 best  ['97'] 	  ['548']
intersection:  set([])
Article first doc:  ['97']
Article saved:  ['97']
Delta:  1.24831544363
-----------------------------------------
Filtering results of query:  H28-3-5
-----------------------------------------
['PARAGRAPH_526_1', 'ARTICLE_526', 'PARAGRAPH_97_2', 'ARTICLE_97', 'ARTICLE_527']
[35.80636699940419, 28.49580965003912, 27.242098885374908, 24.790631997883132, 21.742938937571285]
result 0 	doc_id:  PARAGRAPH_526_1 	score:  35.8063669994 	['526']
Article first doc:  ['526']
Article saved:  ['526']
Delta:  None
result 1 	doc_id:  ARTICLE_526 	score:  28.49580965 	['526']
similar results
Article first doc:  ['526']
Article saved:  ['526']
Delta:  None
result 2 	doc_id:  PARAGRAPH_97_2 	score:  27.2420988854 	['97']
Different result at pos:  2 	 best  ['526'] 	  ['97']
intersection:  set([])
Article first doc:  ['526']
Article saved:  ['526']
Delta:  8.56426811403
result 3 	doc_id:  ARTICLE_97 	score:  24.7906319979 	['97']
Different result at pos:  3 	 best  ['526'] 	  ['97']
intersection:  set([])
Article first doc:  ['526']
Article saved:  ['526']
Delta:  8.56426811403
result 4 	doc_id:  ARTICLE_527 	score:  21.7429389376 	['527']
Different result at pos:  4 	 best  ['526'] 	  ['527']
intersection:  set([])
Article first doc:  ['526']
Article saved:  ['526']
Delta:  8.56426811403
-----------------------------------------
Filtering results of query:  H28-1-4
-----------------------------------------
['PARAGRAPH_5_1', 'ARTICLE_5', 'ARTICLE_120', 'PARAGRAPH_120_1', 'ARTICLE_108']
[34.66256282949002, 30.06525996995888, 24.94562337508853, 24.877081598081674, 24.79222203154348]
result 0 	doc_id:  PARAGRAPH_5_1 	score:  34.6625628295 	['5']
Article first doc:  ['5']
Article saved:  ['5']
Delta:  None
result 1 	doc_id:  ARTICLE_5 	score:  30.06525997 	['5']
similar results
Article first doc:  ['5']
Article saved:  ['5']
Delta:  None
result 2 	doc_id:  ARTICLE_120 	score:  24.9456233751 	['120']
Different result at pos:  2 	 best  ['5'] 	  ['120']
intersection:  set([])
Article first doc:  ['5']
Article saved:  ['5']
Delta:  9.7169394544
result 3 	doc_id:  PARAGRAPH_120_1 	score:  24.8770815981 	['120']
Different result at pos:  3 	 best  ['5'] 	  ['120']
intersection:  set([])
Article first doc:  ['5']
Article saved:  ['5']
Delta:  9.7169394544
result 4 	doc_id:  ARTICLE_108 	score:  24.7922220315 	['108']
Different result at pos:  4 	 best  ['5'] 	  ['108']
intersection:  set([])
Article first doc:  ['5']
Article saved:  ['5']
Delta:  9.7169394544
-----------------------------------------
Filtering results of query:  H28-1-5
-----------------------------------------
['PARAGRAPH_158_1', 'ARTICLE_158', 'PARAGRAPH_5_1', 'PARAGRAPH_5_3', 'ARTICLE_5']
[14.118146571381324, 12.752664858669046, 12.504165348065673, 12.12039359694511, 11.624214974329991]
result 0 	doc_id:  PARAGRAPH_158_1 	score:  14.1181465714 	['158']
Article first doc:  ['158']
Article saved:  ['158']
Delta:  None
result 1 	doc_id:  ARTICLE_158 	score:  12.7526648587 	['158']
similar results
Article first doc:  ['158']
Article saved:  ['158']
Delta:  None
result 2 	doc_id:  PARAGRAPH_5_1 	score:  12.5041653481 	['5']
Different result at pos:  2 	 best  ['158'] 	  ['5']
intersection:  set([])
Article first doc:  ['158']
Article saved:  ['158']
Delta:  1.61398122332
result 3 	doc_id:  PARAGRAPH_5_3 	score:  12.1203935969 	['5']
Different result at pos:  3 	 best  ['158'] 	  ['5']
intersection:  set([])
Article first doc:  ['158']
Article saved:  ['158']
Delta:  1.61398122332
result 4 	doc_id:  ARTICLE_5 	score:  11.6242149743 	['5']
Different result at pos:  4 	 best  ['158'] 	  ['5']
intersection:  set([])
Article first doc:  ['158']
Article saved:  ['158']
Delta:  1.61398122332
-----------------------------------------
Filtering results of query:  H28-22-2
-----------------------------------------
['PARAGRAPH_572_0', 'ARTICLE_572', 'MIX_571_570_CLEANED', 'PARAGRAPH_570_0', 'ARTICLE_570']
[25.823362974159984, 25.823362974159984, 25.06051927743644, 22.403476009208894, 22.403476009208894]
result 0 	doc_id:  PARAGRAPH_572_0 	score:  25.8233629742 	['572']
Article first doc:  ['572']
Article saved:  ['572']
Delta:  None
result 1 	doc_id:  ARTICLE_572 	score:  25.8233629742 	['572']
similar results
Article first doc:  ['572']
Article saved:  ['572']
Delta:  None
result 2 	doc_id:  MIX_571_570_CLEANED 	score:  25.0605192774 	['571', '570']
Different result at pos:  2 	 best  ['572'] 	  ['571', '570']
intersection:  set([])
Article first doc:  ['572']
Article saved:  ['572']
Delta:  0.762843696724
result 3 	doc_id:  PARAGRAPH_570_0 	score:  22.4034760092 	['570']
Different result at pos:  3 	 best  ['572'] 	  ['570']
intersection:  set([])
Article first doc:  ['572']
Article saved:  ['572']
Delta:  0.762843696724
result 4 	doc_id:  ARTICLE_570 	score:  22.4034760092 	['570']
Different result at pos:  4 	 best  ['572'] 	  ['570']
intersection:  set([])
Article first doc:  ['572']
Article saved:  ['572']
Delta:  0.762843696724
-----------------------------------------
Filtering results of query:  H28-22-4
-----------------------------------------
['PARAGRAPH_613_1', 'ARTICLE_606', 'ARTICLE_613', 'PARAGRAPH_606_1', 'PARAGRAPH_615_0']
[41.714279743609154, 37.69856441998421, 37.12542716755163, 36.56403553258307, 29.595615554146118]
result 0 	doc_id:  PARAGRAPH_613_1 	score:  41.7142797436 	['613']
Article first doc:  ['613']
Article saved:  ['613']
Delta:  None
result 1 	doc_id:  ARTICLE_606 	score:  37.69856442 	['606']
Different result at pos:  1 	 best  ['613'] 	  ['606']
intersection:  set([])
Article first doc:  ['613']
Article saved:  ['613']
Delta:  4.01571532362
result 2 	doc_id:  ARTICLE_613 	score:  37.1254271676 	['613']
similar results
Article first doc:  ['613']
Article saved:  ['613']
Delta:  4.01571532362
result 3 	doc_id:  PARAGRAPH_606_1 	score:  36.5640355326 	['606']
Different result at pos:  3 	 best  ['613'] 	  ['606']
intersection:  set([])
Article first doc:  ['613']
Article saved:  ['613']
Delta:  4.01571532362
result 4 	doc_id:  PARAGRAPH_615_0 	score:  29.5956155541 	['615']
Different result at pos:  4 	 best  ['613'] 	  ['615']
intersection:  set([])
Article first doc:  ['613']
Article saved:  ['613']
Delta:  4.01571532362
-----------------------------------------
Filtering results of query:  H28-7-3
-----------------------------------------
['PARAGRAPH_353_0', 'ARTICLE_353', 'PARAGRAPH_352_0', 'ARTICLE_352', 'PARAGRAPH_354_0']
[25.682698314549707, 25.682698314549707, 20.134473797347038, 20.134473797347038, 18.58263881420419]
result 0 	doc_id:  PARAGRAPH_353_0 	score:  25.6826983145 	['353']
Article first doc:  ['353']
Article saved:  ['353']
Delta:  None
result 1 	doc_id:  ARTICLE_353 	score:  25.6826983145 	['353']
similar results
Article first doc:  ['353']
Article saved:  ['353']
Delta:  None
result 2 	doc_id:  PARAGRAPH_352_0 	score:  20.1344737973 	['352']
Different result at pos:  2 	 best  ['353'] 	  ['352']
intersection:  set([])
Article first doc:  ['353']
Article saved:  ['353']
Delta:  5.5482245172
result 3 	doc_id:  ARTICLE_352 	score:  20.1344737973 	['352']
Different result at pos:  3 	 best  ['353'] 	  ['352']
intersection:  set([])
Article first doc:  ['353']
Article saved:  ['353']
Delta:  5.5482245172
result 4 	doc_id:  PARAGRAPH_354_0 	score:  18.5826388142 	['354']
Different result at pos:  4 	 best  ['353'] 	  ['354']
intersection:  set([])
Article first doc:  ['353']
Article saved:  ['353']
Delta:  5.5482245172
-----------------------------------------
Filtering results of query:  H28-1-2
-----------------------------------------
['PARAGRAPH_961_0', 'ARTICLE_961', 'PARAGRAPH_791_3', 'PARAGRAPH_797_1', 'PARAGRAPH_731_0']
[46.56653947801019, 46.56653947801019, 30.578607292579996, 29.841783890811996, 29.569470316387996]
result 0 	doc_id:  PARAGRAPH_961_0 	score:  46.566539478 	['961']
Article first doc:  ['961']
Article saved:  ['961']
Delta:  None
result 1 	doc_id:  ARTICLE_961 	score:  46.566539478 	['961']
similar results
Article first doc:  ['961']
Article saved:  ['961']
Delta:  None
result 2 	doc_id:  PARAGRAPH_791_3 	score:  30.5786072926 	['791']
Different result at pos:  2 	 best  ['961'] 	  ['791']
intersection:  set([])
Article first doc:  ['961']
Article saved:  ['961']
Delta:  15.9879321854
result 3 	doc_id:  PARAGRAPH_797_1 	score:  29.8417838908 	['797']
Different result at pos:  3 	 best  ['961'] 	  ['797']
intersection:  set([])
Article first doc:  ['961']
Article saved:  ['961']
Delta:  15.9879321854
result 4 	doc_id:  PARAGRAPH_731_0 	score:  29.5694703164 	['731']
Different result at pos:  4 	 best  ['961'] 	  ['731']
intersection:  set([])
Article first doc:  ['961']
Article saved:  ['961']
Delta:  15.9879321854
-----------------------------------------
Filtering results of query:  H28-1-3
-----------------------------------------
['PARAGRAPH_6_1', 'ARTICLE_6', 'PARAGRAPH_24_0', 'ARTICLE_24', 'PARAGRAPH_806_3']
[54.33973892908915, 36.06360699924535, 15.077420170636707, 15.077420170636707, 14.788721696101707]
result 0 	doc_id:  PARAGRAPH_6_1 	score:  54.3397389291 	['6']
Article first doc:  ['6']
Article saved:  ['6']
Delta:  None
result 1 	doc_id:  ARTICLE_6 	score:  36.0636069992 	['6']
similar results
Article first doc:  ['6']
Article saved:  ['6']
Delta:  None
result 2 	doc_id:  PARAGRAPH_24_0 	score:  15.0774201706 	['24']
Different result at pos:  2 	 best  ['6'] 	  ['24']
intersection:  set([])
Article first doc:  ['6']
Article saved:  ['6']
Delta:  39.2623187585
result 3 	doc_id:  ARTICLE_24 	score:  15.0774201706 	['24']
Different result at pos:  3 	 best  ['6'] 	  ['24']
intersection:  set([])
Article first doc:  ['6']
Article saved:  ['6']
Delta:  39.2623187585
result 4 	doc_id:  PARAGRAPH_806_3 	score:  14.7887216961 	['806']
Different result at pos:  4 	 best  ['6'] 	  ['806']
intersection:  set([])
Article first doc:  ['6']
Article saved:  ['6']
Delta:  39.2623187585
-----------------------------------------
Filtering results of query:  H28-2-2
-----------------------------------------
['ARTICLE_95', 'PARAGRAPH_95_0', 'PARAGRAPH_96_1', 'ARTICLE_96', 'PARAGRAPH_96_3']
[35.55958859358461, 35.55958859358461, 29.215143976298357, 27.65897248627147, 26.24681924175357]
result 0 	doc_id:  ARTICLE_95 	score:  35.5595885936 	['95']
Article first doc:  ['95']
Article saved:  ['95']
Delta:  None
result 1 	doc_id:  PARAGRAPH_95_0 	score:  35.5595885936 	['95']
similar results
Article first doc:  ['95']
Article saved:  ['95']
Delta:  None
result 2 	doc_id:  PARAGRAPH_96_1 	score:  29.2151439763 	['96']
Different result at pos:  2 	 best  ['95'] 	  ['96']
intersection:  set([])
Article first doc:  ['95']
Article saved:  ['95']
Delta:  6.34444461729
result 3 	doc_id:  ARTICLE_96 	score:  27.6589724863 	['96']
Different result at pos:  3 	 best  ['95'] 	  ['96']
intersection:  set([])
Article first doc:  ['95']
Article saved:  ['95']
Delta:  6.34444461729
result 4 	doc_id:  PARAGRAPH_96_3 	score:  26.2468192418 	['96']
Different result at pos:  4 	 best  ['95'] 	  ['96']
intersection:  set([])
Article first doc:  ['95']
Article saved:  ['95']
Delta:  6.34444461729
-----------------------------------------
Filtering results of query:  H28-2-1
-----------------------------------------
['PARAGRAPH_95_0', 'ARTICLE_95', 'PARAGRAPH_96_1', 'ARTICLE_94', 'ARTICLE_96']
[35.054518516922, 35.054518516922, 18.362131775652436, 18.19427474837507, 18.026463368854717]
result 0 	doc_id:  PARAGRAPH_95_0 	score:  35.0545185169 	['95']
Article first doc:  ['95']
Article saved:  ['95']
Delta:  None
result 1 	doc_id:  ARTICLE_95 	score:  35.0545185169 	['95']
similar results
Article first doc:  ['95']
Article saved:  ['95']
Delta:  None
result 2 	doc_id:  PARAGRAPH_96_1 	score:  18.3621317757 	['96']
Different result at pos:  2 	 best  ['95'] 	  ['96']
intersection:  set([])
Article first doc:  ['95']
Article saved:  ['95']
Delta:  16.6923867413
result 3 	doc_id:  ARTICLE_94 	score:  18.1942747484 	['94']
Different result at pos:  3 	 best  ['95'] 	  ['94']
intersection:  set([])
Article first doc:  ['95']
Article saved:  ['95']
Delta:  16.6923867413
result 4 	doc_id:  ARTICLE_96 	score:  18.0264633689 	['96']
Different result at pos:  4 	 best  ['95'] 	  ['96']
intersection:  set([])
Article first doc:  ['95']
Article saved:  ['95']
Delta:  16.6923867413
-----------------------------------------
Filtering results of query:  H28-22-5
-----------------------------------------
['MIX_666_591_CLEANED', 'MIX_666_591', 'ARTICLE_662', 'PARAGRAPH_662_0', 'PARAGRAPH_591_1']
[43.518732587371765, 35.831721021004846, 34.67550228215945, 34.67550228215945, 34.07757020527392]
result 0 	doc_id:  MIX_666_591_CLEANED 	score:  43.5187325874 	['666', '591']
Article first doc:  ['666', '591']
Article saved:  ['666', '591']
Delta:  None
result 1 	doc_id:  MIX_666_591 	score:  35.831721021 	['666', '591']
similar results
Article first doc:  ['666', '591']
Article saved:  ['666', '591']
Delta:  None
result 2 	doc_id:  ARTICLE_662 	score:  34.6755022822 	['662']
Different result at pos:  2 	 best  ['666', '591'] 	  ['662']
intersection:  set([])
Article first doc:  ['666', '591']
Article saved:  ['666', '591']
Delta:  8.84323030521
result 3 	doc_id:  PARAGRAPH_662_0 	score:  34.6755022822 	['662']
Different result at pos:  3 	 best  ['666', '591'] 	  ['662']
intersection:  set([])
Article first doc:  ['666', '591']
Article saved:  ['666', '591']
Delta:  8.84323030521
result 4 	doc_id:  PARAGRAPH_591_1 	score:  34.0775702053 	['591']
Different result at pos:  4 	 best  ['666', '591'] 	  ['591']
intersection:  set(['591'])
Reconsidering result to  set(['591'])
Article first doc:  ['666', '591']
Article saved:  set(['591'])
Delta:  8.84323030521
-----------------------------------------
Filtering results of query:  H28-20-1
-----------------------------------------
['PARAGRAPH_500_0', 'ARTICLE_500', 'MIX_501_500_CLEANED', 'ARTICLE_422', 'PARAGRAPH_422_0']
[21.041161879859164, 21.041161879859164, 13.236457687512564, 12.840720227544928, 12.840720227544928]
result 0 	doc_id:  PARAGRAPH_500_0 	score:  21.0411618799 	['500']
Article first doc:  ['500']
Article saved:  ['500']
Delta:  None
result 1 	doc_id:  ARTICLE_500 	score:  21.0411618799 	['500']
similar results
Article first doc:  ['500']
Article saved:  ['500']
Delta:  None
result 2 	doc_id:  MIX_501_500_CLEANED 	score:  13.2364576875 	['501', '500']
Different result at pos:  2 	 best  ['500'] 	  ['501', '500']
intersection:  set(['500'])
Reconsidering result to  set(['500'])
Article first doc:  ['500']
Article saved:  set(['500'])
Delta:  None
result 3 	doc_id:  ARTICLE_422 	score:  12.8407202275 	['422']
Different result at pos:  3 	 best  ['500'] 	  ['422']
intersection:  set([])
Article first doc:  ['500']
Article saved:  set(['500'])
Delta:  8.20044165231
result 4 	doc_id:  PARAGRAPH_422_0 	score:  12.8407202275 	['422']
Different result at pos:  4 	 best  ['500'] 	  ['422']
intersection:  set([])
Article first doc:  ['500']
Article saved:  set(['500'])
Delta:  8.20044165231
-----------------------------------------
Filtering results of query:  H28-35-3
-----------------------------------------
['PARAGRAPH_612_1', 'ARTICLE_612', 'PARAGRAPH_398-12_3', 'ARTICLE_314', 'PARAGRAPH_314_0']
[43.703503570430094, 34.27597091320294, 21.970178934180673, 21.785071743203634, 21.785071743203634]
result 0 	doc_id:  PARAGRAPH_612_1 	score:  43.7035035704 	['612']
Article first doc:  ['612']
Article saved:  ['612']
Delta:  None
result 1 	doc_id:  ARTICLE_612 	score:  34.2759709132 	['612']
similar results
Article first doc:  ['612']
Article saved:  ['612']
Delta:  None
result 2 	doc_id:  PARAGRAPH_398-12_3 	score:  21.9701789342 	['398-12']
Different result at pos:  2 	 best  ['612'] 	  ['398-12']
intersection:  set([])
Article first doc:  ['612']
Article saved:  ['612']
Delta:  21.7333246362
result 3 	doc_id:  ARTICLE_314 	score:  21.7850717432 	['314']
Different result at pos:  3 	 best  ['612'] 	  ['314']
intersection:  set([])
Article first doc:  ['612']
Article saved:  ['612']
Delta:  21.7333246362
result 4 	doc_id:  PARAGRAPH_314_0 	score:  21.7850717432 	['314']
Different result at pos:  4 	 best  ['612'] 	  ['314']
intersection:  set([])
Article first doc:  ['612']
Article saved:  ['612']
Delta:  21.7333246362
-----------------------------------------
Filtering results of query:  H28-26-2
-----------------------------------------
['PARAGRAPH_446_2', 'ARTICLE_643', 'PARAGRAPH_643_0', 'ARTICLE_446', 'PARAGRAPH_550_0']
[17.79123202705396, 12.681576700764658, 12.681576700764658, 10.857748346497862, 10.826417161088624]
result 0 	doc_id:  PARAGRAPH_446_2 	score:  17.7912320271 	['446']
Article first doc:  ['446']
Article saved:  ['446']
Delta:  None
result 1 	doc_id:  ARTICLE_643 	score:  12.6815767008 	['643']
Different result at pos:  1 	 best  ['446'] 	  ['643']
intersection:  set([])
Article first doc:  ['446']
Article saved:  ['446']
Delta:  5.10965532629
result 2 	doc_id:  PARAGRAPH_643_0 	score:  12.6815767008 	['643']
Different result at pos:  2 	 best  ['446'] 	  ['643']
intersection:  set([])
Article first doc:  ['446']
Article saved:  ['446']
Delta:  5.10965532629
result 3 	doc_id:  ARTICLE_446 	score:  10.8577483465 	['446']
similar results
Article first doc:  ['446']
Article saved:  ['446']
Delta:  5.10965532629
result 4 	doc_id:  PARAGRAPH_550_0 	score:  10.8264171611 	['550']
Different result at pos:  4 	 best  ['446'] 	  ['550']
intersection:  set([])
Article first doc:  ['446']
Article saved:  ['446']
Delta:  5.10965532629
-----------------------------------------
Filtering results of query:  H28-31-4
-----------------------------------------
['PARAGRAPH_818_2', 'ARTICLE_818', 'PARAGRAPH_818_1', 'ARTICLE_811-2', 'PARAGRAPH_811-2_0']
[22.724184831897453, 20.4581996035135, 16.332256590709626, 15.34247109912246, 15.34247109912246]
result 0 	doc_id:  PARAGRAPH_818_2 	score:  22.7241848319 	['818']
Article first doc:  ['818']
Article saved:  ['818']
Delta:  None
result 1 	doc_id:  ARTICLE_818 	score:  20.4581996035 	['818']
similar results
Article first doc:  ['818']
Article saved:  ['818']
Delta:  None
result 2 	doc_id:  PARAGRAPH_818_1 	score:  16.3322565907 	['818']
similar results
Article first doc:  ['818']
Article saved:  ['818']
Delta:  None
result 3 	doc_id:  ARTICLE_811-2 	score:  15.3424710991 	['811-2']
Different result at pos:  3 	 best  ['818'] 	  ['811-2']
intersection:  set([])
Article first doc:  ['818']
Article saved:  ['818']
Delta:  7.38171373277
result 4 	doc_id:  PARAGRAPH_811-2_0 	score:  15.3424710991 	['811-2']
Different result at pos:  4 	 best  ['818'] 	  ['811-2']
intersection:  set([])
Article first doc:  ['818']
Article saved:  ['818']
Delta:  7.38171373277
-----------------------------------------
Filtering results of query:  H28-31-2
-----------------------------------------
['PARAGRAPH_795_0', 'ARTICLE_795', 'PARAGRAPH_796_0', 'ARTICLE_796', 'PARAGRAPH_816_1']
[41.30036181223327, 41.30036181223327, 35.11263770481815, 35.11263770481815, 23.39033853937659]
result 0 	doc_id:  PARAGRAPH_795_0 	score:  41.3003618122 	['795']
Article first doc:  ['795']
Article saved:  ['795']
Delta:  None
result 1 	doc_id:  ARTICLE_795 	score:  41.3003618122 	['795']
similar results
Article first doc:  ['795']
Article saved:  ['795']
Delta:  None
result 2 	doc_id:  PARAGRAPH_796_0 	score:  35.1126377048 	['796']
Different result at pos:  2 	 best  ['795'] 	  ['796']
intersection:  set([])
Article first doc:  ['795']
Article saved:  ['795']
Delta:  6.18772410742
result 3 	doc_id:  ARTICLE_796 	score:  35.1126377048 	['796']
Different result at pos:  3 	 best  ['795'] 	  ['796']
intersection:  set([])
Article first doc:  ['795']
Article saved:  ['795']
Delta:  6.18772410742
result 4 	doc_id:  PARAGRAPH_816_1 	score:  23.3903385394 	['816']
Different result at pos:  4 	 best  ['795'] 	  ['816']
intersection:  set([])
Article first doc:  ['795']
Article saved:  ['795']
Delta:  6.18772410742
-----------------------------------------
Filtering results of query:  H28-31-3
-----------------------------------------
['PARAGRAPH_794_0', 'ARTICLE_794', 'PARAGRAPH_798_0', 'ARTICLE_798', 'MIX_852_859-3_CLEANED']
[25.481613536749048, 25.481613536749048, 21.814808606234, 21.814808606234, 17.45235854375244]
result 0 	doc_id:  PARAGRAPH_794_0 	score:  25.4816135367 	['794']
Article first doc:  ['794']
Article saved:  ['794']
Delta:  None
result 1 	doc_id:  ARTICLE_794 	score:  25.4816135367 	['794']
similar results
Article first doc:  ['794']
Article saved:  ['794']
Delta:  None
result 2 	doc_id:  PARAGRAPH_798_0 	score:  21.8148086062 	['798']
Different result at pos:  2 	 best  ['794'] 	  ['798']
intersection:  set([])
Article first doc:  ['794']
Article saved:  ['794']
Delta:  3.66680493052
result 3 	doc_id:  ARTICLE_798 	score:  21.8148086062 	['798']
Different result at pos:  3 	 best  ['794'] 	  ['798']
intersection:  set([])
Article first doc:  ['794']
Article saved:  ['794']
Delta:  3.66680493052
result 4 	doc_id:  MIX_852_859-3_CLEANED 	score:  17.4523585438 	['852', '859-3']
Different result at pos:  4 	 best  ['794'] 	  ['852', '859-3']
intersection:  set([])
Article first doc:  ['794']
Article saved:  ['794']
Delta:  3.66680493052
-----------------------------------------
Filtering results of query:  H28-9-4
-----------------------------------------
['ARTICLE_233', 'PARAGRAPH_233_2', 'PARAGRAPH_233_1', 'PARAGRAPH_265_0', 'ARTICLE_265']
[25.025979260067032, 24.60289172590693, 24.54945662293131, 22.156037318550933, 22.156037318550933]
result 0 	doc_id:  ARTICLE_233 	score:  25.0259792601 	['233']
Article first doc:  ['233']
Article saved:  ['233']
Delta:  None
result 1 	doc_id:  PARAGRAPH_233_2 	score:  24.6028917259 	['233']
similar results
Article first doc:  ['233']
Article saved:  ['233']
Delta:  None
result 2 	doc_id:  PARAGRAPH_233_1 	score:  24.5494566229 	['233']
similar results
Article first doc:  ['233']
Article saved:  ['233']
Delta:  None
result 3 	doc_id:  PARAGRAPH_265_0 	score:  22.1560373186 	['265']
Different result at pos:  3 	 best  ['233'] 	  ['265']
intersection:  set([])
Article first doc:  ['233']
Article saved:  ['233']
Delta:  2.86994194152
result 4 	doc_id:  ARTICLE_265 	score:  22.1560373186 	['265']
Different result at pos:  4 	 best  ['233'] 	  ['265']
intersection:  set([])
Article first doc:  ['233']
Article saved:  ['233']
Delta:  2.86994194152
-----------------------------------------
Filtering results of query:  H28-27-2
-----------------------------------------
['ARTICLE_677', 'PARAGRAPH_677_0', 'ARTICLE_675', 'PARAGRAPH_675_0', 'ARTICLE_676']
[23.976082638801934, 23.976082638801934, 14.062551538755514, 14.062551538755514, 12.720001978008117]
result 0 	doc_id:  ARTICLE_677 	score:  23.9760826388 	['677']
Article first doc:  ['677']
Article saved:  ['677']
Delta:  None
result 1 	doc_id:  PARAGRAPH_677_0 	score:  23.9760826388 	['677']
similar results
Article first doc:  ['677']
Article saved:  ['677']
Delta:  None
result 2 	doc_id:  ARTICLE_675 	score:  14.0625515388 	['675']
Different result at pos:  2 	 best  ['677'] 	  ['675']
intersection:  set([])
Article first doc:  ['677']
Article saved:  ['677']
Delta:  9.91353110005
result 3 	doc_id:  PARAGRAPH_675_0 	score:  14.0625515388 	['675']
Different result at pos:  3 	 best  ['677'] 	  ['675']
intersection:  set([])
Article first doc:  ['677']
Article saved:  ['677']
Delta:  9.91353110005
result 4 	doc_id:  ARTICLE_676 	score:  12.720001978 	['676']
Different result at pos:  4 	 best  ['677'] 	  ['676']
intersection:  set([])
Article first doc:  ['677']
Article saved:  ['677']
Delta:  9.91353110005
-----------------------------------------
Filtering results of query:  H28-27-5
-----------------------------------------
['PARAGRAPH_682_0', 'ARTICLE_682', 'PARAGRAPH_670_3', 'MIX_686_670_CLEANED', 'ARTICLE_670']
[60.217631927294036, 60.217631927294036, 26.00268502483443, 24.79930105801021, 23.248921662191613]
result 0 	doc_id:  PARAGRAPH_682_0 	score:  60.2176319273 	['682']
Article first doc:  ['682']
Article saved:  ['682']
Delta:  None
result 1 	doc_id:  ARTICLE_682 	score:  60.2176319273 	['682']
similar results
Article first doc:  ['682']
Article saved:  ['682']
Delta:  None
result 2 	doc_id:  PARAGRAPH_670_3 	score:  26.0026850248 	['670']
Different result at pos:  2 	 best  ['682'] 	  ['670']
intersection:  set([])
Article first doc:  ['682']
Article saved:  ['682']
Delta:  34.2149469025
result 3 	doc_id:  MIX_686_670_CLEANED 	score:  24.799301058 	['686', '670']
Different result at pos:  3 	 best  ['682'] 	  ['686', '670']
intersection:  set([])
Article first doc:  ['682']
Article saved:  ['682']
Delta:  34.2149469025
result 4 	doc_id:  ARTICLE_670 	score:  23.2489216622 	['670']
Different result at pos:  4 	 best  ['682'] 	  ['670']
intersection:  set([])
Article first doc:  ['682']
Article saved:  ['682']
Delta:  34.2149469025
-----------------------------------------
Filtering results of query:  H28-27-4
-----------------------------------------
['PARAGRAPH_681_2', 'PARAGRAPH_680_0', 'ARTICLE_680', 'ARTICLE_681', 'PARAGRAPH_676_1']
[32.130092561192285, 25.739220008700602, 25.739220008700602, 23.55820333218635, 19.88008533000364]
result 0 	doc_id:  PARAGRAPH_681_2 	score:  32.1300925612 	['681']
Article first doc:  ['681']
Article saved:  ['681']
Delta:  None
result 1 	doc_id:  PARAGRAPH_680_0 	score:  25.7392200087 	['680']
Different result at pos:  1 	 best  ['681'] 	  ['680']
intersection:  set([])
Article first doc:  ['681']
Article saved:  ['681']
Delta:  6.39087255249
result 2 	doc_id:  ARTICLE_680 	score:  25.7392200087 	['680']
Different result at pos:  2 	 best  ['681'] 	  ['680']
intersection:  set([])
Article first doc:  ['681']
Article saved:  ['681']
Delta:  6.39087255249
result 3 	doc_id:  ARTICLE_681 	score:  23.5582033322 	['681']
similar results
Article first doc:  ['681']
Article saved:  ['681']
Delta:  6.39087255249
result 4 	doc_id:  PARAGRAPH_676_1 	score:  19.88008533 	['676']
Different result at pos:  4 	 best  ['681'] 	  ['676']
intersection:  set([])
Article first doc:  ['681']
Article saved:  ['681']
Delta:  6.39087255249
-----------------------------------------
Filtering results of query:  H28-34-5
-----------------------------------------
['ARTICLE_1034', 'PARAGRAPH_1034_0', 'PARAGRAPH_1031_0', 'ARTICLE_1031', 'PARAGRAPH_1041_1']
[40.96193828973473, 40.96193828973473, 29.741715994609752, 29.741715994609752, 29.12777484574852]
result 0 	doc_id:  ARTICLE_1034 	score:  40.9619382897 	['1034']
Article first doc:  ['1034']
Article saved:  ['1034']
Delta:  None
result 1 	doc_id:  PARAGRAPH_1034_0 	score:  40.9619382897 	['1034']
similar results
Article first doc:  ['1034']
Article saved:  ['1034']
Delta:  None
result 2 	doc_id:  PARAGRAPH_1031_0 	score:  29.7417159946 	['1031']
Different result at pos:  2 	 best  ['1034'] 	  ['1031']
intersection:  set([])
Article first doc:  ['1034']
Article saved:  ['1034']
Delta:  11.2202222951
result 3 	doc_id:  ARTICLE_1031 	score:  29.7417159946 	['1031']
Different result at pos:  3 	 best  ['1034'] 	  ['1031']
intersection:  set([])
Article first doc:  ['1034']
Article saved:  ['1034']
Delta:  11.2202222951
result 4 	doc_id:  PARAGRAPH_1041_1 	score:  29.1277748457 	['1041']
Different result at pos:  4 	 best  ['1034'] 	  ['1041']
intersection:  set([])
Article first doc:  ['1034']
Article saved:  ['1034']
Delta:  11.2202222951
-----------------------------------------
Filtering results of query:  H28-34-4
-----------------------------------------
['PARAGRAPH_763_0', 'ARTICLE_763', 'PARAGRAPH_750_0', 'ARTICLE_750', 'ARTICLE_752']
[22.09247258968456, 22.09247258968456, 21.590277785959177, 21.590277785959177, 20.882413562764718]
result 0 	doc_id:  PARAGRAPH_763_0 	score:  22.0924725897 	['763']
Article first doc:  ['763']
Article saved:  ['763']
Delta:  None
result 1 	doc_id:  ARTICLE_763 	score:  22.0924725897 	['763']
similar results
Article first doc:  ['763']
Article saved:  ['763']
Delta:  None
result 2 	doc_id:  PARAGRAPH_750_0 	score:  21.590277786 	['750']
Different result at pos:  2 	 best  ['763'] 	  ['750']
intersection:  set([])
Article first doc:  ['763']
Article saved:  ['763']
Delta:  0.502194803725
result 3 	doc_id:  ARTICLE_750 	score:  21.590277786 	['750']
Different result at pos:  3 	 best  ['763'] 	  ['750']
intersection:  set([])
Article first doc:  ['763']
Article saved:  ['763']
Delta:  0.502194803725
result 4 	doc_id:  ARTICLE_752 	score:  20.8824135628 	['752']
Different result at pos:  4 	 best  ['763'] 	  ['752']
intersection:  set([])
Article first doc:  ['763']
Article saved:  ['763']
Delta:  0.502194803725
-----------------------------------------
Filtering results of query:  H28-11-1
-----------------------------------------
['PARAGRAPH_373_0', 'ARTICLE_373', 'ARTICLE_331', 'PARAGRAPH_331_2', 'PARAGRAPH_331_1']
[35.89887319660795, 35.89887319660795, 29.27753273291843, 27.988317121981865, 26.216432384254013]
result 0 	doc_id:  PARAGRAPH_373_0 	score:  35.8988731966 	['373']
Article first doc:  ['373']
Article saved:  ['373']
Delta:  None
result 1 	doc_id:  ARTICLE_373 	score:  35.8988731966 	['373']
similar results
Article first doc:  ['373']
Article saved:  ['373']
Delta:  None
result 2 	doc_id:  ARTICLE_331 	score:  29.2775327329 	['331']
Different result at pos:  2 	 best  ['373'] 	  ['331']
intersection:  set([])
Article first doc:  ['373']
Article saved:  ['373']
Delta:  6.62134046369
result 3 	doc_id:  PARAGRAPH_331_2 	score:  27.988317122 	['331']
Different result at pos:  3 	 best  ['373'] 	  ['331']
intersection:  set([])
Article first doc:  ['373']
Article saved:  ['373']
Delta:  6.62134046369
result 4 	doc_id:  PARAGRAPH_331_1 	score:  26.2164323843 	['331']
Different result at pos:  4 	 best  ['373'] 	  ['331']
intersection:  set([])
Article first doc:  ['373']
Article saved:  ['373']
Delta:  6.62134046369
-----------------------------------------
Filtering results of query:  H28-34-1
-----------------------------------------
['MIX_894_893_CLEANED', 'ARTICLE_893', 'PARAGRAPH_893_0', 'MIX_894_893', 'PARAGRAPH_894_1']
[36.54705662978803, 36.47062018366023, 36.47062018366023, 34.52906447453866, 29.488982365866825]
result 0 	doc_id:  MIX_894_893_CLEANED 	score:  36.5470566298 	['894', '893']
Article first doc:  ['894', '893']
Article saved:  ['894', '893']
Delta:  None
result 1 	doc_id:  ARTICLE_893 	score:  36.4706201837 	['893']
Different result at pos:  1 	 best  ['894', '893'] 	  ['893']
intersection:  set(['893'])
Reconsidering result to  set(['893'])
Article first doc:  ['894', '893']
Article saved:  set(['893'])
Delta:  None
result 2 	doc_id:  PARAGRAPH_893_0 	score:  36.4706201837 	['893']
Different result at pos:  2 	 best  ['894', '893'] 	  ['893']
intersection:  set(['893'])
Reconsidering result to  set(['893'])
Article first doc:  ['894', '893']
Article saved:  set(['893'])
Delta:  None
result 3 	doc_id:  MIX_894_893 	score:  34.5290644745 	['894', '893']
similar results
Article first doc:  ['894', '893']
Article saved:  set(['893'])
Delta:  None
result 4 	doc_id:  PARAGRAPH_894_1 	score:  29.4889823659 	['894']
Different result at pos:  4 	 best  ['894', '893'] 	  ['894']
intersection:  set(['894'])
Reconsidering result to  set(['894'])
Article first doc:  ['894', '893']
Article saved:  set(['894'])
Delta:  None
-----------------------------------------
Filtering results of query:  H28-34-3
-----------------------------------------
['ARTICLE_908', 'PARAGRAPH_908_0', 'PARAGRAPH_902_1', 'ARTICLE_902', 'PARAGRAPH_1006_1']
[52.8254590577365, 52.8254590577365, 31.57585035880878, 27.706895871789694, 26.31157648239442]
result 0 	doc_id:  ARTICLE_908 	score:  52.8254590577 	['908']
Article first doc:  ['908']
Article saved:  ['908']
Delta:  None
result 1 	doc_id:  PARAGRAPH_908_0 	score:  52.8254590577 	['908']
similar results
Article first doc:  ['908']
Article saved:  ['908']
Delta:  None
result 2 	doc_id:  PARAGRAPH_902_1 	score:  31.5758503588 	['902']
Different result at pos:  2 	 best  ['908'] 	  ['902']
intersection:  set([])
Article first doc:  ['908']
Article saved:  ['908']
Delta:  21.2496086989
result 3 	doc_id:  ARTICLE_902 	score:  27.7068958718 	['902']
Different result at pos:  3 	 best  ['908'] 	  ['902']
intersection:  set([])
Article first doc:  ['908']
Article saved:  ['908']
Delta:  21.2496086989
result 4 	doc_id:  PARAGRAPH_1006_1 	score:  26.3115764824 	['1006']
Different result at pos:  4 	 best  ['908'] 	  ['1006']
intersection:  set([])
Article first doc:  ['908']
Article saved:  ['908']
Delta:  21.2496086989
-----------------------------------------
Filtering results of query:  H28-32-5
-----------------------------------------
['ARTICLE_878', 'PARAGRAPH_878_0', 'PARAGRAPH_879_0', 'ARTICLE_879', 'PARAGRAPH_880_0']
[45.88299813900435, 45.88299813900435, 37.838802478327366, 37.838802478327366, 28.715168840659523]
result 0 	doc_id:  ARTICLE_878 	score:  45.882998139 	['878']
Article first doc:  ['878']
Article saved:  ['878']
Delta:  None
result 1 	doc_id:  PARAGRAPH_878_0 	score:  45.882998139 	['878']
similar results
Article first doc:  ['878']
Article saved:  ['878']
Delta:  None
result 2 	doc_id:  PARAGRAPH_879_0 	score:  37.8388024783 	['879']
Different result at pos:  2 	 best  ['878'] 	  ['879']
intersection:  set([])
Article first doc:  ['878']
Article saved:  ['878']
Delta:  8.04419566068
result 3 	doc_id:  ARTICLE_879 	score:  37.8388024783 	['879']
Different result at pos:  3 	 best  ['878'] 	  ['879']
intersection:  set([])
Article first doc:  ['878']
Article saved:  ['878']
Delta:  8.04419566068
result 4 	doc_id:  PARAGRAPH_880_0 	score:  28.7151688407 	['880']
Different result at pos:  4 	 best  ['878'] 	  ['880']
intersection:  set([])
Article first doc:  ['878']
Article saved:  ['878']
Delta:  8.04419566068
-----------------------------------------
Filtering results of query:  H28-27-1
-----------------------------------------
['PARAGRAPH_675_0', 'ARTICLE_675', 'PARAGRAPH_674_1', 'ARTICLE_674', 'PARAGRAPH_677_0']
[61.50304362256138, 61.50304362256138, 29.42435937598395, 26.93269260754443, 20.386319917103744]
result 0 	doc_id:  PARAGRAPH_675_0 	score:  61.5030436226 	['675']
Article first doc:  ['675']
Article saved:  ['675']
Delta:  None
result 1 	doc_id:  ARTICLE_675 	score:  61.5030436226 	['675']
similar results
Article first doc:  ['675']
Article saved:  ['675']
Delta:  None
result 2 	doc_id:  PARAGRAPH_674_1 	score:  29.424359376 	['674']
Different result at pos:  2 	 best  ['675'] 	  ['674']
intersection:  set([])
Article first doc:  ['675']
Article saved:  ['675']
Delta:  32.0786842466
result 3 	doc_id:  ARTICLE_674 	score:  26.9326926075 	['674']
Different result at pos:  3 	 best  ['675'] 	  ['674']
intersection:  set([])
Article first doc:  ['675']
Article saved:  ['675']
Delta:  32.0786842466
result 4 	doc_id:  PARAGRAPH_677_0 	score:  20.3863199171 	['677']
Different result at pos:  4 	 best  ['675'] 	  ['677']
intersection:  set([])
Article first doc:  ['675']
Article saved:  ['675']
Delta:  32.0786842466
-----------------------------------------
Filtering results of query:  H28-30-1
-----------------------------------------
['PARAGRAPH_867_1', 'PARAGRAPH_738_0', 'ARTICLE_738', 'PARAGRAPH_818_3', 'MIX_799_738_CLEANED']
[21.798563913489776, 20.00649837207514, 20.00649837207514, 19.80152444874681, 19.51751454428354]
result 0 	doc_id:  PARAGRAPH_867_1 	score:  21.7985639135 	['867']
Article first doc:  ['867']
Article saved:  ['867']
Delta:  None
result 1 	doc_id:  PARAGRAPH_738_0 	score:  20.0064983721 	['738']
Different result at pos:  1 	 best  ['867'] 	  ['738']
intersection:  set([])
Article first doc:  ['867']
Article saved:  ['867']
Delta:  1.79206554141
result 2 	doc_id:  ARTICLE_738 	score:  20.0064983721 	['738']
Different result at pos:  2 	 best  ['867'] 	  ['738']
intersection:  set([])
Article first doc:  ['867']
Article saved:  ['867']
Delta:  1.79206554141
result 3 	doc_id:  PARAGRAPH_818_3 	score:  19.8015244487 	['818']
Different result at pos:  3 	 best  ['867'] 	  ['818']
intersection:  set([])
Article first doc:  ['867']
Article saved:  ['867']
Delta:  1.79206554141
result 4 	doc_id:  MIX_799_738_CLEANED 	score:  19.5175145443 	['799', '738']
Different result at pos:  4 	 best  ['867'] 	  ['799', '738']
intersection:  set([])
Article first doc:  ['867']
Article saved:  ['867']
Delta:  1.79206554141
-----------------------------------------
Filtering results of query:  H28-16-1
-----------------------------------------
['PARAGRAPH_398-12_1', 'PARAGRAPH_398-13_0', 'ARTICLE_398-13', 'ARTICLE_398-12', 'PARAGRAPH_398-15_0']
[29.719035728701527, 28.826675367653998, 28.826675367653998, 24.38869108525943, 20.92699261709216]
result 0 	doc_id:  PARAGRAPH_398-12_1 	score:  29.7190357287 	['398-12']
Article first doc:  ['398-12']
Article saved:  ['398-12']
Delta:  None
result 1 	doc_id:  PARAGRAPH_398-13_0 	score:  28.8266753677 	['398-13']
Different result at pos:  1 	 best  ['398-12'] 	  ['398-13']
intersection:  set([])
Article first doc:  ['398-12']
Article saved:  ['398-12']
Delta:  0.892360361048
result 2 	doc_id:  ARTICLE_398-13 	score:  28.8266753677 	['398-13']
Different result at pos:  2 	 best  ['398-12'] 	  ['398-13']
intersection:  set([])
Article first doc:  ['398-12']
Article saved:  ['398-12']
Delta:  0.892360361048
result 3 	doc_id:  ARTICLE_398-12 	score:  24.3886910853 	['398-12']
similar results
Article first doc:  ['398-12']
Article saved:  ['398-12']
Delta:  0.892360361048
result 4 	doc_id:  PARAGRAPH_398-15_0 	score:  20.9269926171 	['398-15']
Different result at pos:  4 	 best  ['398-12'] 	  ['398-15']
intersection:  set([])
Article first doc:  ['398-12']
Article saved:  ['398-12']
Delta:  0.892360361048
-----------------------------------------
Filtering results of query:  H28-35-1
-----------------------------------------
['PARAGRAPH_369_2', 'ARTICLE_369', 'PARAGRAPH_370_0', 'ARTICLE_370', 'PARAGRAPH_398_0']
[34.46337184952927, 25.536919923256335, 25.43934827973252, 25.43934827973252, 25.101465346730276]
result 0 	doc_id:  PARAGRAPH_369_2 	score:  34.4633718495 	['369']
Article first doc:  ['369']
Article saved:  ['369']
Delta:  None
result 1 	doc_id:  ARTICLE_369 	score:  25.5369199233 	['369']
similar results
Article first doc:  ['369']
Article saved:  ['369']
Delta:  None
result 2 	doc_id:  PARAGRAPH_370_0 	score:  25.4393482797 	['370']
Different result at pos:  2 	 best  ['369'] 	  ['370']
intersection:  set([])
Article first doc:  ['369']
Article saved:  ['369']
Delta:  9.0240235698
result 3 	doc_id:  ARTICLE_370 	score:  25.4393482797 	['370']
Different result at pos:  3 	 best  ['369'] 	  ['370']
intersection:  set([])
Article first doc:  ['369']
Article saved:  ['369']
Delta:  9.0240235698
result 4 	doc_id:  PARAGRAPH_398_0 	score:  25.1014653467 	['398']
Different result at pos:  4 	 best  ['369'] 	  ['398']
intersection:  set([])
Article first doc:  ['369']
Article saved:  ['369']
Delta:  9.0240235698
-----------------------------------------
Filtering results of query:  H28-16-3
-----------------------------------------
['ARTICLE_398-4', 'PARAGRAPH_398-4_1', 'PARAGRAPH_398-4_3', 'MIX_398-6_398-4_CLEANED', 'MIX_398-8_398-4_CLEANED']
[30.37690351937706, 30.29658560483905, 30.080246090349977, 29.550304089072466, 27.422845910409244]
result 0 	doc_id:  ARTICLE_398-4 	score:  30.3769035194 	['398-4']
Article first doc:  ['398-4']
Article saved:  ['398-4']
Delta:  None
result 1 	doc_id:  PARAGRAPH_398-4_1 	score:  30.2965856048 	['398-4']
similar results
Article first doc:  ['398-4']
Article saved:  ['398-4']
Delta:  None
result 2 	doc_id:  PARAGRAPH_398-4_3 	score:  30.0802460903 	['398-4']
similar results
Article first doc:  ['398-4']
Article saved:  ['398-4']
Delta:  None
result 3 	doc_id:  MIX_398-6_398-4_CLEANED 	score:  29.5503040891 	['398-6', '398-4']
Different result at pos:  3 	 best  ['398-4'] 	  ['398-6', '398-4']
intersection:  set(['398-4'])
Reconsidering result to  set(['398-4'])
Article first doc:  ['398-4']
Article saved:  set(['398-4'])
Delta:  None
result 4 	doc_id:  MIX_398-8_398-4_CLEANED 	score:  27.4228459104 	['398-8', '398-4']
Different result at pos:  4 	 best  ['398-4'] 	  ['398-8', '398-4']
intersection:  set(['398-4'])
Reconsidering result to  set(['398-4'])
Article first doc:  ['398-4']
Article saved:  set(['398-4'])
Delta:  None
-----------------------------------------
Filtering results of query:  H28-16-2
-----------------------------------------
['ARTICLE_398-4', 'MIX_398-6_398-4_CLEANED', 'PARAGRAPH_398-4_1', 'MIX_398-8_398-4_CLEANED', 'MIX_398-6_398-4']
[60.75171843854363, 56.56945268757104, 54.11824390846918, 52.3680288271437, 48.426351583772615]
result 0 	doc_id:  ARTICLE_398-4 	score:  60.7517184385 	['398-4']
Article first doc:  ['398-4']
Article saved:  ['398-4']
Delta:  None
result 1 	doc_id:  MIX_398-6_398-4_CLEANED 	score:  56.5694526876 	['398-6', '398-4']
Different result at pos:  1 	 best  ['398-4'] 	  ['398-6', '398-4']
intersection:  set(['398-4'])
Reconsidering result to  set(['398-4'])
Article first doc:  ['398-4']
Article saved:  set(['398-4'])
Delta:  None
result 2 	doc_id:  PARAGRAPH_398-4_1 	score:  54.1182439085 	['398-4']
similar results
Article first doc:  ['398-4']
Article saved:  set(['398-4'])
Delta:  None
result 3 	doc_id:  MIX_398-8_398-4_CLEANED 	score:  52.3680288271 	['398-8', '398-4']
Different result at pos:  3 	 best  ['398-4'] 	  ['398-8', '398-4']
intersection:  set(['398-4'])
Reconsidering result to  set(['398-4'])
Article first doc:  ['398-4']
Article saved:  set(['398-4'])
Delta:  None
result 4 	doc_id:  MIX_398-6_398-4 	score:  48.4263515838 	['398-6', '398-4']
Different result at pos:  4 	 best  ['398-4'] 	  ['398-6', '398-4']
intersection:  set(['398-4'])
Reconsidering result to  set(['398-4'])
Article first doc:  ['398-4']
Article saved:  set(['398-4'])
Delta:  None
-----------------------------------------
Filtering results of query:  H28-14-3
-----------------------------------------
['PARAGRAPH_378_0', 'ARTICLE_378', 'PARAGRAPH_386_0', 'ARTICLE_386', 'PARAGRAPH_390_0']
[45.66871592260403, 45.66871592260403, 24.09008175703167, 24.09008175703167, 22.837550853507945]
result 0 	doc_id:  PARAGRAPH_378_0 	score:  45.6687159226 	['378']
Article first doc:  ['378']
Article saved:  ['378']
Delta:  None
result 1 	doc_id:  ARTICLE_378 	score:  45.6687159226 	['378']
similar results
Article first doc:  ['378']
Article saved:  ['378']
Delta:  None
result 2 	doc_id:  PARAGRAPH_386_0 	score:  24.090081757 	['386']
Different result at pos:  2 	 best  ['378'] 	  ['386']
intersection:  set([])
Article first doc:  ['378']
Article saved:  ['378']
Delta:  21.5786341656
result 3 	doc_id:  ARTICLE_386 	score:  24.090081757 	['386']
Different result at pos:  3 	 best  ['378'] 	  ['386']
intersection:  set([])
Article first doc:  ['378']
Article saved:  ['378']
Delta:  21.5786341656
result 4 	doc_id:  PARAGRAPH_390_0 	score:  22.8375508535 	['390']
Different result at pos:  4 	 best  ['378'] 	  ['390']
intersection:  set([])
Article first doc:  ['378']
Article saved:  ['378']
Delta:  21.5786341656
-----------------------------------------
Filtering results of query:  H28-14-2
-----------------------------------------
['ARTICLE_371', 'PARAGRAPH_371_0', 'PARAGRAPH_396_0', 'ARTICLE_396', 'PARAGRAPH_398-16_0']
[37.470374723698484, 37.470374723698484, 14.165520668103275, 14.165520668103275, 13.489678595797681]
result 0 	doc_id:  ARTICLE_371 	score:  37.4703747237 	['371']
Article first doc:  ['371']
Article saved:  ['371']
Delta:  None
result 1 	doc_id:  PARAGRAPH_371_0 	score:  37.4703747237 	['371']
similar results
Article first doc:  ['371']
Article saved:  ['371']
Delta:  None
result 2 	doc_id:  PARAGRAPH_396_0 	score:  14.1655206681 	['396']
Different result at pos:  2 	 best  ['371'] 	  ['396']
intersection:  set([])
Article first doc:  ['371']
Article saved:  ['371']
Delta:  23.3048540556
result 3 	doc_id:  ARTICLE_396 	score:  14.1655206681 	['396']
Different result at pos:  3 	 best  ['371'] 	  ['396']
intersection:  set([])
Article first doc:  ['371']
Article saved:  ['371']
Delta:  23.3048540556
result 4 	doc_id:  PARAGRAPH_398-16_0 	score:  13.4896785958 	['398-16']
Different result at pos:  4 	 best  ['371'] 	  ['398-16']
intersection:  set([])
Article first doc:  ['371']
Article saved:  ['371']
Delta:  23.3048540556
-----------------------------------------
Filtering results of query:  H28-14-1
-----------------------------------------
['PARAGRAPH_386_0', 'ARTICLE_386', 'MIX_398-22_398-16_CLEANED', 'PARAGRAPH_398-22_1', 'PARAGRAPH_392_1']
[20.499019366069035, 20.499019366069035, 19.002358956153007, 18.571297639146028, 18.545554266315815]
result 0 	doc_id:  PARAGRAPH_386_0 	score:  20.4990193661 	['386']
Article first doc:  ['386']
Article saved:  ['386']
Delta:  None
result 1 	doc_id:  ARTICLE_386 	score:  20.4990193661 	['386']
similar results
Article first doc:  ['386']
Article saved:  ['386']
Delta:  None
result 2 	doc_id:  MIX_398-22_398-16_CLEANED 	score:  19.0023589562 	['398-22', '398-16']
Different result at pos:  2 	 best  ['386'] 	  ['398-22', '398-16']
intersection:  set([])
Article first doc:  ['386']
Article saved:  ['386']
Delta:  1.49666040992
result 3 	doc_id:  PARAGRAPH_398-22_1 	score:  18.5712976391 	['398-22']
Different result at pos:  3 	 best  ['386'] 	  ['398-22']
intersection:  set([])
Article first doc:  ['386']
Article saved:  ['386']
Delta:  1.49666040992
result 4 	doc_id:  PARAGRAPH_392_1 	score:  18.5455542663 	['392']
Different result at pos:  4 	 best  ['386'] 	  ['392']
intersection:  set([])
Article first doc:  ['386']
Article saved:  ['386']
Delta:  1.49666040992
-----------------------------------------
Filtering results of query:  H28-18-3
-----------------------------------------
['PARAGRAPH_414_3', 'ARTICLE_414', 'PARAGRAPH_414_2', 'PARAGRAPH_485_0', 'ARTICLE_485']
[46.480381013508506, 28.535256283654814, 15.054985974909222, 14.184320566857384, 14.184320566857384]
result 0 	doc_id:  PARAGRAPH_414_3 	score:  46.4803810135 	['414']
Article first doc:  ['414']
Article saved:  ['414']
Delta:  None
result 1 	doc_id:  ARTICLE_414 	score:  28.5352562837 	['414']
similar results
Article first doc:  ['414']
Article saved:  ['414']
Delta:  None
result 2 	doc_id:  PARAGRAPH_414_2 	score:  15.0549859749 	['414']
similar results
Article first doc:  ['414']
Article saved:  ['414']
Delta:  None
result 3 	doc_id:  PARAGRAPH_485_0 	score:  14.1843205669 	['485']
Different result at pos:  3 	 best  ['414'] 	  ['485']
intersection:  set([])
Article first doc:  ['414']
Article saved:  ['414']
Delta:  32.2960604467
result 4 	doc_id:  ARTICLE_485 	score:  14.1843205669 	['485']
Different result at pos:  4 	 best  ['414'] 	  ['485']
intersection:  set([])
Article first doc:  ['414']
Article saved:  ['414']
Delta:  32.2960604467
-----------------------------------------
Filtering results of query:  H28-28-1
-----------------------------------------
['ARTICLE_705', 'PARAGRAPH_705_0', 'ARTICLE_708', 'PARAGRAPH_708_0', 'PARAGRAPH_706_0']
[32.25074280775769, 32.25074280775769, 25.398943286380778, 25.398943286380778, 21.71964388833611]
result 0 	doc_id:  ARTICLE_705 	score:  32.2507428078 	['705']
Article first doc:  ['705']
Article saved:  ['705']
Delta:  None
result 1 	doc_id:  PARAGRAPH_705_0 	score:  32.2507428078 	['705']
similar results
Article first doc:  ['705']
Article saved:  ['705']
Delta:  None
result 2 	doc_id:  ARTICLE_708 	score:  25.3989432864 	['708']
Different result at pos:  2 	 best  ['705'] 	  ['708']
intersection:  set([])
Article first doc:  ['705']
Article saved:  ['705']
Delta:  6.85179952138
result 3 	doc_id:  PARAGRAPH_708_0 	score:  25.3989432864 	['708']
Different result at pos:  3 	 best  ['705'] 	  ['708']
intersection:  set([])
Article first doc:  ['705']
Article saved:  ['705']
Delta:  6.85179952138
result 4 	doc_id:  PARAGRAPH_706_0 	score:  21.7196438883 	['706']
Different result at pos:  4 	 best  ['705'] 	  ['706']
intersection:  set([])
Article first doc:  ['705']
Article saved:  ['705']
Delta:  6.85179952138
-----------------------------------------
Filtering results of query:  H28-32-4
-----------------------------------------
['PARAGRAPH_819_4', 'PARAGRAPH_819_3', 'MIX_749_819_CLEANED', 'ARTICLE_779', 'PARAGRAPH_779_0']
[21.777313012852588, 17.314350372599858, 17.12942478647809, 16.94629085015381, 16.94629085015381]
result 0 	doc_id:  PARAGRAPH_819_4 	score:  21.7773130129 	['819']
Article first doc:  ['819']
Article saved:  ['819']
Delta:  None
result 1 	doc_id:  PARAGRAPH_819_3 	score:  17.3143503726 	['819']
similar results
Article first doc:  ['819']
Article saved:  ['819']
Delta:  None
result 2 	doc_id:  MIX_749_819_CLEANED 	score:  17.1294247865 	['749', '819']
Different result at pos:  2 	 best  ['819'] 	  ['749', '819']
intersection:  set(['819'])
Reconsidering result to  set(['819'])
Article first doc:  ['819']
Article saved:  set(['819'])
Delta:  None
result 3 	doc_id:  ARTICLE_779 	score:  16.9462908502 	['779']
Different result at pos:  3 	 best  ['819'] 	  ['779']
intersection:  set([])
Article first doc:  ['819']
Article saved:  set(['819'])
Delta:  4.8310221627
result 4 	doc_id:  PARAGRAPH_779_0 	score:  16.9462908502 	['779']
Different result at pos:  4 	 best  ['819'] 	  ['779']
intersection:  set([])
Article first doc:  ['819']
Article saved:  set(['819'])
Delta:  4.8310221627
-----------------------------------------
Filtering results of query:  H28-12-1
-----------------------------------------
['ARTICLE_637', 'PARAGRAPH_637_2', 'PARAGRAPH_344_0', 'ARTICLE_344', 'PARAGRAPH_366_1']
[17.73419095606301, 17.3249401077242, 17.08035243400243, 17.08035243400243, 16.2982574539025]
result 0 	doc_id:  ARTICLE_637 	score:  17.7341909561 	['637']
Article first doc:  ['637']
Article saved:  ['637']
Delta:  None
result 1 	doc_id:  PARAGRAPH_637_2 	score:  17.3249401077 	['637']
similar results
Article first doc:  ['637']
Article saved:  ['637']
Delta:  None
result 2 	doc_id:  PARAGRAPH_344_0 	score:  17.080352434 	['344']
Different result at pos:  2 	 best  ['637'] 	  ['344']
intersection:  set([])
Article first doc:  ['637']
Article saved:  ['637']
Delta:  0.653838522061
result 3 	doc_id:  ARTICLE_344 	score:  17.080352434 	['344']
Different result at pos:  3 	 best  ['637'] 	  ['344']
intersection:  set([])
Article first doc:  ['637']
Article saved:  ['637']
Delta:  0.653838522061
result 4 	doc_id:  PARAGRAPH_366_1 	score:  16.2982574539 	['366']
Different result at pos:  4 	 best  ['637'] 	  ['366']
intersection:  set([])
Article first doc:  ['637']
Article saved:  ['637']
Delta:  0.653838522061
-----------------------------------------
Filtering results of query:  H28-16-5
-----------------------------------------
['PARAGRAPH_398-3_1', 'PARAGRAPH_398-21_1', 'PARAGRAPH_398-6_1', 'PARAGRAPH_398-19_1', 'ARTICLE_398-19']
[29.559188844876076, 27.01804447749158, 26.320038433827637, 24.819604480439555, 24.389539544230033]
result 0 	doc_id:  PARAGRAPH_398-3_1 	score:  29.5591888449 	['398-3']
Article first doc:  ['398-3']
Article saved:  ['398-3']
Delta:  None
result 1 	doc_id:  PARAGRAPH_398-21_1 	score:  27.0180444775 	['398-21']
Different result at pos:  1 	 best  ['398-3'] 	  ['398-21']
intersection:  set([])
Article first doc:  ['398-3']
Article saved:  ['398-3']
Delta:  2.54114436738
result 2 	doc_id:  PARAGRAPH_398-6_1 	score:  26.3200384338 	['398-6']
Different result at pos:  2 	 best  ['398-3'] 	  ['398-6']
intersection:  set([])
Article first doc:  ['398-3']
Article saved:  ['398-3']
Delta:  2.54114436738
result 3 	doc_id:  PARAGRAPH_398-19_1 	score:  24.8196044804 	['398-19']
Different result at pos:  3 	 best  ['398-3'] 	  ['398-19']
intersection:  set([])
Article first doc:  ['398-3']
Article saved:  ['398-3']
Delta:  2.54114436738
result 4 	doc_id:  ARTICLE_398-19 	score:  24.3895395442 	['398-19']
Different result at pos:  4 	 best  ['398-3'] 	  ['398-19']
intersection:  set([])
Article first doc:  ['398-3']
Article saved:  ['398-3']
Delta:  2.54114436738
-----------------------------------------
Filtering results of query:  H28-35-5
-----------------------------------------
['PARAGRAPH_299_2', 'ARTICLE_299', 'MIX_350_299_CLEANED', 'PARAGRAPH_196_2', 'MIX_350_299']
[39.62895236769329, 37.053332937897935, 36.65318976959187, 34.19687110814016, 33.418590568839875]
result 0 	doc_id:  PARAGRAPH_299_2 	score:  39.6289523677 	['299']
Article first doc:  ['299']
Article saved:  ['299']
Delta:  None
result 1 	doc_id:  ARTICLE_299 	score:  37.0533329379 	['299']
similar results
Article first doc:  ['299']
Article saved:  ['299']
Delta:  None
result 2 	doc_id:  MIX_350_299_CLEANED 	score:  36.6531897696 	['350', '299']
Different result at pos:  2 	 best  ['299'] 	  ['350', '299']
intersection:  set(['299'])
Reconsidering result to  set(['299'])
Article first doc:  ['299']
Article saved:  set(['299'])
Delta:  None
result 3 	doc_id:  PARAGRAPH_196_2 	score:  34.1968711081 	['196']
Different result at pos:  3 	 best  ['299'] 	  ['196']
intersection:  set([])
Article first doc:  ['299']
Article saved:  set(['299'])
Delta:  5.43208125955
result 4 	doc_id:  MIX_350_299 	score:  33.4185905688 	['350', '299']
Different result at pos:  4 	 best  ['299'] 	  ['350', '299']
intersection:  set(['299'])
Reconsidering result to  set(['299'])
Article first doc:  ['299']
Article saved:  set(['299'])
Delta:  5.43208125955
-----------------------------------------
Filtering results of query:  H28-22-1
-----------------------------------------
['ARTICLE_549', 'PARAGRAPH_549_0', 'ARTICLE_987', 'PARAGRAPH_987_0', 'ARTICLE_988']
[21.911517949826074, 21.911517949826074, 11.374058746227092, 11.374058746227092, 9.136034368452522]
result 0 	doc_id:  ARTICLE_549 	score:  21.9115179498 	['549']
Article first doc:  ['549']
Article saved:  ['549']
Delta:  None
result 1 	doc_id:  PARAGRAPH_549_0 	score:  21.9115179498 	['549']
similar results
Article first doc:  ['549']
Article saved:  ['549']
Delta:  None
result 2 	doc_id:  ARTICLE_987 	score:  11.3740587462 	['987']
Different result at pos:  2 	 best  ['549'] 	  ['987']
intersection:  set([])
Article first doc:  ['549']
Article saved:  ['549']
Delta:  10.5374592036
result 3 	doc_id:  PARAGRAPH_987_0 	score:  11.3740587462 	['987']
Different result at pos:  3 	 best  ['549'] 	  ['987']
intersection:  set([])
Article first doc:  ['549']
Article saved:  ['549']
Delta:  10.5374592036
result 4 	doc_id:  ARTICLE_988 	score:  9.13603436845 	['988']
Different result at pos:  4 	 best  ['549'] 	  ['988']
intersection:  set([])
Article first doc:  ['549']
Article saved:  ['549']
Delta:  10.5374592036
-----------------------------------------
Filtering results of query:  H28-26-1
-----------------------------------------
['MIX_652_620_CLEANED', 'MIX_652_620', 'ARTICLE_620', 'PARAGRAPH_620_0', 'MIX_684_620_CLEANED']
[23.5641008273374, 20.897095158210156, 20.695132678813884, 20.695132678813884, 19.774433853310818]
result 0 	doc_id:  MIX_652_620_CLEANED 	score:  23.5641008273 	['652', '620']
Article first doc:  ['652', '620']
Article saved:  ['652', '620']
Delta:  None
result 1 	doc_id:  MIX_652_620 	score:  20.8970951582 	['652', '620']
similar results
Article first doc:  ['652', '620']
Article saved:  ['652', '620']
Delta:  None
result 2 	doc_id:  ARTICLE_620 	score:  20.6951326788 	['620']
Different result at pos:  2 	 best  ['652', '620'] 	  ['620']
intersection:  set(['620'])
Reconsidering result to  set(['620'])
Article first doc:  ['652', '620']
Article saved:  set(['620'])
Delta:  None
result 3 	doc_id:  PARAGRAPH_620_0 	score:  20.6951326788 	['620']
Different result at pos:  3 	 best  ['652', '620'] 	  ['620']
intersection:  set(['620'])
Reconsidering result to  set(['620'])
Article first doc:  ['652', '620']
Article saved:  set(['620'])
Delta:  None
result 4 	doc_id:  MIX_684_620_CLEANED 	score:  19.7744338533 	['684', '620']
Different result at pos:  4 	 best  ['652', '620'] 	  ['684', '620']
intersection:  set(['620'])
Reconsidering result to  set(['620'])
Article first doc:  ['652', '620']
Article saved:  set(['620'])
Delta:  None
-----------------------------------------
Filtering results of query:  H28-35-2
-----------------------------------------
['PARAGRAPH_286_0', 'ARTICLE_286', 'PARAGRAPH_313_1', 'ARTICLE_313', 'PARAGRAPH_613_1']
[17.316094172267853, 17.316094172267853, 15.364759793936543, 15.326162512907672, 14.36281403617178]
result 0 	doc_id:  PARAGRAPH_286_0 	score:  17.3160941723 	['286']
Article first doc:  ['286']
Article saved:  ['286']
Delta:  None
result 1 	doc_id:  ARTICLE_286 	score:  17.3160941723 	['286']
similar results
Article first doc:  ['286']
Article saved:  ['286']
Delta:  None
result 2 	doc_id:  PARAGRAPH_313_1 	score:  15.3647597939 	['313']
Different result at pos:  2 	 best  ['286'] 	  ['313']
intersection:  set([])
Article first doc:  ['286']
Article saved:  ['286']
Delta:  1.95133437833
result 3 	doc_id:  ARTICLE_313 	score:  15.3261625129 	['313']
Different result at pos:  3 	 best  ['286'] 	  ['313']
intersection:  set([])
Article first doc:  ['286']
Article saved:  ['286']
Delta:  1.95133437833
result 4 	doc_id:  PARAGRAPH_613_1 	score:  14.3628140362 	['613']
Different result at pos:  4 	 best  ['286'] 	  ['613']
intersection:  set([])
Article first doc:  ['286']
Article saved:  ['286']
Delta:  1.95133437833
-----------------------------------------
Filtering results of query:  H28-30-4
-----------------------------------------
['PARAGRAPH_819_1', 'PARAGRAPH_811_3', 'MIX_749_819_CLEANED', 'ARTICLE_819', 'MIX_765_819_CLEANED']
[34.75779202504185, 34.210809481082805, 26.79580399544376, 26.73512321661363, 26.397531129444918]
result 0 	doc_id:  PARAGRAPH_819_1 	score:  34.757792025 	['819']
Article first doc:  ['819']
Article saved:  ['819']
Delta:  None
result 1 	doc_id:  PARAGRAPH_811_3 	score:  34.2108094811 	['811']
Different result at pos:  1 	 best  ['819'] 	  ['811']
intersection:  set([])
Article first doc:  ['819']
Article saved:  ['819']
Delta:  0.546982543959
result 2 	doc_id:  MIX_749_819_CLEANED 	score:  26.7958039954 	['749', '819']
Different result at pos:  2 	 best  ['819'] 	  ['749', '819']
intersection:  set(['819'])
Reconsidering result to  set(['819'])
Article first doc:  ['819']
Article saved:  set(['819'])
Delta:  0.546982543959
result 3 	doc_id:  ARTICLE_819 	score:  26.7351232166 	['819']
similar results
Article first doc:  ['819']
Article saved:  set(['819'])
Delta:  0.546982543959
result 4 	doc_id:  MIX_765_819_CLEANED 	score:  26.3975311294 	['765', '819']
Different result at pos:  4 	 best  ['819'] 	  ['765', '819']
intersection:  set(['819'])
Reconsidering result to  set(['819'])
Article first doc:  ['819']
Article saved:  set(['819'])
Delta:  0.546982543959
NB_RESULTS_FINAL 1
THRESHOLD_TERRIER_SCORE  -1
THRESHOLD_DELTA_TERRIER_SCORE  -1
Evaluation.
