Setting TERRIER_HOME to /media/data/data/experiments/COLIEE_2017/terrier-core-4.2
Setting JAVA_HOME to /usr
/media/data/data/experiments/COLIEE_2017/terrier-core-4.2/target/terrier-core-4.2-jar-with-dependencies.jar:/media/data/data/experiments/COLIEE_2017/terrier-core-4.2/etc/logback.xml
Creating collection.spec file.
Creating jforests.properties file.
Creating features.list file.
Creating logging configuration (logback.xml) file in /media/data/data/experiments/COLIEE_2017/terrier-core-4.2/etc/
Creating terrier.properties file.
#add the files to index
tmp/index/index.xml
Updated collection.spec file. Please check that it contains
all and only all the files to be indexed, or create it manually.
Setting TERRIER_HOME to /media/data/data/experiments/COLIEE_2017/terrier-core-4.2
Setting JAVA_HOME to /usr
11:36:41.093 [main] INFO  o.terrier.indexing.CollectionFactory - Finished reading collection specification
11:36:41.098 [main] INFO  o.t.i.MultiDocumentFileCollection - TRECCollection 0% processing tmp/index/index.xml
11:36:41.137 [main] INFO  o.t.structures.indexing.Indexer - creating the data structures data_1
11:36:41.176 [main] ERROR o.t.structures.indexing.Indexer - Failed to index MIX_876-3_846_CLEANED
java.lang.IllegalArgumentException: Data (MIX_876-3_846_CLEANED) of string length 21 for key docno exceeds max string length of 20(byte length of 61). Crop in the Document, increase indexer.meta.forward.keylens, or set metaindex.compressed.crop.long
	at org.terrier.structures.indexing.CompressingMetaIndexBuilder.writeDocumentEntry(CompressingMetaIndexBuilder.java:232) ~[terrier-core-4.2-jar-with-dependencies.jar:na]
	at org.terrier.structures.indexing.CompressingMetaIndexBuilder.writeDocumentEntry(CompressingMetaIndexBuilder.java:216) ~[terrier-core-4.2-jar-with-dependencies.jar:na]
	at org.terrier.structures.indexing.classical.BasicIndexer.indexDocument(BasicIndexer.java:401) ~[terrier-core-4.2-jar-with-dependencies.jar:na]
	at org.terrier.structures.indexing.classical.BasicIndexer.createDirectIndex(BasicIndexer.java:283) ~[terrier-core-4.2-jar-with-dependencies.jar:na]
	at org.terrier.structures.indexing.Indexer.index(Indexer.java:348) [terrier-core-4.2-jar-with-dependencies.jar:na]
	at org.terrier.applications.TRECIndexing.index(TRECIndexing.java:154) [terrier-core-4.2-jar-with-dependencies.jar:na]
	at org.terrier.applications.TrecTerrier.run(TrecTerrier.java:389) [terrier-core-4.2-jar-with-dependencies.jar:na]
	at org.terrier.applications.TrecTerrier.applyOptions(TrecTerrier.java:584) [terrier-core-4.2-jar-with-dependencies.jar:na]
	at org.terrier.applications.TrecTerrier.main(TrecTerrier.java:229) [terrier-core-4.2-jar-with-dependencies.jar:na]
Setting TERRIER_HOME to /media/data/data/experiments/COLIEE_2017/terrier-core-4.2
Setting JAVA_HOME to /usr
11:36:41.496 [main] ERROR o.t.a.batchquerying.TRECQuerying - Failed to load index. Index not found: /media/data/data/experiments/COLIEE_2017/terrier-core-4.2/var/index/data.properties not found.
Setting TERRIER_HOME to /media/data/data/experiments/COLIEE_2017/terrier-core-4.2
Setting JAVA_HOME to /usr
11:36:41.807 [main] ERROR org.terrier.applications.TrecTerrier - No such index : Index not found: /media/data/data/experiments/COLIEE_2017/terrier-core-4.2/var/index/data.properties not found.
['ARTICLE_952', '952']
['PARAGRAPH_141_0', '141']
['MIX_571_533_CLEANED', '571,533']
['MIX_957_952', '957,952']
['MIX_687_672', '687,672']
['MIX_876-3_846_CLEANED', '876-3,846']
['MIX_806-3_806-2', '806-3,806-2']
['PARAGRAPH_1016_1', '1016']
['ARTICLE_953', '953']
['ARTICLE_10', '10']
['ARTICLE_11', '11']
['ARTICLE_12', '12']
['ARTICLE_13', '13']
['ARTICLE_14', '14']
['ARTICLE_15', '15']
['ARTICLE_16', '16']
['ARTICLE_17', '17']
['ARTICLE_18', '18']
['ARTICLE_19', '19']
['PARAGRAPH_635_0', '635']
['MIX_808_769_CLEANED', '808,769']
['PARAGRAPH_637_1', '637']
['PARAGRAPH_981_0', '981']
['PARAGRAPH_637_2', '637']
['PARAGRAPH_100_0', '100']
['PARAGRAPH_736_0', '736']
['PARAGRAPH_147_0', '147']
['PARAGRAPH_416_1', '416']
['PARAGRAPH_416_2', '416']
['MIX_874_654_CLEANED', '874,654']
['PARAGRAPH_106_0', '106']
['PARAGRAPH_730_0', '730']
['MIX_570_566_CLEANED', '570,566']
['PARAGRAPH_410_2', '410']
['PARAGRAPH_145_0', '145']
['PARAGRAPH_410_1', '410']
['PARAGRAPH_889_2', '889']
['PARAGRAPH_732_0', '732']
['MIX_421_420', '421,420']
['PARAGRAPH_143_2', '143']
['PARAGRAPH_143_1', '143']
['PARAGRAPH_412_1', '412']
['PARAGRAPH_412_2', '412']
['PARAGRAPH_412_3', '412']
['MIX_852_862', '852,862']
['MIX_852_861', '852,861']
['PARAGRAPH_148_0', '148']
['MIX_953_29', '953,29']
['MIX_872_20', '872,20']
['PARAGRAPH_398-8_1', '398-8']
['PARAGRAPH_398-8_2', '398-8']
['PARAGRAPH_398-8_3', '398-8']
['PARAGRAPH_398-8_4', '398-8']
['MIX_876-3_859-3_CLEANED', '876-3,859-3']
['MIX_813_739', '813,739']
['PARAGRAPH_398-6_2', '398-6']
['PARAGRAPH_398-6_3', '398-6']
['PARAGRAPH_398-6_1', '398-6']
['PARAGRAPH_398-6_4', '398-6']
['MIX_565_564', '565,564']
['MIX_940_646_CLEANED', '940,646']
['PARAGRAPH_450_2', '450']
['PARAGRAPH_450_3', '450']
['PARAGRAPH_102_0', '102']
['PARAGRAPH_183_0', '183']
['PARAGRAPH_398-4_1', '398-4']
['PARAGRAPH_398-4_2', '398-4']
['PARAGRAPH_398-4_3', '398-4']
['PARAGRAPH_414_2', '414']
['PARAGRAPH_414_3', '414']
['MIX_876-10_824_CLEANED', '876-10,824']
['PARAGRAPH_414_1', '414']
['PARAGRAPH_414_4', '414']
['PARAGRAPH_459_2', '459']
['PARAGRAPH_459_1', '459']
['MIX_934_929_CLEANED', '934,929']
['MIX_989_919_CLEANED', '989,919']
['PARAGRAPH_398-21_1', '398-21']
['PARAGRAPH_398-21_2', '398-21']
['MIX_666_591', '666,591']
['MIX_876-10_876-5_CLEANED', '876-10,876-5']
['MIX_458_437', '458,437']
['PARAGRAPH_109_0', '109']
['MIX_458_435', '458,435']
['MIX_458_434', '458,434']
['MIX_372_351', '372,351']
['MIX_458_439', '458,439']
['ARTICLE_840', '840']
['PARAGRAPH_564_0', '564']
['MIX_876-8_851_CLEANED', '876-8,851']
['MIX_465-2_446', '465-2,446']
['MIX_702_650_CLEANED', '702,650']
['PARAGRAPH_189_1', '189']
['MIX_936_927_CLEANED', '936,927']
['PARAGRAPH_189_2', '189']
['MIX_852_859-3_CLEANED', '852,859-3']
['PARAGRAPH_983_0', '983']
['PARAGRAPH_844_0', '844']
['MIX_876-8_847_CLEANED', '876-8,847']
['ARTICLE_831', '831']
['ARTICLE_269-2', '269-2']
['ARTICLE_830', '830']
['PARAGRAPH_17_2', '17']
['PARAGRAPH_17_3', '17']
['MIX_982_975_CLEANED', '982,975']
['PARAGRAPH_17_1', '17']
['ARTICLE_833', '833']
['PARAGRAPH_17_4', '17']
['MIX_872_121', '872,121']
['MIX_872_123', '872,123']
['ARTICLE_832', '832']
['MIX_872_125', '872,125']
['MIX_872_124', '872,124']
['MIX_872_126', '872,126']
['PARAGRAPH_840_1', '840']
['ARTICLE_835', '835']
['PARAGRAPH_840_3', '840']
['PARAGRAPH_840_2', '840']
['PARAGRAPH_15_1', '15']
['PARAGRAPH_15_2', '15']
['PARAGRAPH_15_3', '15']
['PARAGRAPH_105_1', '105']
['PARAGRAPH_1043_2', '1043']
['PARAGRAPH_105_2', '105']
['ARTICLE_837', '837']
['MIX_305_296_CLEANED', '305,296']
['PARAGRAPH_13_4', '13']
['ARTICLE_836', '836']
['PARAGRAPH_13_2', '13']
['PARAGRAPH_13_3', '13']
['PARAGRAPH_13_1', '13']
['ARTICLE_758', '758']
['ARTICLE_759', '759']
['PARAGRAPH_895_1', '895']
['ARTICLE_209', '209']
['ARTICLE_206', '206']
['ARTICLE_207', '207']
['ARTICLE_204', '204']
['ARTICLE_205', '205']
['ARTICLE_202', '202']
['ARTICLE_203', '203']
['ARTICLE_200', '200']
['ARTICLE_201', '201']
['MIX_806-3_806-2_CLEANED', '806-3,806-2']
['PARAGRAPH_664_0', '664']
['PARAGRAPH_943_2', '943']
['ARTICLE_598', '598']
['ARTICLE_599', '599']
['ARTICLE_596', '596']
['ARTICLE_597', '597']
['ARTICLE_594', '594']
['ARTICLE_595', '595']
['ARTICLE_592', '592']
['ARTICLE_593', '593']
['ARTICLE_590', '590']
['ARTICLE_591', '591']
['MIX_933_260', '933,260']
['MIX_499_467_CLEANED', '499,467']
['PARAGRAPH_941_1', '941']
['PARAGRAPH_941_3', '941']
['PARAGRAPH_941_2', '941']
['ARTICLE_118', '118']
['ARTICLE_119', '119']
['MIX_801_800_CLEANED', '801,800']
['ARTICLE_112', '112']
['ARTICLE_113', '113']
['ARTICLE_110', '110']
['ARTICLE_111', '111']
['ARTICLE_116', '116']
['ARTICLE_117', '117']
['ARTICLE_114', '114']
['ARTICLE_115', '115']
['MIX_876-5_871_CLEANED', '876-5,871']
['PARAGRAPH_559_0', '559']
['ARTICLE_372', '372']
['ARTICLE_373', '373']
['ARTICLE_370', '370']
['ARTICLE_371', '371']
['ARTICLE_376', '376']
['ARTICLE_377', '377']
['ARTICLE_374', '374']
['ARTICLE_375', '375']
['PARAGRAPH_452_0', '452']
['ARTICLE_378', '378']
['ARTICLE_379', '379']
['ARTICLE_682', '682']
['ARTICLE_683', '683']
['ARTICLE_680', '680']
['ARTICLE_681', '681']
['ARTICLE_686', '686']
['ARTICLE_687', '687']
['ARTICLE_684', '684']
['ARTICLE_685', '685']
['ARTICLE_688', '688']
['ARTICLE_689', '689']
['MIX_957_934_CLEANED', '957,934']
['PARAGRAPH_893_0', '893']
['MIX_876-10_654_CLEANED', '876-10,654']
['MIX_319_195', '319,195']
['MIX_319_192', '319,192']
['MIX_319_193', '319,193']
['PARAGRAPH_358_0', '358']
['MIX_876-3_862', '876-3,862']
['MIX_876-3_644', '876-3,644']
['MIX_876-3_861', '876-3,861']
['PARAGRAPH_930_1', '930']
['PARAGRAPH_356_0', '356']
['ARTICLE_564', '564']
['ARTICLE_974', '974']
['ARTICLE_975', '975']
['ARTICLE_976', '976']
['ARTICLE_977', '977']
['ARTICLE_970', '970']
['ARTICLE_971', '971']
['ARTICLE_972', '972']
['ARTICLE_973', '973']
['MIX_831_654', '831,654']
['ARTICLE_978', '978']
['ARTICLE_979', '979']
['PARAGRAPH_817-3_2', '817-3']
['MIX_831_655_CLEANED', '831,655']
['MIX_926_645_CLEANED', '926,645']
['ARTICLE_941', '941']
['MIX_532_531_CLEANED', '532,531']
['MIX_852_644_CLEANED', '852,644']
['MIX_869_830', '869,830']
['PARAGRAPH_399_0', '399']
['PARAGRAPH_454_0', '454']
['MIX_831_655', '831,655']
['MIX_384_183_CLEANED', '384,183']
['MIX_516_468', '516,468']
['MIX_876-8_861_CLEANED', '876-8,861']
['PARAGRAPH_785_0', '785']
['ARTICLE_940', '940']
['PARAGRAPH_1029_2', '1029']
['PARAGRAPH_709_0', '709']
['PARAGRAPH_849_0', '849']
['ARTICLE_904-2', '904-2']
['PARAGRAPH_958-2_0', '958-2']
['MIX_947_934_CLEANED', '947,934']
['MIX_430_440', '430,440']
['PARAGRAPH_847_0', '847']
['PARAGRAPH_465-5_0', '465-5']
['MIX_830_27_CLEANED', '830,27']
['MIX_852_859-3', '852,859-3']
['MIX_852_859-2', '852,859-2']
['MIX_571_570_CLEANED', '571,570']
['PARAGRAPH_845_0', '845']
['MIX_1020_655', '1020,655']
['PARAGRAPH_351_0', '351']
['PARAGRAPH_1017_2', '1017']
['MIX_876-5_859-3', '876-5,859-3']
['MIX_950_944_CLEANED', '950,944']
['PARAGRAPH_6_1', '6']
['ARTICLE_398-22', '398-22']
['ARTICLE_942', '942']
['MIX_866_121', '866,121']
['PARAGRAPH_6_2', '6']
['PARAGRAPH_319_0', '319']
['MIX_384_63_CLEANED', '384,63']
['PARAGRAPH_465-3_4', '465-3']
['PARAGRAPH_1013_0', '1013']
['PARAGRAPH_465-3_1', '465-3']
['PARAGRAPH_465-3_2', '465-3']
['PARAGRAPH_465-3_3', '465-3']
['PARAGRAPH_789_3', '789']
['PARAGRAPH_789_2', '789']
['PARAGRAPH_789_1', '789']
['PARAGRAPH_1011_1', '1011']
['PARAGRAPH_1011_2', '1011']
['MIX_458_436_CLEANED', '458,436']
['PARAGRAPH_313_2', '313']
['PARAGRAPH_392_2', '392']
['PARAGRAPH_392_1', '392']
['PARAGRAPH_313_1', '313']
['MIX_473_472_CLEANED', '473,472']
['PARAGRAPH_96_3', '96']
['PARAGRAPH_96_2', '96']
['PARAGRAPH_96_1', '96']
['PARAGRAPH_186_2', '186']
['PARAGRAPH_186_1', '186']
['PARAGRAPH_898_0', '898']
['MIX_430_437_CLEANED', '430,437']
['PARAGRAPH_311_0', '311']
['PARAGRAPH_390_0', '390']
['MIX_936_926', '936,926']
['MIX_936_927', '936,927']
['PARAGRAPH_94_1', '94']
['PARAGRAPH_94_2', '94']
['PARAGRAPH_184_0', '184']
['PARAGRAPH_713_0', '713']
['PARAGRAPH_317_0', '317']
['PARAGRAPH_396_0', '396']
['MIX_1041_1040', '1041,1040']
['MIX_692_691', '692,691']
['ARTICLE_834-2', '834-2']
['PARAGRAPH_353_0', '353']
['PARAGRAPH_748_2', '748']
['ARTICLE_677', '677']
['MIX_950_945_CLEANED', '950,945']
['PARAGRAPH_748_1', '748']
['MIX_876-10_862_CLEANED', '876-10,862']
['PARAGRAPH_315_0', '315']
['PARAGRAPH_394_2', '394']
['PARAGRAPH_1019_1', '1019']
['PARAGRAPH_1019_2', '1019']
['PARAGRAPH_876-9_2', '876-9']
['PARAGRAPH_741_0', '741']
['PARAGRAPH_525_0', '525']
['PARAGRAPH_1042_0', '1042']
['PARAGRAPH_18_1', '18']
['PARAGRAPH_18_3', '18']
['PARAGRAPH_18_2', '18']
['PARAGRAPH_743_0', '743']
['PARAGRAPH_485_0', '485']
['ARTICLE_1042', '1042']
['PARAGRAPH_904_0', '904']
['ARTICLE_1040', '1040']
['ARTICLE_1041', '1041']
['PARAGRAPH_745_2', '745']
['PARAGRAPH_745_1', '745']
['MIX_808_769', '808,769']
['ARTICLE_876-8', '876-8']
['PARAGRAPH_780_0', '780']
['MIX_876-5_861_CLEANED', '876-5,861']
['ARTICLE_876-9', '876-9']
['PARAGRAPH_98_1', '98']
['PARAGRAPH_1040_2', '1040']
['PARAGRAPH_98_3', '98']
['PARAGRAPH_98_2', '98']
['PARAGRAPH_98_5', '98']
['PARAGRAPH_98_4', '98']
['PARAGRAPH_55_0', '55']
['PARAGRAPH_700_0', '700']
['PARAGRAPH_91_0', '91']
['PARAGRAPH_10_0', '10']
['PARAGRAPH_817-8_1', '817-8']
['ARTICLE_876-2', '876-2']
['PARAGRAPH_568_2', '568']
['PARAGRAPH_568_3', '568']
['PARAGRAPH_998_1', '998']
['PARAGRAPH_568_1', '568']
['PARAGRAPH_702_1', '702']
['PARAGRAPH_702_2', '702']
['PARAGRAPH_702_3', '702']
['PARAGRAPH_876-3_1', '876-3']
['PARAGRAPH_876-3_2', '876-3']
['PARAGRAPH_972_3', '972']
['PARAGRAPH_32-2_0', '32-2']
['PARAGRAPH_876-5_2', '876-5']
['PARAGRAPH_318_0', '318']
['PARAGRAPH_876-5_1', '876-5']
['PARAGRAPH_628_0', '628']
['PARAGRAPH_972_1', '972']
['MIX_867_854', '867,854']
['PARAGRAPH_876-7_1', '876-7']
['PARAGRAPH_876-7_2', '876-7']
['PARAGRAPH_876-7_3', '876-7']
['MIX_865_125_CLEANED', '865,125']
['MIX_947_931_CLEANED', '947,931']
['PARAGRAPH_669_0', '669']
['PARAGRAPH_483_0', '483']
['PARAGRAPH_53_0', '53']
['MIX_532_531', '532,531']
['MIX_965_891_CLEANED', '965,891']
['PARAGRAPH_51_1', '51']
['PARAGRAPH_51_2', '51']
['MIX_817_769', '817,769']
['PARAGRAPH_704_0', '704']
['PARAGRAPH_95_0', '95']
['MIX_722_417_CLEANED', '722,417']
['PARAGRAPH_816_2', '816']
['PARAGRAPH_57_0', '57']
['PARAGRAPH_706_0', '706']
['PARAGRAPH_93_0', '93']
['ARTICLE_761', '761']
['PARAGRAPH_297_2', '297']
['PARAGRAPH_216_0', '216']
['PARAGRAPH_565_0', '565']
['ARTICLE_765', '765']
['ARTICLE_764', '764']
['ARTICLE_767', '767']
['ARTICLE_766', '766']
['ARTICLE_769', '769']
['ARTICLE_768', '768']
['MIX_944_645_CLEANED', '944,645']
['PARAGRAPH_251_0', '251']
['ARTICLE_563', '563']
['ARTICLE_562', '562']
['ARTICLE_561', '561']
['ARTICLE_560', '560']
['PARAGRAPH_214_0', '214']
['ARTICLE_566', '566']
['ARTICLE_565', '565']
['PARAGRAPH_295_2', '295']
['ARTICLE_569', '569']
['ARTICLE_568', '568']
['MIX_876-3_859-2_CLEANED', '876-3,859-2']
['PARAGRAPH_257_0', '257']
['PARAGRAPH_731_0', '731']
['PARAGRAPH_866_1', '866']
['PARAGRAPH_212_0', '212']
['PARAGRAPH_293_0', '293']
['PARAGRAPH_786_0', '786']
['PARAGRAPH_1008_0', '1008']
['MIX_788_766', '788,766']
['MIX_319_195_CLEANED', '319,195']
['ARTICLE_169', '169']
['ARTICLE_168', '168']
['ARTICLE_167', '167']
['PARAGRAPH_291_0', '291']
['ARTICLE_165', '165']
['ARTICLE_164', '164']
['ARTICLE_163', '163']
['ARTICLE_162', '162']
['ARTICLE_161', '161']
['ARTICLE_160', '160']
['MIX_982_973_CLEANED', '982,973']
['ARTICLE_834', '834']
['PARAGRAPH_662_0', '662']
['PARAGRAPH_832_2', '832']
['PARAGRAPH_832_1', '832']
['PARAGRAPH_219_1', '219']
['PARAGRAPH_219_3', '219']
['PARAGRAPH_219_2', '219']
['ARTICLE_307', '307']
['ARTICLE_306', '306']
['ARTICLE_305', '305']
['ARTICLE_304', '304']
['ARTICLE_303', '303']
['ARTICLE_302', '302']
['ARTICLE_301', '301']
['ARTICLE_300', '300']
['PARAGRAPH_830_1', '830']
['PARAGRAPH_830_2', '830']
['PARAGRAPH_830_3', '830']
['PARAGRAPH_830_4', '830']
['ARTICLE_309', '309']
['ARTICLE_308', '308']
['PARAGRAPH_72_1', '72']
['PARAGRAPH_666_2', '666']
['PARAGRAPH_666_1', '666']
['PARAGRAPH_887_2', '887']
['MIX_867_863_CLEANED', '867,863']
['MIX_372_304', '372,304']
['PARAGRAPH_887_3', '887']
['PARAGRAPH_299_1', '299']
['PARAGRAPH_299_2', '299']
['PARAGRAPH_594_1', '594']
['MIX_865_126_CLEANED', '865,126']
['PARAGRAPH_253_2', '253']
['PARAGRAPH_253_1', '253']
['PARAGRAPH_866_2', '866']
['ARTICLE_806-3', '806-3']
['ARTICLE_806-2', '806-2']
['MIX_943_29', '943,29']
['PARAGRAPH_623_0', '623']
['MIX_876-3_851', '876-3,851']
['MIX_876-3_850', '876-3,850']
['PARAGRAPH_258_1', '258']
['PARAGRAPH_258_2', '258']
['ARTICLE_949', '949']
['ARTICLE_948', '948']
['ARTICLE_419', '419']
['ARTICLE_418', '418']
['PARAGRAPH_816_1', '816']
['ARTICLE_413', '413']
['ARTICLE_412', '412']
['ARTICLE_411', '411']
['ARTICLE_410', '410']
['ARTICLE_417', '417']
['ARTICLE_416', '416']
['ARTICLE_415', '415']
['ARTICLE_414', '414']
['ARTICLE_789', '789']
['ARTICLE_788', '788']
['ARTICLE_783', '783']
['ARTICLE_782', '782']
['ARTICLE_781', '781']
['ARTICLE_780', '780']
['ARTICLE_787', '787']
['ARTICLE_786', '786']
['ARTICLE_785', '785']
['ARTICLE_784', '784']
['PARAGRAPH_201_2', '201']
['PARAGRAPH_450_1', '450']
['PARAGRAPH_834_0', '834']
['ARTICLE_498', '498']
['PARAGRAPH_1014_0', '1014']
['PARAGRAPH_151_0', '151']
['PARAGRAPH_591_2', '591']
['PARAGRAPH_591_1', '591']
['PARAGRAPH_1012_2', '1012']
['PARAGRAPH_1012_1', '1012']
['PARAGRAPH_153_0', '153']
['MIX_982_980_CLEANED', '982,980']
['PARAGRAPH_627_2', '627']
['PARAGRAPH_627_3', '627']
['PARAGRAPH_995_0', '995']
['PARAGRAPH_627_1', '627']
['PARAGRAPH_593_0', '593']
['PARAGRAPH_254_0', '254']
['PARAGRAPH_526_1', '526']
['PARAGRAPH_526_2', '526']
['PARAGRAPH_817-7_0', '817-7']
['PARAGRAPH_595_2', '595']
['PARAGRAPH_625_1', '625']
['PARAGRAPH_625_2', '625']
['PARAGRAPH_595_1', '595']
['ARTICLE_707', '707']
['PARAGRAPH_528_0', '528']
['MIX_950_927_CLEANED', '950,927']
['ARTICLE_706', '706']
['PARAGRAPH_159_0', '159']
['PARAGRAPH_406_0', '406']
['ARTICLE_704', '704']
['PARAGRAPH_440_0', '440']
['PARAGRAPH_404_0', '404']
['MIX_799_739_CLEANED', '799,739']
['MIX_950_925', '950,925']
['MIX_118_117_CLEANED', '118,117']
['PARAGRAPH_446_3', '446']
['PARAGRAPH_446_2', '446']
['PARAGRAPH_446_1', '446']
['PARAGRAPH_110_0', '110']
['MIX_671_646_CLEANED', '671,646']
['ARTICLE_708', '708']
['PARAGRAPH_402_3', '402']
['PARAGRAPH_402_2', '402']
['PARAGRAPH_402_1', '402']
['MIX_372_304_CLEANED', '372,304']
['MIX_876-3_654_CLEANED', '876-3,654']
['PARAGRAPH_203_0', '203']
['PARAGRAPH_46_1', '46']
['MIX_875_872_CLEANED', '875,872']
['MIX_876-10_859-3_CLEANED', '876-10,859-3']
['PARAGRAPH_46_2', '46']
['PARAGRAPH_400_0', '400']
['PARAGRAPH_46_3', '46']
['MIX_459_442', '459,442']
['MIX_565_563', '565,563']
['PARAGRAPH_199_0', '199']
['MIX_889_887', '889,887']
['PARAGRAPH_156_0', '156']
['MIX_701_647', '701,647']
['MIX_1012_647', '1012,647']
['PARAGRAPH_761_0', '761']
['ARTICLE_754', '754']
['MIX_512_489_CLEANED', '512,489']
['PARAGRAPH_195_0', '195']
['PARAGRAPH_978_0', '978']
['PARAGRAPH_408_0', '408']
['MIX_665_650', '665,650']
['PARAGRAPH_442_2', '442']
['PARAGRAPH_442_1', '442']
['PARAGRAPH_114_0', '114']
['PARAGRAPH_197_0', '197']
['MIX_458_436', '458,436']
['PARAGRAPH_690_0', '690']
['PARAGRAPH_449_0', '449']
['PARAGRAPH_696_0', '696']
['PARAGRAPH_970_1', '970']
['PARAGRAPH_119_0', '119']
['MIX_692_533', '692,533']
['MIX_458_438', '458,438']
['PARAGRAPH_152_0', '152']
['PARAGRAPH_945_0', '945']
['PARAGRAPH_970_2', '970']
['MIX_658_105', '658,105']
['MIX_876-8_654_CLEANED', '876-8,654']
['PARAGRAPH_154_0', '154']
['MIX_901_889_CLEANED', '901,889']
['MIX_648_624', '648,624']
['PARAGRAPH_715_2', '715']
['PARAGRAPH_715_3', '715']
['PARAGRAPH_494_0', '494']
['ARTICLE_1003', '1003']
['PARAGRAPH_496_1', '496']
['PARAGRAPH_496_2', '496']
['PARAGRAPH_445_0', '445']
['PARAGRAPH_113_1', '113']
['PARAGRAPH_113_2', '113']
['PARAGRAPH_692_0', '692']
['PARAGRAPH_490_0', '490']
['PARAGRAPH_806-3_1', '806-3']
['PARAGRAPH_924_0', '924']
['MIX_398-22_398-16_CLEANED', '398-22,398-16']
['MIX_876-3_846', '876-3,846']
['PARAGRAPH_885_1', '885']
['PARAGRAPH_885_2', '885']
['PARAGRAPH_806-3_2', '806-3']
['PARAGRAPH_699_0', '699']
['PARAGRAPH_84-2_1', '84-2']
['PARAGRAPH_84-2_3', '84-2']
['PARAGRAPH_84-2_2', '84-2']
['PARAGRAPH_84-2_4', '84-2']
['MIX_876-3_843', '876-3,843']
['MIX_876-5_654_CLEANED', '876-5,654']
['MIX_965_891', '965,891']
['ARTICLE_776', '776']
['ARTICLE_777', '777']
['ARTICLE_774', '774']
['ARTICLE_775', '775']
['ARTICLE_772', '772']
['ARTICLE_773', '773']
['ARTICLE_770', '770']
['ARTICLE_771', '771']
['PARAGRAPH_530_1', '530']
['PARAGRAPH_810_0', '810']
['ARTICLE_778', '778']
['ARTICLE_779', '779']
['ARTICLE_570', '570']
['ARTICLE_571', '571']
['ARTICLE_572', '572']
['ARTICLE_573', '573']
['ARTICLE_574', '574']
['ARTICLE_575', '575']
['ARTICLE_576', '576']
['ARTICLE_577', '577']
['ARTICLE_578', '578']
['ARTICLE_579', '579']
['PARAGRAPH_883_0', '883']
['PARAGRAPH_198_0', '198']
['ARTICLE_876-6', '876-6']
['ARTICLE_876-7', '876-7']
['ARTICLE_876-4', '876-4']
['ARTICLE_876-5', '876-5']
['PARAGRAPH_861_1', '861']
['MIX_463_443_CLEANED', '463,443']
['PARAGRAPH_596_0', '596']
['PARAGRAPH_839_1', '839']
['PARAGRAPH_839_2', '839']
['PARAGRAPH_881_0', '881']
['MIX_596_551', '596,551']
['MIX_957_932_CLEANED', '957,932']
['PARAGRAPH_695_0', '695']
['ARTICLE_178', '178']
['ARTICLE_179', '179']
['PARAGRAPH_927_4', '927']
['ARTICLE_174', '174']
['ARTICLE_175', '175']
['ARTICLE_176', '176']
['ARTICLE_177', '177']
['ARTICLE_170', '170']
['ARTICLE_171', '171']
['ARTICLE_172', '172']
['ARTICLE_173', '173']
['MIX_266_275_CLEANED', '266,275']
['MIX_245_243', '245,243']
['ARTICLE_958', '958']
['MIX_799_738_CLEANED', '799,738']
['PARAGRAPH_168_2', '168']
['PARAGRAPH_927_1', '927']
['PARAGRAPH_168_1', '168']
['MIX_950_928', '950,928']
['ARTICLE_314', '314']
['ARTICLE_315', '315']
['ARTICLE_316', '316']
['ARTICLE_317', '317']
['ARTICLE_310', '310']
['ARTICLE_311', '311']
['ARTICLE_312', '312']
['ARTICLE_313', '313']
['PARAGRAPH_902_2', '902']
['PARAGRAPH_551_2', '551']
['PARAGRAPH_902_1', '902']
['ARTICLE_318', '318']
['ARTICLE_319', '319']
['ARTICLE_504', '504']
['ARTICLE_955', '955']
['PARAGRAPH_807_0', '807']
['PARAGRAPH_795_0', '795']
['PARAGRAPH_551_1', '551']
['PARAGRAPH_900_0', '900']
['MIX_512_491_CLEANED', '512,491']
['PARAGRAPH_536_2', '536']
['PARAGRAPH_783_1', '783']
['MIX_616_598', '616,598']
['ARTICLE_950', '950']
['ARTICLE_951', '951']
['PARAGRAPH_906_0', '906']
['MIX_876-3_844', '876-3,844']
['ARTICLE_817-11', '817-11']
['PARAGRAPH_160_0', '160']
['PARAGRAPH_783_2', '783']
['ARTICLE_799', '799']
['PARAGRAPH_797_2', '797']
['MIX_665_646_CLEANED', '665,646']
['PARAGRAPH_797_1', '797']
['ARTICLE_408', '408']
['ARTICLE_409', '409']
['ARTICLE_814', '814']
['PARAGRAPH_162_1', '162']
['PARAGRAPH_162_2', '162']
['ARTICLE_959', '959']
['ARTICLE_400', '400']
['ARTICLE_401', '401']
['ARTICLE_402', '402']
['ARTICLE_403', '403']
['ARTICLE_404', '404']
['ARTICLE_405', '405']
['ARTICLE_406', '406']
['ARTICLE_407', '407']
['ARTICLE_798', '798']
['PARAGRAPH_719_1', '719']
['PARAGRAPH_719_2', '719']
['PARAGRAPH_598_0', '598']
['PARAGRAPH_164_0', '164']
['ARTICLE_790', '790']
['ARTICLE_791', '791']
['ARTICLE_792', '792']
['ARTICLE_793', '793']
['ARTICLE_794', '794']
['ARTICLE_795', '795']
['ARTICLE_796', '796']
['PARAGRAPH_720_1', '720']
['MIX_350_299_CLEANED', '350,299']
['PARAGRAPH_720_2', '720']
['MIX_266_276_CLEANED', '266,276']
['PARAGRAPH_166_1', '166']
['PARAGRAPH_166_2', '166']
['PARAGRAPH_321_0', '321']
['MIX_934_931_CLEANED', '934,931']
['MIX_806-3_797', '806-3,797']
['PARAGRAPH_758_1', '758']
['PARAGRAPH_758_3', '758']
['PARAGRAPH_758_2', '758']
['PARAGRAPH_805_0', '805']
['ARTICLE_876-3', '876-3']
['ARTICLE_797', '797']
['MIX_876-10_859-2', '876-10,859-2']
['MIX_876-10_859-3', '876-10,859-3']
['PARAGRAPH_857-2_4', '857-2']
['PARAGRAPH_857-2_5', '857-2']
['PARAGRAPH_857-2_2', '857-2']
['PARAGRAPH_857-2_3', '857-2']
['PARAGRAPH_857-2_1', '857-2']
['PARAGRAPH_799_0', '799']
['MIX_947_933_CLEANED', '947,933']
['MIX_982_976_CLEANED', '982,976']
['PARAGRAPH_196_1', '196']
['PARAGRAPH_360_1', '360']
['PARAGRAPH_360_2', '360']
['PARAGRAPH_196_2', '196']
['PARAGRAPH_790_1', '790']
['PARAGRAPH_327_2', '327']
['PARAGRAPH_327_1', '327']
['PARAGRAPH_790_2', '790']
['ARTICLE_817-3', '817-3']
['PARAGRAPH_366_4', '366']
['MIX_872_122', '872,122']
['PARAGRAPH_366_2', '366']
['PARAGRAPH_366_3', '366']
['PARAGRAPH_190_1', '190']
['PARAGRAPH_366_1', '366']
['MIX_876-5_873', '876-5,873']
['MIX_876-5_871', '876-5,871']
['MIX_876-5_870', '876-5,870']
['PARAGRAPH_325_0', '325']
['MIX_950_927', '950,927']
['MIX_813_812_CLEANED', '813,812']
['PARAGRAPH_192_0', '192']
['ARTICLE_580', '580']
['PARAGRAPH_323_0', '323']
['MIX_812_738_CLEANED', '812,738']
['MIX_595_583_CLEANED', '595,583']
['MIX_876-8_847', '876-8,847']
['PARAGRAPH_876-8_2', '876-8']
['PARAGRAPH_328_0', '328']
['MIX_765_819_CLEANED', '765,819']
['PARAGRAPH_499_2', '499']
['PARAGRAPH_499_1', '499']
['PARAGRAPH_1026_0', '1026']
['ARTICLE_1001', '1001']
['PARAGRAPH_751_1', '751']
['PARAGRAPH_751_2', '751']
['PARAGRAPH_657_0', '657']
['MIX_808_748_CLEANED', '808,748']
['PARAGRAPH_1024_0', '1024']
['MIX_565_563_CLEANED', '565,563']
['PARAGRAPH_457_1', '457']
['PARAGRAPH_794_0', '794']
['MIX_512_488_CLEANED', '512,488']
['MIX_940_918', '940,918']
['MIX_876-3_644_CLEANED', '876-3,644']
['PARAGRAPH_362_2', '362']
['MIX_799_738', '799,738']
['PARAGRAPH_362_1', '362']
['PARAGRAPH_1028_0', '1028']
['PARAGRAPH_792_0', '792']
['ARTICLE_825', '825']
['MIX_876-10_871', '876-10,871']
['PARAGRAPH_403_0', '403']
['MIX_876-10_873', '876-10,873']
['MIX_876-10_871_CLEANED', '876-10,871']
['MIX_865_864_CLEANED', '865,864']
['MIX_876-8_859-2', '876-8,859-2']
['PARAGRAPH_616_0', '616']
['PARAGRAPH_712_0', '712']
['ARTICLE_1028', '1028']
['PARAGRAPH_493_0', '493']
['MIX_876-8_859-3', '876-8,859-3']
['PARAGRAPH_369_1', '369']
['PARAGRAPH_369_2', '369']
['ARTICLE_1020', '1020']
['ARTICLE_1021', '1021']
['ARTICLE_1022', '1022']
['ARTICLE_1023', '1023']
['ARTICLE_1024', '1024']
['ARTICLE_1025', '1025']
['ARTICLE_1026', '1026']
['ARTICLE_1027', '1027']
['PARAGRAPH_614_0', '614']
['PARAGRAPH_710_0', '710']
['PARAGRAPH_966_2', '966']
['MIX_895_28_CLEANED', '895,28']
['PARAGRAPH_809_0', '809']
['PARAGRAPH_1022_0', '1022']
['MIX_430_436_CLEANED', '430,436']
['PARAGRAPH_753_0', '753']
['PARAGRAPH_398-2_1', '398-2']
['PARAGRAPH_1020_0', '1020']
['MIX_765_764_CLEANED', '765,764']
['PARAGRAPH_45_3', '45']
['PARAGRAPH_45_2', '45']
['PARAGRAPH_45_1', '45']
['MIX_319_312_CLEANED', '319,312']
['PARAGRAPH_82_1', '82']
['PARAGRAPH_82_2', '82']
['PARAGRAPH_200_2', '200']
['PARAGRAPH_200_1', '200']
['PARAGRAPH_47_0', '47']
['MIX_852_862_CLEANED', '852,862']
['MIX_957_935_CLEANED', '957,935']
['MIX_398-8_398-4', '398-8,398-4']
['PARAGRAPH_84_0', '84']
['PARAGRAPH_895_2', '895']
['MIX_895_27', '895,27']
['MIX_595_583', '595,583']
['PARAGRAPH_41_2', '41']
['PARAGRAPH_41_1', '41']
['PARAGRAPH_716_0', '716']
['PARAGRAPH_365_0', '365']
['ARTICLE_755', '755']
['PARAGRAPH_43_0', '43']
['MIX_866_125_CLEANED', '866,125']
['PARAGRAPH_714_1', '714']
['ARTICLE_756', '756']
['PARAGRAPH_714_2', '714']
['PARAGRAPH_247_1', '247']
['PARAGRAPH_247_2', '247']
['PARAGRAPH_531_3', '531']
['ARTICLE_750', '750']
['PARAGRAPH_806-2_2', '806-2']
['PARAGRAPH_575_1', '575']
['PARAGRAPH_575_2', '575']
['ARTICLE_751', '751']
['PARAGRAPH_537_2', '537']
['ARTICLE_752', '752']
['PARAGRAPH_241_0', '241']
['PARAGRAPH_537_1', '537']
['PARAGRAPH_959_0', '959']
['ARTICLE_753', '753']
['PARAGRAPH_573_0', '573']
['ARTICLE_966', '966']
['MIX_950_928_CLEANED', '950,928']
['ARTICLE_614', '614']
['MIX_950_933_CLEANED', '950,933']
['PARAGRAPH_571_0', '571']
['MIX_571_563_CLEANED', '571,563']
['PARAGRAPH_80_0', '80']
['PARAGRAPH_207_0', '207']
['ARTICLE_613', '613']
['PARAGRAPH_654_0', '654']
['MIX_867_865_CLEANED', '867,865']
['ARTICLE_926', '926']
['ARTICLE_545', '545']
['ARTICLE_544', '544']
['ARTICLE_547', '547']
['PARAGRAPH_398-12_1', '398-12']
['ARTICLE_541', '541']
['ARTICLE_540', '540']
['ARTICLE_543', '543']
['ARTICLE_542', '542']
['MIX_471_470_CLEANED', '471,470']
['MIX_118_117', '118,117']
['ARTICLE_549', '549']
['ARTICLE_548', '548']
['PARAGRAPH_652_0', '652']
['PARAGRAPH_897_2', '897']
['PARAGRAPH_579_0', '579']
['PARAGRAPH_744_2', '744']
['PARAGRAPH_876-4_2', '876-4']
['ARTICLE_141', '141']
['ARTICLE_140', '140']
['ARTICLE_143', '143']
['ARTICLE_142', '142']
['PARAGRAPH_48_2', '48']
['PARAGRAPH_48_3', '48']
['ARTICLE_147', '147']
['PARAGRAPH_48_1', '48']
['ARTICLE_149', '149']
['ARTICLE_148', '148']
['PARAGRAPH_577_1', '577']
['MIX_49_46_CLEANED', '49,46']
['ARTICLE_329', '329']
['ARTICLE_328', '328']
['ARTICLE_899', '899']
['ARTICLE_898', '898']
['ARTICLE_321', '321']
['ARTICLE_320', '320']
['ARTICLE_323', '323']
['ARTICLE_322', '322']
['ARTICLE_325', '325']
['ARTICLE_324', '324']
['ARTICLE_327', '327']
['ARTICLE_326', '326']
['PARAGRAPH_651_1', '651']
['PARAGRAPH_538_0', '538']
['MIX_957_930_CLEANED', '957,930']
['MIX_876-8_850_CLEANED', '876-8,850']
['MIX_944_650', '944,650']
['MIX_350_304_CLEANED', '350,304']
['PARAGRAPH_651_2', '651']
['PARAGRAPH_248_0', '248']
['PARAGRAPH_87_1', '87']
['PARAGRAPH_658_1', '658']
['PARAGRAPH_658_2', '658']
['PARAGRAPH_87_2', '87']
['PARAGRAPH_205_0', '205']
['PARAGRAPH_613_2', '613']
['PARAGRAPH_613_1', '613']
['PARAGRAPH_961_0', '961']
['PARAGRAPH_919_2', '919']
['PARAGRAPH_919_3', '919']
['PARAGRAPH_919_1', '919']
['MIX_876-9_876-4', '876-9,876-4']
['PARAGRAPH_89_2', '89']
['PARAGRAPH_89_1', '89']
['MIX_867_866', '867,866']
['PARAGRAPH_285_2', '285']
['PARAGRAPH_439_0', '439']
['PARAGRAPH_285_1', '285']
['MIX_430_429_CLEANED', '430,429']
['MIX_876-3_844_CLEANED', '876-3,844']
['PARAGRAPH_125_0', '125']
['ARTICLE_439', '439']
['ARTICLE_438', '438']
['MIX_867_854_CLEANED', '867,854']
['PARAGRAPH_287_0', '287']
['ARTICLE_434', '434']
['ARTICLE_437', '437']
['ARTICLE_436', '436']
['ARTICLE_431', '431']
['ARTICLE_430', '430']
['ARTICLE_433', '433']
['ARTICLE_432', '432']
['PARAGRAPH_746_0', '746']
['MIX_458_437_CLEANED', '458,437']
['PARAGRAPH_289_0', '289']
['PARAGRAPH_969_0', '969']
['PARAGRAPH_871_0', '871']
['PARAGRAPH_534_1', '534']
['PARAGRAPH_242_0', '242']
['PARAGRAPH_534_2', '534']
['MIX_953_952_CLEANED', '953,952']
['PARAGRAPH_801_0', '801']
['PARAGRAPH_619_1', '619']
['PARAGRAPH_877_2', '877']
['PARAGRAPH_877_1', '877']
['PARAGRAPH_557_1', '557']
['PARAGRAPH_474_1', '474']
['PARAGRAPH_474_2', '474']
['MIX_865_20', '865,20']
['PARAGRAPH_472_0', '472']
['PARAGRAPH_950_2', '950']
['PARAGRAPH_950_1', '950']
['MIX_571_566_CLEANED', '571,566']
['MIX_876-8_843_CLEANED', '876-8,843']
['PARAGRAPH_281_2', '281']
['MIX_866_20', '866,20']
['PARAGRAPH_281_1', '281']
['PARAGRAPH_952_1', '952']
['PARAGRAPH_129_0', '129']
['PARAGRAPH_283_0', '283']
['MIX_876-8_862_CLEANED', '876-8,862']
['MIX_812_747', '812,747']
['PARAGRAPH_190_2', '190']
['PARAGRAPH_122_0', '122']
['MIX_867_853_CLEANED', '867,853']
['PARAGRAPH_859-2_1', '859-2']
['PARAGRAPH_859-2_2', '859-2']
['PARAGRAPH_859-2_3', '859-2']
['PARAGRAPH_37_0', '37']
['MIX_658_107', '658,107']
['MIX_876-5_861', '876-5,861']
['MIX_876-5_862', '876-5,862']
['ARTICLE_817-10', '817-10']
['MIX_876-3_862_CLEANED', '876-3,862']
['PARAGRAPH_39_0', '39']
['MIX_859_824_CLEANED', '859,824']
['ARTICLE_626', '626']
['MIX_801_800', '801,800']
['PARAGRAPH_476_0', '476']
['PARAGRAPH_237_1', '237']
['PARAGRAPH_237_2', '237']
['PARAGRAPH_260_2', '260']
['PARAGRAPH_686_0', '686']
['MIX_950_934', '950,934']
['MIX_165_163', '165,163']
['PARAGRAPH_239_2', '239']
['PARAGRAPH_239_1', '239']
['PARAGRAPH_701_0', '701']
['PARAGRAPH_680_0', '680']
['MIX_266_274_CLEANED', '266,274']
['MIX_701_647_CLEANED', '701,647']
['MIX_384_63', '384,63']
['MIX_876-3_843_CLEANED', '876-3,843']
['MIX_950_948_CLEANED', '950,948']
['PARAGRAPH_120_2', '120']
['MIX_950_948', '950,948']
['PARAGRAPH_120_1', '120']
['MIX_876-10_863', '876-10,863']
['MIX_876-10_862', '876-10,862']
['MIX_876-10_861', '876-10,861']
['PARAGRAPH_479_0', '479']
['PARAGRAPH_966_1', '966']
['PARAGRAPH_436_2', '436']
['PARAGRAPH_436_1', '436']
['PARAGRAPH_231_2', '231']
['PARAGRAPH_231_1', '231']
['MIX_808_747_CLEANED', '808,747']
['ARTICLE_1039', '1039']
['ARTICLE_1038', '1038']
['PARAGRAPH_938_0', '938']
['PARAGRAPH_434_0', '434']
['ARTICLE_1032', '1032']
['ARTICLE_1031', '1031']
['PARAGRAPH_486_0', '486']
['PARAGRAPH_233_1', '233']
['ARTICLE_1036', '1036']
['ARTICLE_1035', '1035']
['PARAGRAPH_233_2', '233']
['MIX_165_163_CLEANED', '165,163']
['PARAGRAPH_659_0', '659']
['MIX_950_931', '950,931']
['PARAGRAPH_235_2', '235']
['PARAGRAPH_235_1', '235']
['ARTICLE_276', '276']
['PARAGRAPH_471_0', '471']
['MIX_459_442_CLEANED', '459,442']
['MIX_950_944', '950,944']
['MIX_876-5_863_CLEANED', '876-5,863']
['PARAGRAPH_79_4', '79']
['PARAGRAPH_684_0', '684']
['PARAGRAPH_79_2', '79']
['PARAGRAPH_79_3', '79']
['PARAGRAPH_79_1', '79']
['MIX_950_930', '950,930']
['MIX_876-8_644', '876-8,644']
['MIX_957_952_CLEANED', '957,952']
['MIX_222_221', '222,221']
['PARAGRAPH_891_0', '891']
['MIX_319_318_CLEANED', '319,318']
['PARAGRAPH_693_1', '693']
['PARAGRAPH_689_0', '689']
['MIX_865_121', '865,121']
['PARAGRAPH_432_0', '432']
['MIX_865_122', '865,122']
['MIX_865_125', '865,125']
['MIX_865_124', '865,124']
['MIX_926_645', '926,645']
['MIX_865_126', '865,126']
['MIX_49_46', '49,46']
['PARAGRAPH_962_0', '962']
['MIX_49_45', '49,45']
['MIX_895_27_CLEANED', '895,27']
['PARAGRAPH_430_0', '430']
['MIX_933_260_CLEANED', '933,260']
['MIX_749_790_CLEANED', '749,790']
['PARAGRAPH_910_0', '910']
['MIX_665_650_CLEANED', '665,650']
['MIX_512_491', '512,491']
['PARAGRAPH_825_0', '825']
['PARAGRAPH_644_0', '644']
['PARAGRAPH_30_2', '30']
['PARAGRAPH_30_1', '30']
['PARAGRAPH_887_1', '887']
['PARAGRAPH_912_1', '912']
['MIX_950_304_CLEANED', '950,304']
['PARAGRAPH_912_2', '912']
['PARAGRAPH_646_1', '646']
['PARAGRAPH_646_2', '646']
['PARAGRAPH_32_1', '32']
['MIX_384_188_CLEANED', '384,188']
['PARAGRAPH_32_2', '32']
['PARAGRAPH_683_0', '683']
['MIX_749_768_CLEANED', '749,768']
['MIX_867_857_CLEANED', '867,857']
['PARAGRAPH_648_3', '648']
['PARAGRAPH_648_2', '648']
['PARAGRAPH_648_1', '648']
['PARAGRAPH_855_2', '855']
['MIX_894_893', '894,893']
['PARAGRAPH_34_0', '34']
['MIX_458_438_CLEANED', '458,438']
['MIX_867_865', '867,865']
['PARAGRAPH_174_0', '174']
['ARTICLE_558', '558']
['ARTICLE_559', '559']
['ARTICLE_552', '552']
['ARTICLE_553', '553']
['ARTICLE_550', '550']
['ARTICLE_551', '551']
['ARTICLE_556', '556']
['ARTICLE_557', '557']
['ARTICLE_554', '554']
['ARTICLE_555', '555']
['ARTICLE_851', '851']
['MIX_944_646_CLEANED', '944,646']
['MIX_266_274', '266,274']
['MIX_266_275', '266,275']
['MIX_266_276', '266,276']
['PARAGRAPH_914_0', '914']
['MIX_814_770', '814,770']
['PARAGRAPH_640_0', '640']
['MIX_876-5_876-4', '876-5,876-4']
['MIX_421_420_CLEANED', '421,420']
['ARTICLE_156', '156']
['ARTICLE_157', '157']
['ARTICLE_154', '154']
['ARTICLE_155', '155']
['ARTICLE_152', '152']
['ARTICLE_153', '153']
['ARTICLE_150', '150']
['ARTICLE_151', '151']
['PARAGRAPH_642_1', '642']
['ARTICLE_158', '158']
['ARTICLE_159', '159']
['MIX_692_533_CLEANED', '692,533']
['MIX_982_974_CLEANED', '982,974']
['PARAGRAPH_721_0', '721']
['ARTICLE_338', '338']
['ARTICLE_339', '339']
['ARTICLE_336', '336']
['PARAGRAPH_172_2', '172']
['ARTICLE_334', '334']
['PARAGRAPH_398-13_0', '398-13']
['ARTICLE_332', '332']
['ARTICLE_333', '333']
['ARTICLE_330', '330']
['ARTICLE_331', '331']
['PARAGRAPH_415_0', '415']
['MIX_944_646', '944,646']
['MIX_944_647', '944,647']
['PARAGRAPH_727_0', '727']
['PARAGRAPH_398-15_0', '398-15']
['PARAGRAPH_170_0', '170']
['MIX_751_769_CLEANED', '751,769']
['PARAGRAPH_725_0', '725']
['PARAGRAPH_878_0', '878']
['PARAGRAPH_176_0', '176']
['PARAGRAPH_876-10_1', '876-10']
['PARAGRAPH_876-10_2', '876-10']
['MIX_876-3_654', '876-3,654']
['MIX_982_973', '982,973']
['PARAGRAPH_331_2', '331']
['MIX_947_930', '947,930']
['PARAGRAPH_331_1', '331']
['MIX_319_192_CLEANED', '319,192']
['ARTICLE_422', '422']
['ARTICLE_423', '423']
['ARTICLE_420', '420']
['ARTICLE_421', '421']
['ARTICLE_426', '426']
['ARTICLE_427', '427']
['ARTICLE_424', '424']
['ARTICLE_425', '425']
['ARTICLE_428', '428']
['ARTICLE_429', '429']
['PARAGRAPH_333_0', '333']
['PARAGRAPH_856_0', '856']
['PARAGRAPH_398-17_2', '398-17']
['PARAGRAPH_398-17_1', '398-17']
['ARTICLE_715', '715']
['PARAGRAPH_930_2', '930']
['MIX_465-3_446_CLEANED', '465-3,446']
['MIX_982_978', '982,978']
['PARAGRAPH_50_0', '50']
['ARTICLE_646', '646']
['PARAGRAPH_339_0', '339']
['MIX_982_979', '982,979']
['ARTICLE_647', '647']
['MIX_430_440_CLEANED', '430,440']
['PARAGRAPH_376_1', '376']
['ARTICLE_644', '644']
['PARAGRAPH_376_2', '376']
['MIX_49_48', '49,48']
['ARTICLE_567', '567']
['PARAGRAPH_7_0', '7']
['MIX_872_126_CLEANED', '872,126']
['PARAGRAPH_993_1', '993']
['PARAGRAPH_370_0', '370']
['PARAGRAPH_755_0', '755']
['PARAGRAPH_4_0', '4']
['PARAGRAPH_398-18_0', '398-18']
['PARAGRAPH_609_0', '609']
['MIX_771_768_CLEANED', '771,768']
['ARTICLE_55', '55']
['ARTICLE_641', '641']
['ARTICLE_56', '56']
['PARAGRAPH_817-8_2', '817-8']
['MIX_867_857', '867,857']
['MIX_867_856', '867,856']
['MIX_865_20_CLEANED', '865,20']
['MIX_799_739', '799,739']
['MIX_867_853', '867,853']
['PARAGRAPH_618_0', '618']
['MIX_894_893_CLEANED', '894,893']
['ARTICLE_525', '525']
['PARAGRAPH_767_2', '767']
['PARAGRAPH_767_1', '767']
['MIX_940_646', '940,646']
['PARAGRAPH_336_0', '336']
['PARAGRAPH_817-3_1', '817-3']
['MIX_940_645', '940,645']
['MIX_982_981', '982,981']
['MIX_982_980', '982,980']
['PARAGRAPH_489_0', '489']
['MIX_876-10_870', '876-10,870']
['PARAGRAPH_72_3', '72']
['PARAGRAPH_72_2', '72']
['PARAGRAPH_765_1', '765']
['PARAGRAPH_765_2', '765']
['PARAGRAPH_557_2', '557']
['PARAGRAPH_763_0', '763']
['PARAGRAPH_2_0', '2']
['PARAGRAPH_411_0', '411']
['PARAGRAPH_791_2', '791']
['PARAGRAPH_398-10_1', '398-10']
['PARAGRAPH_398-10_2', '398-10']
['PARAGRAPH_398-10_3', '398-10']
['PARAGRAPH_521_1', '521']
['ARTICLE_711', '711']
['PARAGRAPH_374_2', '374']
['PARAGRAPH_374_1', '374']
['MIX_546_545_CLEANED', '546,545']
['MIX_867_864', '867,864']
['PARAGRAPH_1034_0', '1034']
['MIX_950_943', '950,943']
['ARTICLE_876', '876']
['PARAGRAPH_606_1', '606']
['PARAGRAPH_606_2', '606']
['PARAGRAPH_481_1', '481']
['PARAGRAPH_481_2', '481']
['ARTICLE_870', '870']
['PARAGRAPH_976_5', '976']
['PARAGRAPH_976_4', '976']
['PARAGRAPH_976_3', '976']
['PARAGRAPH_976_2', '976']
['PARAGRAPH_976_1', '976']
['PARAGRAPH_600_0', '600']
['PARAGRAPH_74_0', '74']
['MIX_876-8_644_CLEANED', '876-8,644']
['PARAGRAPH_379_0', '379']
['PARAGRAPH_1030_0', '1030']
['PARAGRAPH_332_0', '332']
['PARAGRAPH_722_2', '722']
['PARAGRAPH_602_0', '602']
['PARAGRAPH_722_1', '722']
['PARAGRAPH_76_0', '76']
['PARAGRAPH_769_1', '769']
['PARAGRAPH_769_2', '769']
['PARAGRAPH_1032_0', '1032']
['MIX_814_770_CLEANED', '814,770']
['PARAGRAPH_334_0', '334']
['MIX_749_819_CLEANED', '749,819']
['PARAGRAPH_70_2', '70']
['PARAGRAPH_70_1', '70']
['MIX_465-2_446_CLEANED', '465-2,446']
['PARAGRAPH_929_0', '929']
['PARAGRAPH_274_0', '274']
['MIX_458_440_CLEANED', '458,440']
['MIX_771_766', '771,766']
['ARTICLE_1006', '1006']
['ARTICLE_1007', '1007']
['ARTICLE_1004', '1004']
['ARTICLE_1005', '1005']
['ARTICLE_1002', '1002']
['PARAGRAPH_964_0', '964']
['ARTICLE_1000', '1000']
['PARAGRAPH_413_0', '413']
['MIX_571_563', '571,563']
['PARAGRAPH_276_0', '276']
['MIX_571_566', '571,566']
['ARTICLE_1008', '1008']
['ARTICLE_1009', '1009']
['ARTICLE_1029', '1029']
['PARAGRAPH_373_0', '373']
['ARTICLE_961', '961']
['MIX_926_646_CLEANED', '926,646']
['MIX_458_435_CLEANED', '458,435']
['PARAGRAPH_728_1', '728']
['PARAGRAPH_728_2', '728']
['MIX_965_886', '965,886']
['PARAGRAPH_936_2', '936']
['PARAGRAPH_940_2', '940']
['MIX_813_739_CLEANED', '813,739']
['MIX_876-8_862', '876-8,862']
['PARAGRAPH_505_1', '505']
['PARAGRAPH_803_0', '803']
['PARAGRAPH_505_2', '505']
['PARAGRAPH_923_0', '923']
['MIX_499_467', '499,467']
['PARAGRAPH_936_1', '936']
['PARAGRAPH_503_2', '503']
['PARAGRAPH_503_1', '503']
['PARAGRAPH_278_2', '278']
['PARAGRAPH_278_3', '278']
['PARAGRAPH_278_1', '278']
['MIX_876-8_859-2_CLEANED', '876-8,859-2']
['MIX_950_945', '950,945']
['MIX_267_229', '267,229']
['MIX_970_968_CLEANED', '970,968']
['PARAGRAPH_858_0', '858']
['PARAGRAPH_927_3', '927']
['PARAGRAPH_273_0', '273']
['MIX_771_766_CLEANED', '771,766']
['PARAGRAPH_588_0', '588']
['MIX_947_930_CLEANED', '947,930']
['PARAGRAPH_927_2', '927']
['PARAGRAPH_586_2', '586']
['PARAGRAPH_971_0', '971']
['PARAGRAPH_854_0', '854']
['PARAGRAPH_586_1', '586']
['PARAGRAPH_507_0', '507']
['PARAGRAPH_584_0', '584']
['MIX_979_976', '979,976']
['ARTICLE_529', '529']
['ARTICLE_528', '528']
['ARTICLE_527', '527']
['ARTICLE_526', '526']
['PARAGRAPH_308_0', '308']
['ARTICLE_524', '524']
['ARTICLE_523', '523']
['ARTICLE_522', '522']
['ARTICLE_521', '521']
['ARTICLE_520', '520']
['MIX_867_861', '867,861']
['PARAGRAPH_277_0', '277']
['PARAGRAPH_973_2', '973']
['PARAGRAPH_605_0', '605']
['PARAGRAPH_973_1', '973']
['PARAGRAPH_508_0', '508']
['PARAGRAPH_271_0', '271']
['PARAGRAPH_607_0', '607']
['MIX_947_941', '947,941']
['PARAGRAPH_300_0', '300']
['MIX_765_764', '765,764']
['PARAGRAPH_137_0', '137']
['PARAGRAPH_429_2', '429']
['MIX_856_853_CLEANED', '856,853']
['PARAGRAPH_429_1', '429']
['ARTICLE_633', '633']
['ARTICLE_632', '632']
['ARTICLE_631', '631']
['ARTICLE_630', '630']
['PARAGRAPH_302_0', '302']
['ARTICLE_188', '188']
['ARTICLE_635', '635']
['ARTICLE_634', '634']
['ARTICLE_185', '185']
['ARTICLE_184', '184']
['ARTICLE_187', '187']
['ARTICLE_186', '186']
['ARTICLE_181', '181']
['PARAGRAPH_135_1', '135']
['PARAGRAPH_135_2', '135']
['ARTICLE_182', '182']
['PARAGRAPH_545_1', '545']
['PARAGRAPH_817_0', '817']
['PARAGRAPH_545_3', '545']
['PARAGRAPH_545_2', '545']
['PARAGRAPH_304_2', '304']
['PARAGRAPH_867_1', '867']
['PARAGRAPH_867_2', '867']
['ARTICLE_225', '225']
['PARAGRAPH_500_0', '500']
['MIX_934_927_CLEANED', '934,927']
['ARTICLE_226', '226']
['PARAGRAPH_563_3', '563']
['PARAGRAPH_819_3', '819']
['PARAGRAPH_819_2', '819']
['PARAGRAPH_819_1', '819']
['PARAGRAPH_865_1', '865']
['PARAGRAPH_861_2', '861']
['PARAGRAPH_819_6', '819']
['PARAGRAPH_819_5', '819']
['PARAGRAPH_819_4', '819']
['PARAGRAPH_306_0', '306']
['ARTICLE_189', '189']
['ARTICLE_636', '636']
['MIX_830_29', '830,29']
['PARAGRAPH_969-2_1', '969-2']
['PARAGRAPH_969-2_2', '969-2']
['PARAGRAPH_969-2_3', '969-2']
['MIX_830_27', '830,27']
['ARTICLE_457', '457']
['ARTICLE_456', '456']
['ARTICLE_455', '455']
['ARTICLE_454', '454']
['ARTICLE_453', '453']
['ARTICLE_452', '452']
['ARTICLE_451', '451']
['ARTICLE_450', '450']
['MIX_305_296', '305,296']
['ARTICLE_989', '989']
['ARTICLE_639', '639']
['ARTICLE_459', '459']
['ARTICLE_458', '458']
['ARTICLE_638', '638']
['MIX_943_29_CLEANED', '943,29']
['PARAGRAPH_926_1', '926']
['PARAGRAPH_926_2', '926']
['PARAGRAPH_811_3', '811']
['PARAGRAPH_811_2', '811']
['PARAGRAPH_811_1', '811']
['PARAGRAPH_543_0', '543']
['PARAGRAPH_811_6', '811']
['PARAGRAPH_811_5', '811']
['ARTICLE_180', '180']
['ARTICLE_183', '183']
['PARAGRAPH_920_0', '920']
['MIX_813_811-2_CLEANED', '813,811-2']
['PARAGRAPH_139_0', '139']
['PARAGRAPH_813_1', '813']
['PARAGRAPH_541_0', '541']
['PARAGRAPH_462_1', '462']
['PARAGRAPH_813_2', '813']
['ARTICLE_645', '645']
['PARAGRAPH_775_0', '775']
['PARAGRAPH_580_1', '580']
['PARAGRAPH_25_1', '25']
['PARAGRAPH_130_0', '130']
['PARAGRAPH_25_2', '25']
['PARAGRAPH_580_2', '580']
['MIX_430_439', '430,439']
['MIX_430_438', '430,438']
['PARAGRAPH_777_0', '777']
['MIX_430_435', '430,435']
['MIX_430_434', '430,434']
['MIX_430_437', '430,437']
['MIX_430_436', '430,436']
['ARTICLE_642', '642']
['ARTICLE_858', '858']
['ARTICLE_853', '853']
['ARTICLE_852', '852']
['PARAGRAPH_779_0', '779']
['PARAGRAPH_304_1', '304']
['PARAGRAPH_29_1', '29']
['ARTICLE_856', '856']
['ARTICLE_855', '855']
['PARAGRAPH_29_2', '29']
['MIX_940_650_CLEANED', '940,650']
['ARTICLE_398-19', '398-19']
['ARTICLE_398-18', '398-18']
['ARTICLE_398-15', '398-15']
['ARTICLE_398-14', '398-14']
['ARTICLE_398-17', '398-17']
['ARTICLE_398-16', '398-16']
['ARTICLE_398-11', '398-11']
['ARTICLE_398-10', '398-10']
['ARTICLE_398-13', '398-13']
['ARTICLE_398-12', '398-12']
['ARTICLE_643', '643']
['MIX_947_933', '947,933']
['PARAGRAPH_463_1', '463']
['PARAGRAPH_463_2', '463']
['MIX_771_769_CLEANED', '771,769']
['PARAGRAPH_465_2', '465']
['ARTICLE_640', '640']
['PARAGRAPH_465_1', '465']
['PARAGRAPH_979_4', '979']
['PARAGRAPH_771_0', '771']
['PARAGRAPH_134_0', '134']
['MIX_319_193_CLEANED', '319,193']
['PARAGRAPH_467_1', '467']
['PARAGRAPH_467_2', '467']
['PARAGRAPH_773_0', '773']
['PARAGRAPH_132_0', '132']
['PARAGRAPH_398-11_1', '398-11']
['PARAGRAPH_27_2', '27']
['PARAGRAPH_223_0', '223']
['ARTICLE_746', '746']
['PARAGRAPH_979_2', '979']
['PARAGRAPH_1_1', '1']
['PARAGRAPH_420_3', '420']
['PARAGRAPH_420_2', '420']
['PARAGRAPH_420_1', '420']
['MIX_658_105_CLEANED', '658,105']
['PARAGRAPH_221_1', '221']
['PARAGRAPH_221_2', '221']
['MIX_876-5_862_CLEANED', '876-5,862']
['MIX_876-5_859-3_CLEANED', '876-5,859-3']
['MIX_876-2_844_CLEANED', '876-2,844']
['PARAGRAPH_422_0', '422']
['PARAGRAPH_227_0', '227']
['PARAGRAPH_678_2', '678']
['PARAGRAPH_678_1', '678']
['MIX_887_891', '887,891']
['ARTICLE_98-2', '98-2']
['PARAGRAPH_461_2', '461']
['PARAGRAPH_225_1', '225']
['PARAGRAPH_225_2', '225']
['PARAGRAPH_461_1', '461']
['MIX_692_691_CLEANED', '692,691']
['PARAGRAPH_44_1', '44']
['MIX_1012_645', '1012,645']
['MIX_1012_646', '1012,646']
['PARAGRAPH_671_0', '671']
['MIX_830_29_CLEANED', '830,29']
['PARAGRAPH_774_0', '774']
['ARTICLE_1011', '1011']
['ARTICLE_1010', '1010']
['ARTICLE_1013', '1013']
['ARTICLE_1012', '1012']
['ARTICLE_1015', '1015']
['PARAGRAPH_673_0', '673']
['ARTICLE_1017', '1017']
['ARTICLE_1016', '1016']
['ARTICLE_1019', '1019']
['ARTICLE_1018', '1018']
['MIX_830_28', '830,28']
['MIX_982_977_CLEANED', '982,977']
['PARAGRAPH_675_0', '675']
['PARAGRAPH_424_2', '424']
['PARAGRAPH_424_1', '424']
['MIX_465_444_CLEANED', '465,444']
['ARTICLE_98', '98']
['ARTICLE_99', '99']
['ARTICLE_90', '90']
['ARTICLE_91', '91']
['ARTICLE_92', '92']
['ARTICLE_93', '93']
['ARTICLE_94', '94']
['PARAGRAPH_426_0', '426']
['ARTICLE_96', '96']
['ARTICLE_97', '97']
['MIX_866_122_CLEANED', '866,122']
['ARTICLE_903', '903']
['PARAGRAPH_585_1', '585']
['PARAGRAPH_857_0', '857']
['PARAGRAPH_630_0', '630']
['PARAGRAPH_585_2', '585']
['MIX_1044_901_CLEANED', '1044,901']
['MIX_749_728_CLEANED', '749,728']
['MIX_876-10_876-5', '876-10,876-5']
['PARAGRAPH_583_2', '583']
['PARAGRAPH_583_1', '583']
['PARAGRAPH_851_0', '851']
['PARAGRAPH_632_0', '632']
['PARAGRAPH_22_0', '22']
['MIX_867_863', '867,863']
['ARTICLE_763', '763']
['ARTICLE_985', '985']
['ARTICLE_716', '716']
['PARAGRAPH_228_0', '228']
['ARTICLE_984', '984']
['PARAGRAPH_20_4', '20']
['PARAGRAPH_581_2', '581']
['PARAGRAPH_20_1', '20']
['PARAGRAPH_20_2', '20']
['PARAGRAPH_20_3', '20']
['ARTICLE_986', '986']
['ARTICLE_981', '981']
['MIX_465_462_CLEANED', '465,462']
['PARAGRAPH_988_0', '988']
['MIX_741_740_CLEANED', '741,740']
['PARAGRAPH_26_0', '26']
['ARTICLE_980', '980']
['ARTICLE_983', '983']
['PARAGRAPH_868_0', '868']
['ARTICLE_982', '982']
['ARTICLE_826', '826']
['ARTICLE_827', '827']
['ARTICLE_824', '824']
['PARAGRAPH_531_1', '531']
['PARAGRAPH_634_2', '634']
['PARAGRAPH_982_0', '982']
['PARAGRAPH_634_1', '634']
['PARAGRAPH_531_2', '531']
['MIX_131_129_CLEANED', '131,129']
['ARTICLE_822', '822']
['PARAGRAPH_520_0', '520']
['ARTICLE_823', '823']
['PARAGRAPH_636_0', '636']
['ARTICLE_820', '820']
['PARAGRAPH_1009_0', '1009']
['PARAGRAPH_806-2_1', '806-2']
['ARTICLE_821', '821']
['PARAGRAPH_957_2', '957']
['PARAGRAPH_975_0', '975']
['PARAGRAPH_146_0', '146']
['ARTICLE_538', '538']
['ARTICLE_539', '539']
['MIX_465-3_446', '465-3,446']
['MIX_866_20_CLEANED', '866,20']
['ARTICLE_534', '534']
['ARTICLE_535', '535']
['ARTICLE_536', '536']
['ARTICLE_537', '537']
['PARAGRAPH_101_1', '101']
['PARAGRAPH_453_0', '453']
['ARTICLE_532', '532']
['PARAGRAPH_101_2', '101']
['ARTICLE_6', '6']
['ARTICLE_7', '7']
['ARTICLE_4', '4']
['ARTICLE_5', '5']
['PARAGRAPH_144_0', '144']
['ARTICLE_3', '3']
['ARTICLE_1', '1']
['MIX_512_489', '512,489']
['PARAGRAPH_107_2', '107']
['ARTICLE_8', '8']
['PARAGRAPH_455_0', '455']
['PARAGRAPH_733_1', '733']
['PARAGRAPH_733_2', '733']
['ARTICLE_32-2', '32-2']
['MIX_866_121_CLEANED', '866,121']
['PARAGRAPH_142_0', '142']
['PARAGRAPH_140_0', '140']
['MIX_982_978_CLEANED', '982,978']
['PARAGRAPH_782_0', '782']
['MIX_1012_646_CLEANED', '1012,646']
['MIX_872_122_CLEANED', '872,122']
['MIX_741_740', '741,740']
['PARAGRAPH_149_0', '149']
['MIX_319_194_CLEANED', '319,194']
['PARAGRAPH_398-9_1', '398-9']
['ARTICLE_193', '193']
['PARAGRAPH_398-9_3', '398-9']
['PARAGRAPH_345_0', '345']
['PARAGRAPH_398-9_5', '398-9']
['PARAGRAPH_398-9_4', '398-9']
['ARTICLE_194', '194']
['ARTICLE_195', '195']
['ARTICLE_628', '628']
['ARTICLE_629', '629']
['ARTICLE_198', '198']
['ARTICLE_199', '199']
['PARAGRAPH_398-5_0', '398-5']
['PARAGRAPH_174-2_2', '174-2']
['PARAGRAPH_174-2_1', '174-2']
['MIX_222_221_CLEANED', '222,221']
['PARAGRAPH_451_0', '451']
['ARTICLE_998', '998']
['ARTICLE_999', '999']
['MIX_876-5_873_CLEANED', '876-5,873']
['MIX_565_564_CLEANED', '565,564']
['ARTICLE_992', '992']
['ARTICLE_993', '993']
['ARTICLE_990', '990']
['ARTICLE_991', '991']
['PARAGRAPH_108_0', '108']
['ARTICLE_997', '997']
['ARTICLE_994', '994']
['ARTICLE_995', '995']
['ARTICLE_444', '444']
['ARTICLE_445', '445']
['ARTICLE_446', '446']
['ARTICLE_447', '447']
['ARTICLE_440', '440']
['ARTICLE_441', '441']
['ARTICLE_442', '442']
['ARTICLE_443', '443']
['PARAGRAPH_990_0', '990']
['ARTICLE_448', '448']
['ARTICLE_449', '449']
['MIX_876-2_844', '876-2,844']
['MIX_876-2_843', '876-2,843']
['PARAGRAPH_349_0', '349']
['MIX_751_728_CLEANED', '751,728']
['MIX_372_351_CLEANED', '372,351']
['MIX_701_645_CLEANED', '701,645']
['PARAGRAPH_342_0', '342']
['PARAGRAPH_62_0', '62']
['PARAGRAPH_1000_0', '1000']
['MIX_876-10_654', '876-10,654']
['MIX_876-10_655', '876-10,655']
['MIX_430_429', '430,429']
['PARAGRAPH_60_0', '60']
['PARAGRAPH_1002_2', '1002']
['MIX_817_769_CLEANED', '817,769']
['ARTICLE_848', '848']
['ARTICLE_849', '849']
['PARAGRAPH_398-22_3', '398-22']
['PARAGRAPH_398-22_2', '398-22']
['PARAGRAPH_398-22_1', '398-22']
['PARAGRAPH_456_0', '456']
['ARTICLE_841', '841']
['ARTICLE_843', '843']
['ARTICLE_844', '844']
['ARTICLE_845', '845']
['PARAGRAPH_815_0', '815']
['ARTICLE_847', '847']
['PARAGRAPH_388_0', '388']
['MIX_876-5_654', '876-5,654']
['ARTICLE_398-20', '398-20']
['ARTICLE_398-21', '398-21']
['PARAGRAPH_458_0', '458']
['MIX_1044_900_CLEANED', '1044,900']
['PARAGRAPH_381_0', '381']
['MIX_865_122_CLEANED', '865,122']
['PARAGRAPH_992_0', '992']
['MIX_876-5_832', '876-5,832']
['PARAGRAPH_942_0', '942']
['PARAGRAPH_738_0', '738']
['PARAGRAPH_68_1', '68']
['PARAGRAPH_68_2', '68']
['PARAGRAPH_383_0', '383']
['MIX_398-10_398-9_CLEANED', '398-10,398-9']
['PARAGRAPH_940_1', '940']
['PARAGRAPH_66_0', '66']
['PARAGRAPH_638_2', '638']
['PARAGRAPH_385_0', '385']
['PARAGRAPH_1004_3', '1004']
['PARAGRAPH_1004_2', '1004']
['PARAGRAPH_1004_1', '1004']
['MIX_875_832_CLEANED', '875,832']
['PARAGRAPH_340_0', '340']
['PARAGRAPH_876-8_1', '876-8']
['ARTICLE_889', '889']
['PARAGRAPH_734_2', '734']
['PARAGRAPH_734_1', '734']
['PARAGRAPH_64_0', '64']
['PARAGRAPH_387_1', '387']
['PARAGRAPH_387_2', '387']
['PARAGRAPH_1006_1', '1006']
['PARAGRAPH_1006_3', '1006']
['PARAGRAPH_1006_2', '1006']
['PARAGRAPH_268_1', '268']
['PARAGRAPH_268_2', '268']
['PARAGRAPH_808_1', '808']
['PARAGRAPH_808_2', '808']
['MIX_918_28_CLEANED', '918,28']
['PARAGRAPH_939_0', '939']
['PARAGRAPH_266_2', '266']
['PARAGRAPH_266_1', '266']
['MIX_934_724_CLEANED', '934,724']
['PARAGRAPH_558_0', '558']
['MIX_398-6_398-4', '398-6,398-4']
['MIX_684_620_CLEANED', '684,620']
['PARAGRAPH_748_3', '748']
['PARAGRAPH_876_0', '876']
['MIX_876-10_832', '876-10,832']
['MIX_458_439_CLEANED', '458,439']
['PARAGRAPH_834-2_2', '834-2']
['PARAGRAPH_834-2_1', '834-2']
['MIX_901_887_CLEANED', '901,887']
['MIX_869_644', '869,644']
['MIX_867_864_CLEANED', '867,864']
['MIX_901_889', '901,889']
['PARAGRAPH_989_1', '989']
['PARAGRAPH_989_2', '989']
['PARAGRAPH_931_0', '931']
['ARTICLE_884', '884']
['ARTICLE_75', '75']
['ARTICLE_859', '859']
['MIX_901_887', '901,887']
['ARTICLE_637', '637']
['PARAGRAPH_394_1', '394']
['MIX_957_929', '957,929']
['MIX_957_928', '957,928']
['PARAGRAPH_639_0', '639']
['ARTICLE_663', '663']
['MIX_957_927', '957,927']
['PARAGRAPH_663_1', '663']
['ARTICLE_885', '885']
['MIX_946_304', '946,304']
['ARTICLE_546', '546']
['MIX_872_125_CLEANED', '872,125']
['ARTICLE_89', '89']
['ARTICLE_88', '88']
['ARTICLE_87', '87']
['ARTICLE_86', '86']
['ARTICLE_85', '85']
['ARTICLE_84', '84']
['ARTICLE_83', '83']
['ARTICLE_82', '82']
['ARTICLE_81', '81']
['ARTICLE_80', '80']
['PARAGRAPH_261_0', '261']
['ARTICLE_850', '850']
['ARTICLE_886', '886']
['MIX_1012_647_CLEANED', '1012,647']
['ARTICLE_857', '857']
['PARAGRAPH_784_0', '784']
['MIX_671_646', '671,646']
['PARAGRAPH_876-9_1', '876-9']
['ARTICLE_854', '854']
['PARAGRAPH_465-2_1', '465-2']
['PARAGRAPH_465-2_3', '465-2']
['PARAGRAPH_465-2_2', '465-2']
['PARAGRAPH_848_0', '848']
['ARTICLE_887', '887']
['PARAGRAPH_465-4_0', '465-4']
['PARAGRAPH_519_0', '519']
['PARAGRAPH_846_0', '846']
['MIX_749_819', '749,819']
['MIX_473_472', '473,472']
['PARAGRAPH_314_0', '314']
['ARTICLE_880', '880']
['PARAGRAPH_510_0', '510']
['PARAGRAPH_865_2', '865']
['PARAGRAPH_512_0', '512']
['PARAGRAPH_468_2', '468']
['MIX_872_124_CLEANED', '872,124']
['MIX_876-8_846', '876-8,846']
['MIX_950_932_CLEANED', '950,932']
['PARAGRAPH_468_1', '468']
['PARAGRAPH_949_0', '949']
['MIX_865_124_CLEANED', '865,124']
['PARAGRAPH_788_0', '788']
['PARAGRAPH_514_0', '514']
['MIX_876-5_832_CLEANED', '876-5,832']
['MIX_901_900_CLEANED', '901,900']
['PARAGRAPH_263_0', '263']
['PARAGRAPH_947_3', '947']
['PARAGRAPH_947_2', '947']
['PARAGRAPH_947_1', '947']
['MIX_471_470', '471,470']
['PARAGRAPH_516_0', '516']
['MIX_749_728', '749,728']
['MIX_957_933_CLEANED', '957,933']
['ARTICLE_501', '501']
['ARTICLE_500', '500']
['ARTICLE_503', '503']
['ARTICLE_502', '502']
['ARTICLE_505', '505']
['PARAGRAPH_181_0', '181']
['ARTICLE_507', '507']
['ARTICLE_506', '506']
['ARTICLE_509', '509']
['ARTICLE_508', '508']
['MIX_512_490', '512,490']
['PARAGRAPH_312_0', '312']
['ARTICLE_1044', '1044']
['MIX_852_861_CLEANED', '852,861']
['PARAGRAPH_187_2', '187']
['PARAGRAPH_187_1', '187']
['PARAGRAPH_553_0', '553']
['MIX_1020_654_CLEANED', '1020,654']
['PARAGRAPH_899_0', '899']
['ARTICLE_883', '883']
['PARAGRAPH_310_0', '310']
['PARAGRAPH_650_1', '650']
['PARAGRAPH_185_0', '185']
['PARAGRAPH_245_0', '245']
['PARAGRAPH_316_0', '316']
['PARAGRAPH_817-11_0', '817-11']
['MIX_501_499_CLEANED', '501,499']
['PARAGRAPH_650_3', '650']
['ARTICLE_145', '145']
['PARAGRAPH_749_0', '749']
['PARAGRAPH_398-2_2', '398-2']
['PARAGRAPH_398-2_3', '398-2']
['ARTICLE_144', '144']
['ARTICLE_1043', '1043']
['ARTICLE_146', '146']
['PARAGRAPH_742_0', '742']
['ARTICLE_615', '615']
['PARAGRAPH_577_2', '577']
['ARTICLE_617', '617']
['ARTICLE_616', '616']
['ARTICLE_611', '611']
['ARTICLE_610', '610']
['PARAGRAPH_418_0', '418']
['ARTICLE_612', '612']
['PARAGRAPH_936_3', '936']
['PARAGRAPH_19_1', '19']
['PARAGRAPH_19_2', '19']
['ARTICLE_619', '619']
['ARTICLE_618', '618']
['PARAGRAPH_876-4_1', '876-4']
['PARAGRAPH_744_1', '744']
['MIX_876-10_655_CLEANED', '876-10,655']
['PARAGRAPH_555_0', '555']
['PARAGRAPH_787_0', '787']
['PARAGRAPH_934_1', '934']
['MIX_430_435_CLEANED', '430,435']
['PARAGRAPH_934_3', '934']
['PARAGRAPH_934_2', '934']
['ARTICLE_291', '291']
['ARTICLE_290', '290']
['ARTICLE_293', '293']
['ARTICLE_292', '292']
['ARTICLE_295', '295']
['ARTICLE_294', '294']
['ARTICLE_297', '297']
['ARTICLE_296', '296']
['ARTICLE_299', '299']
['ARTICLE_298', '298']
['PARAGRAPH_994_1', '994']
['PARAGRAPH_932_0', '932']
['ARTICLE_479', '479']
['ARTICLE_478', '478']
['PARAGRAPH_27_3', '27']
['ARTICLE_811-2', '811-2']
['ARTICLE_471', '471']
['ARTICLE_470', '470']
['ARTICLE_473', '473']
['ARTICLE_472', '472']
['ARTICLE_475', '475']
['ARTICLE_474', '474']
['ARTICLE_477', '477']
['ARTICLE_476', '476']
['PARAGRAPH_11_0', '11']
['ARTICLE_279', '279']
['ARTICLE_278', '278']
['PARAGRAPH_876-2_1', '876-2']
['PARAGRAPH_876-2_3', '876-2']
['PARAGRAPH_876-2_2', '876-2']
['ARTICLE_273', '273']
['ARTICLE_272', '272']
['ARTICLE_271', '271']
['ARTICLE_270', '270']
['ARTICLE_277', '277']
['PARAGRAPH_58_0', '58']
['ARTICLE_275', '275']
['ARTICLE_274', '274']
['MIX_634_533_CLEANED', '634,533']
['PARAGRAPH_703_0', '703']
['MIX_959_956_CLEANED', '959,956']
['MIX_876-10_873_CLEANED', '876-10,873']
['PARAGRAPH_229_0', '229']
['PARAGRAPH_876-6_0', '876-6']
['ARTICLE_896', '896']
['ARTICLE_191', '191']
['PARAGRAPH_740_0', '740']
['ARTICLE_895', '895']
['PARAGRAPH_211_1', '211']
['PARAGRAPH_52_2', '52']
['PARAGRAPH_52_1', '52']
['PARAGRAPH_211_2', '211']
['MIX_887_891_CLEANED', '887,891']
['MIX_876-7_844_CLEANED', '876-7,844']
['ARTICLE_893', '893']
['PARAGRAPH_668_0', '668']
['MIX_630_620', '630,620']
['ARTICLE_892', '892']
['PARAGRAPH_747_1', '747']
['PARAGRAPH_417_0', '417']
['MIX_876-10_644', '876-10,644']
['ARTICLE_890', '890']
['PARAGRAPH_1040_1', '1040']
['ARTICLE_710', '710']
['PARAGRAPH_747_2', '747']
['ARTICLE_879', '879']
['ARTICLE_878', '878']
['PARAGRAPH_56_0', '56']
['ARTICLE_875', '875']
['ARTICLE_874', '874']
['ARTICLE_877', '877']
['PARAGRAPH_705_0', '705']
['ARTICLE_871', '871']
['ARTICLE_712', '712']
['ARTICLE_873', '873']
['ARTICLE_872', '872']
['ARTICLE_713', '713']
['MIX_876-5_644', '876-5,644']
['PARAGRAPH_54_0', '54']
['MIX_852_847_CLEANED', '852,847']
['PARAGRAPH_707_1', '707']
['PARAGRAPH_707_2', '707']
['ARTICLE_692', '692']
['PARAGRAPH_250_0', '250']
['PARAGRAPH_522_1', '522']
['PARAGRAPH_522_2', '522']
['PARAGRAPH_217_0', '217']
['MIX_876-5_824', '876-5,824']
['PARAGRAPH_256_2', '256']
['PARAGRAPH_524_0', '524']
['PARAGRAPH_256_1', '256']
['PARAGRAPH_215_0', '215']
['MIX_350_298_CLEANED', '350,298']
['MIX_458_440', '458,440']
['MIX_1044_903', '1044,903']
['PARAGRAPH_182_2', '182']
['PARAGRAPH_182_1', '182']
['PARAGRAPH_213_2', '213']
['PARAGRAPH_213_1', '213']
['MIX_490_488_CLEANED', '490,488']
['MIX_953_952', '953,952']
['PARAGRAPH_993_2', '993']
['MIX_926_918_CLEANED', '926,918']
['PARAGRAPH_567_1', '567']
['PARAGRAPH_180_0', '180']
['PARAGRAPH_218_0', '218']
['PARAGRAPH_979_1', '979']
['MIX_684_620', '684,620']
['PARAGRAPH_661_0', '661']
['MIX_875_872', '875,872']
['MIX_953_29_CLEANED', '953,29']
['PARAGRAPH_667_2', '667']
['PARAGRAPH_667_1', '667']
['PARAGRAPH_59_0', '59']
['ARTICLE_897', '897']
['MIX_865_864', '865,864']
['MIX_876-10_824', '876-10,824']
['PARAGRAPH_665_0', '665']
['MIX_665_646', '665,646']
['PARAGRAPH_252_0', '252']
['PARAGRAPH_188_0', '188']
['PARAGRAPH_447_2', '447']
['MIX_788_766_CLEANED', '788,766']
['PARAGRAPH_998_2', '998']
['PARAGRAPH_529_0', '529']
['PARAGRAPH_843_4', '843']
['PARAGRAPH_447_1', '447']
['PARAGRAPH_843_2', '843']
['PARAGRAPH_843_3', '843']
['PARAGRAPH_843_1', '843']
['PARAGRAPH_16_0', '16']
['PARAGRAPH_259_1', '259']
['PARAGRAPH_259_2', '259']
['MIX_957_930', '957,930']
['MIX_957_931', '957,931']
['MIX_957_932', '957,932']
['MIX_957_933', '957,933']
['MIX_957_934', '957,934']
['PARAGRAPH_972_2', '972']
['PARAGRAPH_841_0', '841']
['PARAGRAPH_620_0', '620']
['PARAGRAPH_14_1', '14']
['PARAGRAPH_14_2', '14']
['PARAGRAPH_581_1', '581']
['PARAGRAPH_919_4', '919']
['ARTICLE_72', '72']
['ARTICLE_73', '73']
['ARTICLE_70', '70']
['ARTICLE_71', '71']
['ARTICLE_76', '76']
['ARTICLE_77', '77']
['ARTICLE_74', '74']
['PARAGRAPH_12_0', '12']
['PARAGRAPH_663_2', '663']
['ARTICLE_78', '78']
['ARTICLE_79', '79']
['MIX_671_650', '671,650']
['PARAGRAPH_896_0', '896']
['PARAGRAPH_1015_0', '1015']
['MIX_267_229_CLEANED', '267,229']
['PARAGRAPH_150_0', '150']
['MIX_869_830_CLEANED', '869,830']
['PARAGRAPH_656_0', '656']
['PARAGRAPH_876-5_3', '876-5']
['PARAGRAPH_626_2', '626']
['PARAGRAPH_626_1', '626']
['PARAGRAPH_431_0', '431']
['PARAGRAPH_527_1', '527']
['PARAGRAPH_255_0', '255']
['PARAGRAPH_828_0', '828']
['PARAGRAPH_527_2', '527']
['MIX_950_304', '950,304']
['PARAGRAPH_624_1', '624']
['PARAGRAPH_996_0', '996']
['PARAGRAPH_1017_1', '1017']
['PARAGRAPH_624_2', '624']
['MIX_813_811_CLEANED', '813,811']
['PARAGRAPH_441_0', '441']
['PARAGRAPH_117_1', '117']
['PARAGRAPH_117_2', '117']
['PARAGRAPH_158_2', '158']
['PARAGRAPH_158_1', '158']
['MIX_944_645', '944,645']
['ARTICLE_894', '894']
['PARAGRAPH_111_2', '111']
['MIX_866_126_CLEANED', '866,126']
['PARAGRAPH_111_1', '111']
['PARAGRAPH_890_0', '890']
['ARTICLE_925', '925']
['ARTICLE_174-2', '174-2']
['MIX_501_499', '501,499']
['PARAGRAPH_892_0', '892']
['ARTICLE_607', '607']
['MIX_686_670_CLEANED', '686,670']
['MIX_666_591_CLEANED', '666,591']
['MIX_872_20_CLEANED', '872,20']
['ARTICLE_876-10', '876-10']
['MIX_867_862_CLEANED', '867,862']
['PARAGRAPH_894_1', '894']
['ARTICLE_516', '516']
['ARTICLE_517', '517']
['ARTICLE_514', '514']
['ARTICLE_515', '515']
['ARTICLE_512', '512']
['ARTICLE_513', '513']
['ARTICLE_510', '510']
['ARTICLE_511', '511']
['PARAGRAPH_357_0', '357']
['ARTICLE_518', '518']
['ARTICLE_519', '519']
['PARAGRAPH_948_0', '948']
['MIX_852_840_CLEANED', '852,840']
['MIX_950_929_CLEANED', '950,929']
['PARAGRAPH_1044_0', '1044']
['PARAGRAPH_355_0', '355']
['MIX_889_887_CLEANED', '889,887']
['MIX_947_931', '947,931']
['PARAGRAPH_781_1', '781']
['MIX_852_843_CLEANED', '852,843']
['PARAGRAPH_894_2', '894']
['ARTICLE_891', '891']
['PARAGRAPH_443_2', '443']
['PARAGRAPH_115_0', '115']
['PARAGRAPH_443_1', '443']
['MIX_876-10_876-9', '876-10,876-9']
['PARAGRAPH_853_2', '853']
['ARTICLE_608', '608']
['ARTICLE_609', '609']
['PARAGRAPH_157_1', '157']
['ARTICLE_602', '602']
['ARTICLE_603', '603']
['ARTICLE_600', '600']
['ARTICLE_601', '601']
['ARTICLE_606', '606']
['PARAGRAPH_157_2', '157']
['ARTICLE_604', '604']
['ARTICLE_605', '605']
['ARTICLE_435', '435']
['PARAGRAPH_448_0', '448']
['PARAGRAPH_873_2', '873']
['MIX_947_932_CLEANED', '947,932']
['PARAGRAPH_873_1', '873']
['MIX_621_600', '621,600']
['PARAGRAPH_118_0', '118']
['MIX_950_930_CLEANED', '950,930']
['PARAGRAPH_155_0', '155']
['ARTICLE_286', '286']
['ARTICLE_287', '287']
['ARTICLE_284', '284']
['ARTICLE_285', '285']
['ARTICLE_282', '282']
['ARTICLE_283', '283']
['ARTICLE_280', '280']
['ARTICLE_281', '281']
['PARAGRAPH_359_0', '359']
['MIX_751_769', '751,769']
['ARTICLE_288', '288']
['ARTICLE_289', '289']
['ARTICLE_468', '468']
['ARTICLE_469', '469']
['ARTICLE_466', '466']
['PARAGRAPH_350_0', '350']
['ARTICLE_464', '464']
['ARTICLE_465', '465']
['ARTICLE_462', '462']
['ARTICLE_463', '463']
['ARTICLE_460', '460']
['ARTICLE_461', '461']
['ARTICLE_268', '268']
['ARTICLE_269', '269']
['MIX_749_766_CLEANED', '749,766']
['ARTICLE_260', '260']
['ARTICLE_261', '261']
['ARTICLE_262', '262']
['ARTICLE_263', '263']
['ARTICLE_264', '264']
['ARTICLE_265', '265']
['ARTICLE_266', '266']
['ARTICLE_267', '267']
['MIX_876-8_654', '876-8,654']
['MIX_876-8_655', '876-8,655']
['MIX_947_941_CLEANED', '947,941']
['PARAGRAPH_1010_0', '1010']
['ARTICLE_747', '747']
['MIX_876-9_15', '876-9,15']
['PARAGRAPH_112_0', '112']
['MIX_765_739', '765,739']
['MIX_687_672_CLEANED', '687,672']
['PARAGRAPH_567_2', '567']
['PARAGRAPH_99_1', '99']
['PARAGRAPH_99_2', '99']
['MIX_1020_654', '1020,654']
['ARTICLE_808', '808']
['MIX_245_244', '245,244']
['PARAGRAPH_391_0', '391']
['PARAGRAPH_97_2', '97']
['PARAGRAPH_84-3_1', '84-3']
['PARAGRAPH_84-3_2', '84-3']
['PARAGRAPH_97_1', '97']
['MIX_384_383', '384,383']
['PARAGRAPH_397_0', '397']
['MIX_869_644_CLEANED', '869,644']
['ARTICLE_862', '862']
['ARTICLE_863', '863']
['ARTICLE_860', '860']
['ARTICLE_861', '861']
['ARTICLE_866', '866']
['PARAGRAPH_354_0', '354']
['ARTICLE_864', '864']
['ARTICLE_865', '865']
['ARTICLE_868', '868']
['ARTICLE_869', '869']
['MIX_813_812', '813,812']
['MIX_813_811', '813,811']
['PARAGRAPH_395_1', '395']
['PARAGRAPH_395_2', '395']
['MIX_630_620_CLEANED', '630,620']
['PARAGRAPH_1018_1', '1018']
['PARAGRAPH_1018_2', '1018']
['PARAGRAPH_352_0', '352']
['MIX_1044_904_CLEANED', '1044,904']
['MIX_934_930', '934,930']
['PARAGRAPH_907_3', '907']
['PARAGRAPH_907_2', '907']
['PARAGRAPH_907_1', '907']
['ARTICLE_744', '744']
['MIX_876-7_843', '876-7,843']
['MIX_876-7_844', '876-7,844']
['MIX_876-10_870_CLEANED', '876-10,870']
['PARAGRAPH_905_1', '905']
['PARAGRAPH_905_2', '905']
['PARAGRAPH_838_0', '838']
['PARAGRAPH_1003_0', '1003']
['ARTICLE_743', '743']
['MIX_806-3_797_CLEANED', '806-3,797']
['PARAGRAPH_877_3', '877']
['MIX_722_417', '722,417']
['PARAGRAPH_1041_2', '1041']
['PARAGRAPH_1041_1', '1041']
['PARAGRAPH_393_0', '393']
['PARAGRAPH_619_2', '619']
['MIX_965_886_CLEANED', '965,886']
['MIX_1012_644_CLEANED', '1012,644']
['ARTICLE_1014', '1014']
['MIX_465_443_CLEANED', '465,443']
['PARAGRAPH_90_0', '90']
['MIX_490_488', '490,488']
['MIX_490_489', '490,489']
['PARAGRAPH_999_2', '999']
['PARAGRAPH_999_1', '999']
['MIX_571_570', '571,570']
['MIX_876-10_863_CLEANED', '876-10,863']
['PARAGRAPH_569_2', '569']
['PARAGRAPH_569_1', '569']
['PARAGRAPH_903_3', '903']
['PARAGRAPH_629_1', '629']
['PARAGRAPH_629_2', '629']
['MIX_943_27_CLEANED', '943,27']
['MIX_876-8_846_CLEANED', '876-8,846']
['PARAGRAPH_901_1', '901']
['PARAGRAPH_901_2', '901']
['MIX_859_824', '859,824']
['PARAGRAPH_798_0', '798']
['MIX_959_958-3', '959,958-3']
['PARAGRAPH_597_1', '597']
['PARAGRAPH_597_2', '597']
['PARAGRAPH_597_3', '597']
['PARAGRAPH_210_1', '210']
['PARAGRAPH_796_0', '796']
['PARAGRAPH_599_0', '599']
['MIX_596_551_CLEANED', '596,551']
['MIX_982_968', '982,968']
['MIX_652_620', '652,620']
['PARAGRAPH_92_0', '92']
['ARTICLE_61', '61']
['ARTICLE_60', '60']
['ARTICLE_63', '63']
['ARTICLE_62', '62']
['ARTICLE_65', '65']
['ARTICLE_64', '64']
['ARTICLE_67', '67']
['ARTICLE_66', '66']
['ARTICLE_69', '69']
['ARTICLE_68', '68']
['MIX_1018_648', '1018,648']
['MIX_1044_903_CLEANED', '1044,903']
['PARAGRAPH_759_0', '759']
['MIX_918_27_CLEANED', '918,27']
['ARTICLE_760', '760']
['PARAGRAPH_457_2', '457']
['PARAGRAPH_294_0', '294']
['PARAGRAPH_297_1', '297']
['PARAGRAPH_566_2', '566']
['PARAGRAPH_566_3', '566']
['ARTICLE_762', '762']
['PARAGRAPH_292_0', '292']
['PARAGRAPH_650_2', '650']
['MIX_765_819', '765,819']
['PARAGRAPH_290_0', '290']
['PARAGRAPH_562_1', '562']
['PARAGRAPH_562_2', '562']
['MIX_350_298', '350,298']
['MIX_350_299', '350,299']
['MIX_872_123_CLEANED', '872,123']
['MIX_350_296', '350,296']
['MIX_350_297', '350,297']
['PARAGRAPH_791_1', '791']
['PARAGRAPH_326_0', '326']
['PARAGRAPH_791_3', '791']
['PARAGRAPH_791_4', '791']
['MIX_865_121_CLEANED', '865,121']
['MIX_867_862', '867,862']
['PARAGRAPH_361_0', '361']
['PARAGRAPH_191_0', '191']
['PARAGRAPH_398_0', '398']
['MIX_131_129', '131,129']
['MIX_131_128', '131,128']
['PARAGRAPH_324_0', '324']
['PARAGRAPH_708_0', '708']
['MIX_876-5_824_CLEANED', '876-5,824']
['PARAGRAPH_677_0', '677']
['MIX_876-5_859-2', '876-5,859-2']
['MIX_944_650_CLEANED', '944,650']
['MIX_1044_900', '1044,900']
['PARAGRAPH_979_3', '979']
['PARAGRAPH_193_0', '193']
['PARAGRAPH_831_0', '831']
['MIX_1044_901', '1044,901']
['PARAGRAPH_889_1', '889']
['PARAGRAPH_322_0', '322']
['PARAGRAPH_298_1', '298']
['PARAGRAPH_298_2', '298']
['PARAGRAPH_298_3', '298']
['ARTICLE_95', '95']
['MIX_1044_904', '1044,904']
['MIX_546_545', '546,545']
['ARTICLE_931', '931']
['PARAGRAPH_320_0', '320']
['PARAGRAPH_295_1', '295']
['PARAGRAPH_296_0', '296']
['MIX_812_739', '812,739']
['PARAGRAPH_752_0', '752']
['PARAGRAPH_811-2_0', '811-2']
['PARAGRAPH_567_3', '567']
['PARAGRAPH_329_1', '329']
['ARTICLE_934', '934']
['PARAGRAPH_329_2', '329']
['PARAGRAPH_1025_0', '1025']
['MIX_947_934', '947,934']
['PARAGRAPH_750_0', '750']
['PARAGRAPH_986_2', '986']
['PARAGRAPH_952_2', '952']
['MIX_947_932', '947,932']
['PARAGRAPH_781_2', '781']
['MIX_831_830_CLEANED', '831,830']
['PARAGRAPH_908_0', '908']
['MIX_926_650', '926,650']
['PARAGRAPH_756_0', '756']
['PARAGRAPH_837_2', '837']
['PARAGRAPH_837_1', '837']
['PARAGRAPH_986_1', '986']
['PARAGRAPH_1029_1', '1029']
['PARAGRAPH_793_0', '793']
['ARTICLE_857-2', '857-2']
['PARAGRAPH_754_0', '754']
['PARAGRAPH_363_0', '363']
['PARAGRAPH_835_0', '835']
['PARAGRAPH_1027_0', '1027']
['PARAGRAPH_42_1', '42']
['PARAGRAPH_42_2', '42']
['ARTICLE_679', '679']
['ARTICLE_678', '678']
['PARAGRAPH_492_0', '492']
['ARTICLE_676', '676']
['ARTICLE_675', '675']
['ARTICLE_674', '674']
['ARTICLE_673', '673']
['ARTICLE_672', '672']
['ARTICLE_671', '671']
['ARTICLE_670', '670']
['PARAGRAPH_269-2_2', '269-2']
['PARAGRAPH_269-2_1', '269-2']
['PARAGRAPH_711_0', '711']
['PARAGRAPH_590_2', '590']
['PARAGRAPH_590_1', '590']
['MIX_918_29_CLEANED', '918,29']
['MIX_860_826_CLEANED', '860,826']
['PARAGRAPH_1023_2', '1023']
['MIX_876-10_876-9_CLEANED', '876-10,876-9']
['PARAGRAPH_1023_1', '1023']
['PARAGRAPH_561_0', '561']
['MIX_801_799_CLEANED', '801,799']
['PARAGRAPH_592_0', '592']
['MIX_936_926_CLEANED', '936,926']
['PARAGRAPH_967_0', '967']
['PARAGRAPH_1021_0', '1021']
['MIX_616_597_CLEANED', '616,597']
['MIX_865_123_CLEANED', '865,123']
['PARAGRAPH_954_0', '954']
['PARAGRAPH_594_3', '594']
['PARAGRAPH_594_2', '594']
['PARAGRAPH_498_0', '498']
['ARTICLE_493', '493']
['ARTICLE_492', '492']
['ARTICLE_491', '491']
['ARTICLE_490', '490']
['ARTICLE_497', '497']
['ARTICLE_496', '496']
['ARTICLE_495', '495']
['ARTICLE_494', '494']
['PARAGRAPH_44_2', '44']
['PARAGRAPH_201_3', '201']
['ARTICLE_499', '499']
['PARAGRAPH_201_1', '201']
['PARAGRAPH_405_0', '405']
['ARTICLE_703', '703']
['ARTICLE_702', '702']
['ARTICLE_701', '701']
['ARTICLE_700', '700']
['ARTICLE_259', '259']
['ARTICLE_258', '258']
['ARTICLE_705', '705']
['PARAGRAPH_85_0', '85']
['ARTICLE_255', '255']
['ARTICLE_254', '254']
['ARTICLE_257', '257']
['ARTICLE_256', '256']
['ARTICLE_251', '251']
['ARTICLE_250', '250']
['ARTICLE_253', '253']
['ARTICLE_252', '252']
['PARAGRAPH_717_2', '717']
['PARAGRAPH_717_3', '717']
['PARAGRAPH_717_1', '717']
['MIX_808_816_CLEANED', '808,816']
['PARAGRAPH_364_0', '364']
['PARAGRAPH_40_0', '40']
['PARAGRAPH_401_1', '401']
['PARAGRAPH_401_2', '401']
['PARAGRAPH_715_1', '715']
['ARTICLE_389', '389']
['ARTICLE_388', '388']
['ARTICLE_387', '387']
['ARTICLE_386', '386']
['ARTICLE_385', '385']
['ARTICLE_384', '384']
['ARTICLE_383', '383']
['ARTICLE_382', '382']
['ARTICLE_381', '381']
['ARTICLE_380', '380']
['PARAGRAPH_209_2', '209']
['PARAGRAPH_547_0', '547']
['PARAGRAPH_209_1', '209']
['PARAGRAPH_246_1', '246']
['PARAGRAPH_530_3', '530']
['PARAGRAPH_246_2', '246']
['PARAGRAPH_563_1', '563']
['MIX_465_442_CLEANED', '465,442']
['ARTICLE_166', '166']
['MIX_876-3_847', '876-3,847']
['PARAGRAPH_210_2', '210']
['PARAGRAPH_536_1', '536']
['PARAGRAPH_240_0', '240']
['ARTICLE_817', '817']
['ARTICLE_816', '816']
['ARTICLE_815', '815']
['PARAGRAPH_563_2', '563']
['ARTICLE_813', '813']
['ARTICLE_812', '812']
['ARTICLE_811', '811']
['ARTICLE_810', '810']
['PARAGRAPH_409_1', '409']
['PARAGRAPH_409_2', '409']
['MIX_876-2_843_CLEANED', '876-2,843']
['ARTICLE_819', '819']
['ARTICLE_818', '818']
['PARAGRAPH_81_3', '81']
['PARAGRAPH_81_2', '81']
['PARAGRAPH_81_1', '81']
['PARAGRAPH_194_0', '194']
['PARAGRAPH_81_4', '81']
['PARAGRAPH_407_2', '407']
['PARAGRAPH_407_1', '407']
['PARAGRAPH_88_2', '88']
['PARAGRAPH_88_1', '88']
['PARAGRAPH_206_0', '206']
['MIX_876-5_863', '876-5,863']
['PARAGRAPH_691_1', '691']
['MIX_812_738', '812,738']
['PARAGRAPH_691_2', '691']
['MIX_895_28', '895,28']
['PARAGRAPH_655_0', '655']
['PARAGRAPH_65_2', '65']
['PARAGRAPH_697_2', '697']
['PARAGRAPH_697_1', '697']
['ARTICLE_929', '929']
['ARTICLE_928', '928']
['PARAGRAPH_653_0', '653']
['ARTICLE_923', '923']
['ARTICLE_922', '922']
['ARTICLE_921', '921']
['ARTICLE_920', '920']
['ARTICLE_927', '927']
['PARAGRAPH_49_2', '49']
['PARAGRAPH_49_1', '49']
['ARTICLE_924', '924']
['MIX_749_767_CLEANED', '749,767']
['ARTICLE_467', '467']
['PARAGRAPH_532_3', '532']
['PARAGRAPH_532_2', '532']
['PARAGRAPH_532_1', '532']
['PARAGRAPH_244_0', '244']
['MIX_49_45_CLEANED', '49,45']
['PARAGRAPH_532_4', '532']
['MIX_852_846_CLEANED', '852,846']
['PARAGRAPH_539_0', '539']
['PARAGRAPH_649_0', '649']
['MIX_876-10_861_CLEANED', '876-10,861']
['MIX_245_243_CLEANED', '245,243']
['PARAGRAPH_495_3', '495']
['PARAGRAPH_495_2', '495']
['PARAGRAPH_495_1', '495']
['PARAGRAPH_249_0', '249']
['MIX_751_728', '751,728']
['PARAGRAPH_202_1', '202']
['PARAGRAPH_202_2', '202']
['PARAGRAPH_612_2', '612']
['PARAGRAPH_960_0', '960']
['PARAGRAPH_612_1', '612']
['PARAGRAPH_497_0', '497']
['PARAGRAPH_86_1', '86']
['PARAGRAPH_86_2', '86']
['PARAGRAPH_86_3', '86']
['PARAGRAPH_204_2', '204']
['PARAGRAPH_204_1', '204']
['PARAGRAPH_693_2', '693']
['PARAGRAPH_530_2', '530']
['PARAGRAPH_860_0', '860']
['PARAGRAPH_610_0', '610']
['PARAGRAPH_491_2', '491']
['PARAGRAPH_491_1', '491']
['PARAGRAPH_660_0', '660']
['PARAGRAPH_886_2', '886']
['PARAGRAPH_886_1', '886']
['PARAGRAPH_124_2', '124']
['PARAGRAPH_124_3', '124']
['MIX_490_489_CLEANED', '490,489']
['PARAGRAPH_124_1', '124']
['PARAGRAPH_284_3', '284']
['PARAGRAPH_284_2', '284']
['PARAGRAPH_284_1', '284']
['ARTICLE_734', '734']
['MIX_430_439_CLEANED', '430,439']
['MIX_571_533', '571,533']
['PARAGRAPH_884_0', '884']
['PARAGRAPH_126_0', '126']
['MIX_876-5_870_CLEANED', '876-5,870']
['PARAGRAPH_968_2', '968']
['PARAGRAPH_286_0', '286']
['PARAGRAPH_968_1', '968']
['MIX_982_976', '982,976']
['MIX_982_977', '982,977']
['MIX_982_974', '982,974']
['MIX_982_975', '982,975']
['PARAGRAPH_243_0', '243']
['PARAGRAPH_535_1', '535']
['PARAGRAPH_535_2', '535']
['PARAGRAPH_535_3', '535']
['MIX_741_739_CLEANED', '741,739']
['MIX_516_468_CLEANED', '516,468']
['MIX_950_932', '950,932']
['ARTICLE_54', '54']
['PARAGRAPH_288_2', '288']
['PARAGRAPH_288_1', '288']
['ARTICLE_57', '57']
['ARTICLE_50', '50']
['ARTICLE_51', '51']
['ARTICLE_52', '52']
['ARTICLE_53', '53']
['MIX_950_925_CLEANED', '950,925']
['MIX_279_269_CLEANED', '279,269']
['ARTICLE_58', '58']
['ARTICLE_59', '59']
['PARAGRAPH_879_0', '879']
['PARAGRAPH_820_0', '820']
['MIX_771_769', '771,769']
['MIX_771_768', '771,768']
['PARAGRAPH_853_1', '853']
['MIX_771_767', '771,767']
['PARAGRAPH_475_0', '475']
['PARAGRAPH_951_0', '951']
['MIX_465_443', '465,443']
['MIX_876-8_861', '876-8,861']
['MIX_671_650_CLEANED', '671,650']
['PARAGRAPH_909_0', '909']
['MIX_350_296_CLEANED', '350,296']
['PARAGRAPH_473_0', '473']
['PARAGRAPH_882_0', '882']
['PARAGRAPH_953_0', '953']
['PARAGRAPH_128_0', '128']
['PARAGRAPH_694_0', '694']
['PARAGRAPH_280_0', '280']
['MIX_384_383_CLEANED', '384,383']
['PARAGRAPH_880_0', '880']
['PARAGRAPH_955_0', '955']
['PARAGRAPH_282_1', '282']
['PARAGRAPH_282_2', '282']
['PARAGRAPH_167_1', '167']
['PARAGRAPH_167_2', '167']
['MIX_901_900', '901,900']
['PARAGRAPH_123_0', '123']
['ARTICLE_987', '987']
['MIX_801_799', '801,799']
['PARAGRAPH_169_0', '169']
['PARAGRAPH_958_0', '958']
['MIX_953_27_CLEANED', '953,27']
['PARAGRAPH_444_0', '444']
['MIX_165_164', '165,164']
['ARTICLE_465-2', '465-2']
['ARTICLE_465-3', '465-3']
['PARAGRAPH_477_0', '477']
['ARTICLE_465-4', '465-4']
['ARTICLE_465-5', '465-5']
['MIX_463_443', '463,443']
['MIX_491_489', '491,489']
['PARAGRAPH_161_0', '161']
['PARAGRAPH_957_1', '957']
['MIX_944_647_CLEANED', '944,647']
['PARAGRAPH_521_2', '521']
['MIX_926_646', '926,646']
['PARAGRAPH_163_0', '163']
['MIX_812_747_CLEANED', '812,747']
['PARAGRAPH_956_1', '956']
['PARAGRAPH_127_1', '127']
['PARAGRAPH_977_0', '977']
['PARAGRAPH_127_3', '127']
['PARAGRAPH_127_2', '127']
['PARAGRAPH_718_1', '718']
['MIX_465_444', '465,444']
['PARAGRAPH_718_2', '718']
['MIX_875_832', '875,832']
['PARAGRAPH_165_0', '165']
['PARAGRAPH_478_0', '478']
['PARAGRAPH_121_0', '121']
['PARAGRAPH_859-3_0', '859-3']
['ARTICLE_668', '668']
['ARTICLE_669', '669']
['ARTICLE_664', '664']
['ARTICLE_665', '665']
['ARTICLE_666', '666']
['ARTICLE_667', '667']
['ARTICLE_660', '660']
['ARTICLE_661', '661']
['ARTICLE_662', '662']
['PARAGRAPH_437_0', '437']
['MIX_876-3_847_CLEANED', '876-3,847']
['MIX_771_767_CLEANED', '771,767']
['PARAGRAPH_435_0', '435']
['PARAGRAPH_943_1', '943']
['PARAGRAPH_991_0', '991']
['PARAGRAPH_470_0', '470']
['PARAGRAPH_974_0', '974']
['MIX_867_855', '867,855']
['PARAGRAPH_980_0', '980']
['ARTICLE_480', '480']
['ARTICLE_481', '481']
['ARTICLE_482', '482']
['ARTICLE_483', '483']
['ARTICLE_484', '484']
['ARTICLE_485', '485']
['ARTICLE_486', '486']
['ARTICLE_487', '487']
['ARTICLE_488', '488']
['ARTICLE_489', '489']
['MIX_876-10_832_CLEANED', '876-10,832']
['MIX_876-5_876-4_CLEANED', '876-5,876-4']
['ARTICLE_242', '242']
['ARTICLE_243', '243']
['ARTICLE_240', '240']
['ARTICLE_241', '241']
['ARTICLE_246', '246']
['ARTICLE_247', '247']
['ARTICLE_244', '244']
['ARTICLE_245', '245']
['ARTICLE_718', '718']
['ARTICLE_719', '719']
['ARTICLE_248', '248']
['ARTICLE_249', '249']
['MIX_501_500_CLEANED', '501,500']
['MIX_895_29_CLEANED', '895,29']
['PARAGRAPH_433_0', '433']
['MIX_852_655_CLEANED', '852,655']
['ARTICLE_398', '398']
['ARTICLE_399', '399']
['MIX_874_655', '874,655']
['ARTICLE_394', '394']
['ARTICLE_395', '395']
['ARTICLE_396', '396']
['ARTICLE_397', '397']
['ARTICLE_390', '390']
['ARTICLE_391', '391']
['ARTICLE_392', '392']
['ARTICLE_393', '393']
['PARAGRAPH_822_0', '822']
['MIX_943_28', '943,28']
['PARAGRAPH_904-2_4', '904-2']
['PARAGRAPH_904-2_3', '904-2']
['PARAGRAPH_904-2_2', '904-2']
['PARAGRAPH_904-2_1', '904-2']
['PARAGRAPH_817-5_0', '817-5']
['PARAGRAPH_913_0', '913']
['PARAGRAPH_621_0', '621']
['MIX_874_654', '874,654']
['PARAGRAPH_824_0', '824']
['PARAGRAPH_31_0', '31']
['ARTICLE_943', '943']
['ARTICLE_804', '804']
['ARTICLE_805', '805']
['ARTICLE_806', '806']
['ARTICLE_807', '807']
['ARTICLE_800', '800']
['ARTICLE_801', '801']
['ARTICLE_802', '802']
['ARTICLE_803', '803']
['PARAGRAPH_826_1', '826']
['ARTICLE_945', '945']
['MIX_876-5_859-2_CLEANED', '876-5,859-2']
['PARAGRAPH_826_2', '826']
['PARAGRAPH_33_0', '33']
['ARTICLE_809', '809']
['ARTICLE_944', '944']
['MIX_993_299', '993,299']
['MIX_319_312', '319,312']
['MIX_934_931', '934,931']
['ARTICLE_947', '947']
['MIX_319_318', '319,318']
['MIX_957_935', '957,935']
['ARTICLE_946', '946']
['MIX_398-8_398-4_CLEANED', '398-8,398-4']
['PARAGRAPH_35_0', '35']
['MIX_852_857-2', '852,857-2']
['PARAGRAPH_1036_0', '1036']
['PARAGRAPH_611_1', '611']
['PARAGRAPH_963_0', '963']
['PARAGRAPH_611_2', '611']
['ARTICLE_530', '530']
['PARAGRAPH_836_0', '836']
['ARTICLE_531', '531']
['ARTICLE_988', '988']
['PARAGRAPH_617_2', '617']
['PARAGRAPH_617_1', '617']
['PARAGRAPH_965_0', '965']
['PARAGRAPH_915_2', '915']
['ARTICLE_533', '533']
['ARTICLE_867', '867']
['ARTICLE_938', '938']
['ARTICLE_939', '939']
['PARAGRAPH_862_0', '862']
['ARTICLE_930', '930']
['PARAGRAPH_615_0', '615']
['ARTICLE_932', '932']
['ARTICLE_933', '933']
['PARAGRAPH_917_0', '917']
['ARTICLE_935', '935']
['ARTICLE_936', '936']
['ARTICLE_937', '937']
['PARAGRAPH_811_4', '811']
['MIX_989_919', '989,919']
['MIX_993_299_CLEANED', '993,299']
['ARTICLE_2', '2']
['PARAGRAPH_911_0', '911']
['ARTICLE_398-9', '398-9']
['ARTICLE_398-8', '398-8']
['ARTICLE_398-5', '398-5']
['ARTICLE_398-4', '398-4']
['ARTICLE_398-7', '398-7']
['ARTICLE_398-6', '398-6']
['ARTICLE_398-3', '398-3']
['ARTICLE_398-2', '398-2']
['PARAGRAPH_875_1', '875']
['PARAGRAPH_875_2', '875']
['MIX_384_188', '384,188']
['MIX_648_624_CLEANED', '648,624']
['MIX_384_183', '384,183']
['MIX_512_488', '512,488']
['PARAGRAPH_107_1', '107']
['MIX_957_928_CLEANED', '957,928']
['ARTICLE_9', '9']
['MIX_279_269', '279,269']
['MIX_866_122', '866,122']
['MIX_866_123', '866,123']
['PARAGRAPH_576_0', '576']
['MIX_866_126', '866,126']
['MIX_866_124', '866,124']
['MIX_866_125', '866,125']
['MIX_1012_645_CLEANED', '1012,645']
['PARAGRAPH_330_3', '330']
['PARAGRAPH_330_2', '330']
['PARAGRAPH_330_1', '330']
['PARAGRAPH_956_2', '956']
['PARAGRAPH_574_0', '574']
['PARAGRAPH_876-4_3', '876-4']
['MIX_943_27', '943,27']
['MIX_501_500', '501,500']
['ARTICLE_49', '49']
['ARTICLE_48', '48']
['PARAGRAPH_572_0', '572']
['ARTICLE_43', '43']
['ARTICLE_42', '42']
['ARTICLE_41', '41']
['ARTICLE_40', '40']
['ARTICLE_47', '47']
['ARTICLE_46', '46']
['ARTICLE_45', '45']
['ARTICLE_44', '44']
['PARAGRAPH_570_0', '570']
['MIX_876-3_859-3', '876-3,859-3']
['MIX_876-3_859-2', '876-3,859-2']
['MIX_876-10_859-2_CLEANED', '876-10,859-2']
['MIX_634_533', '634,533']
['PARAGRAPH_377_1', '377']
['PARAGRAPH_377_2', '377']
['PARAGRAPH_338_2', '338']
['PARAGRAPH_338_1', '338']
['ARTICLE_1033', '1033']
['PARAGRAPH_371_0', '371']
['MIX_872_121_CLEANED', '872,121']
['PARAGRAPH_1043_1', '1043']
['ARTICLE_1030', '1030']
['PARAGRAPH_817-9_0', '817-9']
['MIX_618_617', '618,617']
['ARTICLE_1037', '1037']
['PARAGRAPH_821_0', '821']
['PARAGRAPH_578_0', '578']
['ARTICLE_1034', '1034']
['PARAGRAPH_823_1', '823']
['PARAGRAPH_823_2', '823']
['PARAGRAPH_337_0', '337']
['MIX_876-5_644_CLEANED', '876-5,644']
['PARAGRAPH_71_0', '71']
['PARAGRAPH_1035_0', '1035']
['PARAGRAPH_764_0', '764']
['PARAGRAPH_817-2_2', '817-2']
['PARAGRAPH_817-2_1', '817-2']
['PARAGRAPH_98-2_0', '98-2']
['PARAGRAPH_73_0', '73']
['PARAGRAPH_1037_0', '1037']
['PARAGRAPH_488_3', '488']
['PARAGRAPH_488_2', '488']
['PARAGRAPH_762_2', '762']
['PARAGRAPH_762_1', '762']
['PARAGRAPH_829_0', '829']
['PARAGRAPH_1039_0', '1039']
['MIX_749_768', '749,768']
['MIX_749_769', '749,769']
['MIX_749_766', '749,766']
['MIX_749_767', '749,767']
['MIX_957_929_CLEANED', '957,929']
['PARAGRAPH_817-6_0', '817-6']
['PARAGRAPH_375_2', '375']
['PARAGRAPH_375_1', '375']
['MIX_934_930_CLEANED', '934,930']
['ARTICLE_727', '727']
['MIX_765_739_CLEANED', '765,739']
['PARAGRAPH_918_3', '918']
['PARAGRAPH_918_2', '918']
['PARAGRAPH_918_1', '918']
['MIX_918_27', '918,27']
['PARAGRAPH_850_0', '850']
['ARTICLE_218', '218']
['MIX_876-3_850_CLEANED', '876-3,850']
['MIX_918_28', '918,28']
['MIX_918_29', '918,29']
['PARAGRAPH_484_0', '484']
['PARAGRAPH_872_2', '872']
['PARAGRAPH_480_0', '480']
['PARAGRAPH_872_1', '872']
['ARTICLE_726', '726']
['MIX_876-9_876-4_CLEANED', '876-9,876-4']
['PARAGRAPH_75_0', '75']
['PARAGRAPH_870_0', '870']
['PARAGRAPH_698_0', '698']
['PARAGRAPH_378_0', '378']
['PARAGRAPH_768_1', '768']
['PARAGRAPH_335_4', '335']
['PARAGRAPH_768_3', '768']
['PARAGRAPH_335_2', '335']
['PARAGRAPH_335_3', '335']
['PARAGRAPH_335_1', '335']
['ARTICLE_211', '211']
['ARTICLE_721', '721']
['PARAGRAPH_723_0', '723']
['PARAGRAPH_77_1', '77']
['PARAGRAPH_77_2', '77']
['PARAGRAPH_77_3', '77']
['PARAGRAPH_766_2', '766']
['PARAGRAPH_766_3', '766']
['PARAGRAPH_766_1', '766']
['MIX_813_811-2', '813,811-2']
['ARTICLE_745', '745']
['PARAGRAPH_766_4', '766']
['ARTICLE_123', '123']
['ARTICLE_122', '122']
['ARTICLE_121', '121']
['ARTICLE_120', '120']
['ARTICLE_127', '127']
['ARTICLE_126', '126']
['ARTICLE_125', '125']
['ARTICLE_124', '124']
['ARTICLE_659', '659']
['ARTICLE_658', '658']
['ARTICLE_129', '129']
['ARTICLE_128', '128']
['ARTICLE_742', '742']
['MIX_867_856_CLEANED', '867,856']
['PARAGRAPH_275_0', '275']
['ARTICLE_741', '741']
['MIX_950_929', '950,929']
['ARTICLE_740', '740']
['MIX_430_434_CLEANED', '430,434']
['PARAGRAPH_897_1', '897']
['ARTICLE_192', '192']
['ARTICLE_621', '621']
['PARAGRAPH_438_0', '438']
['ARTICLE_190', '190']
['MIX_808_816', '808,816']
['PARAGRAPH_372_0', '372']
['PARAGRAPH_398-9_2', '398-9']
['ARTICLE_196', '196']
['PARAGRAPH_482_0', '482']
['PARAGRAPH_729_0', '729']
['ARTICLE_197', '197']
['PARAGRAPH_817-4_0', '817-4']
['PARAGRAPH_504_0', '504']
['ARTICLE_84-3', '84-3']
['PARAGRAPH_36_1', '36']
['PARAGRAPH_36_2', '36']
['ARTICLE_722', '722']
['MIX_957_927_CLEANED', '957,927']
['ARTICLE_237', '237']
['ARTICLE_236', '236']
['ARTICLE_235', '235']
['ARTICLE_234', '234']
['ARTICLE_233', '233']
['ARTICLE_232', '232']
['ARTICLE_231', '231']
['ARTICLE_230', '230']
['MIX_616_594', '616,594']
['PARAGRAPH_38_2', '38']
['PARAGRAPH_38_1', '38']
['MIX_616_597', '616,597']
['ARTICLE_729', '729']
['ARTICLE_728', '728']
['ARTICLE_239', '239']
['ARTICLE_238', '238']
['MIX_801_739_CLEANED', '801,739']
['PARAGRAPH_279_0', '279']
['ARTICLE_969-2', '969-2']
['PARAGRAPH_997_1', '997']
['PARAGRAPH_272_0', '272']
['MIX_953_28', '953,28']
['PARAGRAPH_687_0', '687']
['PARAGRAPH_997_2', '997']
['PARAGRAPH_238_0', '238']
['PARAGRAPH_625_3', '625']
['MIX_852_846', '852,846']
['MIX_953_27', '953,27']
['ARTICLE_839', '839']
['ARTICLE_838', '838']
['ARTICLE_349', '349']
['ARTICLE_348', '348']
['PARAGRAPH_681_2', '681']
['PARAGRAPH_681_3', '681']
['MIX_398-22_398-16', '398-22,398-16']
['PARAGRAPH_681_1', '681']
['ARTICLE_343', '343']
['ARTICLE_342', '342']
['ARTICLE_341', '341']
['ARTICLE_340', '340']
['ARTICLE_347', '347']
['ARTICLE_346', '346']
['ARTICLE_345', '345']
['ARTICLE_344', '344']
['MIX_876-8_655_CLEANED', '876-8,655']
['MIX_934_929', '934,929']
['PARAGRAPH_220_0', '220']
['MIX_741_739', '741,739']
['PARAGRAPH_994_2', '994']
['MIX_934_927', '934,927']
['PARAGRAPH_506_2', '506']
['PARAGRAPH_506_1', '506']
['PARAGRAPH_915_1', '915']
['PARAGRAPH_230_2', '230']
['PARAGRAPH_230_1', '230']
['PARAGRAPH_608_2', '608']
['PARAGRAPH_608_1', '608']
['PARAGRAPH_488_1', '488']
['PARAGRAPH_487_0', '487']
['PARAGRAPH_232_0', '232']
['MIX_876-3_655_CLEANED', '876-3,655']
['MIX_876-10_644_CLEANED', '876-10,644']
['PARAGRAPH_234_2', '234']
['ARTICLE_908', '908']
['PARAGRAPH_234_1', '234']
['ARTICLE_905', '905']
['ARTICLE_904', '904']
['ARTICLE_907', '907']
['ARTICLE_906', '906']
['ARTICLE_901', '901']
['ARTICLE_900', '900']
['PARAGRAPH_270_0', '270']
['ARTICLE_902', '902']
['PARAGRAPH_685_2', '685']
['PARAGRAPH_604_2', '604']
['PARAGRAPH_604_1', '604']
['PARAGRAPH_685_1', '685']
['MIX_701_645', '701,645']
['PARAGRAPH_78_2', '78']
['PARAGRAPH_78_1', '78']
['MIX_49_48_CLEANED', '49,48']
['PARAGRAPH_236_0', '236']
['PARAGRAPH_509_0', '509']
['MIX_1044_887', '1044,887']
['PARAGRAPH_138_0', '138']
['PARAGRAPH_814_2', '814']
['PARAGRAPH_546_0', '546']
['PARAGRAPH_814_1', '814']
['PARAGRAPH_83_0', '83']
['MIX_865_123', '865,123']
['PARAGRAPH_116_0', '116']
['PARAGRAPH_136_2', '136']
['PARAGRAPH_136_1', '136']
['PARAGRAPH_544_1', '544']
['PARAGRAPH_544_2', '544']
['MIX_808_748', '808,748']
['MIX_512_490_CLEANED', '512,490']
['PARAGRAPH_103_0', '103']
['PARAGRAPH_688_3', '688']
['PARAGRAPH_688_2', '688']
['PARAGRAPH_688_1', '688']
['PARAGRAPH_818_2', '818']
['PARAGRAPH_818_3', '818']
['ARTICLE_909', '909']
['PARAGRAPH_818_1', '818']
['PARAGRAPH_501_0', '501']
['PARAGRAPH_175_0', '175']
['PARAGRAPH_548_1', '548']
['PARAGRAPH_548_2', '548']
['MIX_852_840', '852,840']
['MIX_852_843', '852,843']
['MIX_852_844', '852,844']
['PARAGRAPH_645_0', '645']
['PARAGRAPH_8_0', '8']
['MIX_866_124_CLEANED', '866,124']
['MIX_946_304_CLEANED', '946,304']
['MIX_959_956', '959,956']
['PARAGRAPH_647_0', '647']
['PARAGRAPH_925_0', '925']
['MIX_856_854_CLEANED', '856,854']
['PARAGRAPH_760_0', '760']
['PARAGRAPH_542_0', '542']
['ARTICLE_38', '38']
['ARTICLE_39', '39']
['ARTICLE_36', '36']
['ARTICLE_37', '37']
['ARTICLE_34', '34']
['ARTICLE_35', '35']
['ARTICLE_32', '32']
['ARTICLE_33', '33']
['ARTICLE_30', '30']
['ARTICLE_31', '31']
['PARAGRAPH_682_0', '682']
['PARAGRAPH_812_0', '812']
['PARAGRAPH_540_1', '540']
['PARAGRAPH_540_2', '540']
['PARAGRAPH_921_0', '921']
['PARAGRAPH_131_1', '131']
['PARAGRAPH_131_2', '131']
['PARAGRAPH_131_3', '131']
['PARAGRAPH_903_2', '903']
['ARTICLE_996', '996']
['PARAGRAPH_903_1', '903']
['MIX_876-8_843', '876-8,843']
['MIX_830_28_CLEANED', '830,28']
['MIX_982_979_CLEANED', '982,979']
['MIX_876-8_844', '876-8,844']
['PARAGRAPH_1038_0', '1038']
['PARAGRAPH_179_1', '179']
['PARAGRAPH_179_2', '179']
['PARAGRAPH_179_3', '179']
['PARAGRAPH_398-20_1', '398-20']
['PARAGRAPH_641_0', '641']
['MIX_491_489_CLEANED', '491,489']
['MIX_982_968_CLEANED', '982,968']
['MIX_702_650', '702,650']
['PARAGRAPH_469_0', '469']
['PARAGRAPH_398-20_2', '398-20']
['PARAGRAPH_643_0', '643']
['MIX_1044_887_CLEANED', '1044,887']
['PARAGRAPH_398-12_2', '398-12']
['PARAGRAPH_398-12_3', '398-12']
['PARAGRAPH_173_0', '173']
['PARAGRAPH_460_0', '460']
['PARAGRAPH_726_2', '726']
['PARAGRAPH_726_1', '726']
['PARAGRAPH_398-14_1', '398-14']
['PARAGRAPH_398-14_2', '398-14']
['PARAGRAPH_171_0', '171']
['PARAGRAPH_462_2', '462']
['PARAGRAPH_724_0', '724']
['MIX_749_790', '749,790']
['MIX_546_533_CLEANED', '546,533']
['PARAGRAPH_177_0', '177']
['PARAGRAPH_464_0', '464']
['MIX_867_855_CLEANED', '867,855']
['PARAGRAPH_133_2', '133']
['PARAGRAPH_133_1', '133']
['ARTICLE_363', '363']
['PARAGRAPH_466_1', '466']
['PARAGRAPH_466_2', '466']
['MIX_950_931_CLEANED', '950,931']
['PARAGRAPH_421_0', '421']
['MIX_979_976_CLEANED', '979,976']
['PARAGRAPH_958-3_1', '958-3']
['PARAGRAPH_958-3_2', '958-3']
['PARAGRAPH_423_1', '423']
['PARAGRAPH_423_2', '423']
['MIX_856_855_CLEANED', '856,855']
['ARTICLE_698', '698']
['MIX_866_123_CLEANED', '866,123']
['MIX_616_598_CLEANED', '616,598']
['PARAGRAPH_398-16_0', '398-16']
['MIX_831_654_CLEANED', '831,654']
['MIX_876-3_655', '876-3,655']
['MIX_940_645_CLEANED', '940,645']
['PARAGRAPH_946_0', '946']
['ARTICLE_130', '130']
['ARTICLE_131', '131']
['ARTICLE_132', '132']
['ARTICLE_133', '133']
['ARTICLE_134', '134']
['ARTICLE_135', '135']
['ARTICLE_136', '136']
['ARTICLE_137', '137']
['ARTICLE_138', '138']
['ARTICLE_139', '139']
['MIX_867_861_CLEANED', '867,861']
['ARTICLE_648', '648']
['ARTICLE_649', '649']
['PARAGRAPH_5_2', '5']
['PARAGRAPH_5_3', '5']
['PARAGRAPH_5_1', '5']
['ARTICLE_714', '714']
['PARAGRAPH_425_0', '425']
['MIX_926_650_CLEANED', '926,650']
['PARAGRAPH_178_0', '178']
['MIX_808_747', '808,747']
['PARAGRAPH_398-19_1', '398-19']
['PARAGRAPH_398-19_3', '398-19']
['PARAGRAPH_398-19_2', '398-19']
['MIX_110_109', '110,109']
['PARAGRAPH_427_0', '427']
['MIX_856_855', '856,855']
['MIX_856_854', '856,854']
['MIX_856_853', '856,853']
['PARAGRAPH_9_0', '9']
['PARAGRAPH_827_0', '827']
['ARTICLE_738', '738']
['ARTICLE_739', '739']
['ARTICLE_732', '732']
['ARTICLE_733', '733']
['ARTICLE_730', '730']
['ARTICLE_731', '731']
['ARTICLE_736', '736']
['ARTICLE_737', '737']
['PARAGRAPH_582_0', '582']
['ARTICLE_735', '735']
['ARTICLE_224', '224']
['PARAGRAPH_23_2', '23']
['PARAGRAPH_23_1', '23']
['ARTICLE_227', '227']
['ARTICLE_220', '220']
['ARTICLE_221', '221']
['ARTICLE_222', '222']
['ARTICLE_223', '223']
['MIX_749_769_CLEANED', '749,769']
['ARTICLE_228', '228']
['ARTICLE_229', '229']
['PARAGRAPH_852_0', '852']
['PARAGRAPH_3_1', '3']
['PARAGRAPH_3_2', '3']
['PARAGRAPH_580_3', '580']
['PARAGRAPH_21_0', '21']
['PARAGRAPH_1_2', '1']
['PARAGRAPH_1_3', '1']
['PARAGRAPH_27_1', '27']
['PARAGRAPH_398-11_2', '398-11']
['ARTICLE_717', '717']
['PARAGRAPH_768_2', '768']
['PARAGRAPH_1031_0', '1031']
['MIX_372_296_CLEANED', '372,296']
['PARAGRAPH_601_0', '601']
['ARTICLE_358', '358']
['ARTICLE_359', '359']
['ARTICLE_828', '828']
['ARTICLE_829', '829']
['ARTICLE_350', '350']
['ARTICLE_351', '351']
['ARTICLE_352', '352']
['ARTICLE_353', '353']
['ARTICLE_354', '354']
['ARTICLE_355', '355']
['ARTICLE_356', '356']
['ARTICLE_357', '357']
['PARAGRAPH_603_0', '603']
['MIX_940_918_CLEANED', '940,918']
['MIX_1020_655_CLEANED', '1020,655']
['MIX_465_462', '465,462']
['MIX_950_934_CLEANED', '950,934']
['PARAGRAPH_549_0', '549']
['PARAGRAPH_863_1', '863']
['PARAGRAPH_863_2', '863']
['PARAGRAPH_806_2', '806']
['PARAGRAPH_806_1', '806']
['ARTICLE_620', '620']
['MIX_874_655_CLEANED', '874,655']
['ARTICLE_912', '912']
['ARTICLE_913', '913']
['ARTICLE_910', '910']
['ARTICLE_911', '911']
['ARTICLE_916', '916']
['ARTICLE_917', '917']
['ARTICLE_914', '914']
['ARTICLE_915', '915']
['ARTICLE_918', '918']
['ARTICLE_919', '919']
['MIX_852_655', '852,655']
['MIX_852_654', '852,654']
['PARAGRAPH_1033_0', '1033']
['MIX_876-8_844_CLEANED', '876-8,844']
['MIX_1018_648_CLEANED', '1018,648']
['PARAGRAPH_869_0', '869']
['MIX_943_28_CLEANED', '943,28']
['MIX_110_109_CLEANED', '110,109']
['ARTICLE_651', '651']
['MIX_876-5_655_CLEANED', '876-5,655']
['ARTICLE_650', '650']
['PARAGRAPH_922_0', '922']
['PARAGRAPH_344_0', '344']
['ARTICLE_653', '653']
['MIX_398-10_398-9', '398-10,398-9']
['PARAGRAPH_1002_1', '1002']
['ARTICLE_652', '652']
['ARTICLE_655', '655']
['MIX_621_600_CLEANED', '621,600']
['PARAGRAPH_346_0', '346']
['ARTICLE_654', '654']
['ARTICLE_657', '657']
['MIX_852_654_CLEANED', '852,654']
['ARTICLE_656', '656']
['MIX_876-3_851_CLEANED', '876-3,851']
['MIX_982_981_CLEANED', '982,981']
['ARTICLE_623', '623']
['MIX_852_847', '852,847']
['PARAGRAPH_928_0', '928']
['MIX_831_830', '831,830']
['PARAGRAPH_804_0', '804']
['MIX_458_434_CLEANED', '458,434']
['PARAGRAPH_859_2', '859']
['PARAGRAPH_859_1', '859']
['MIX_940_650', '940,650']
['ARTICLE_624', '624']
['MIX_801_739', '801,739']
['MIX_852_857-2_CLEANED', '852,857-2']
['MIX_319_194', '319,194']
['MIX_465_442', '465,442']
['PARAGRAPH_589_0', '589']
['MIX_860_826', '860,826']
['ARTICLE_29', '29']
['ARTICLE_28', '28']
['PARAGRAPH_348_0', '348']
['ARTICLE_25', '25']
['ARTICLE_24', '24']
['ARTICLE_27', '27']
['ARTICLE_26', '26']
['ARTICLE_21', '21']
['ARTICLE_20', '20']
['ARTICLE_23', '23']
['ARTICLE_22', '22']
['PARAGRAPH_104_0', '104']
['PARAGRAPH_855_1', '855']
['PARAGRAPH_587_0', '587']
['ARTICLE_625', '625']
['MIX_852_644', '852,644']
['MIX_852_844_CLEANED', '852,844']
['PARAGRAPH_307_1', '307']
['PARAGRAPH_307_2', '307']
['PARAGRAPH_343_0', '343']
['MIX_350_304', '350,304']
['MIX_876-8_850', '876-8,850']
['MIX_876-8_851', '876-8,851']
['MIX_350_300', '350,300']
['PARAGRAPH_61_1', '61']
['PARAGRAPH_309_2', '309']
['PARAGRAPH_309_1', '309']
['PARAGRAPH_61_2', '61']
['ARTICLE_846', '846']
['MIX_350_297_CLEANED', '350,297']
['ARTICLE_817-8', '817-8']
['MIX_876-5_655', '876-5,655']
['ARTICLE_627', '627']
['MIX_372_296', '372,296']
['MIX_131_128_CLEANED', '131,128']
['PARAGRAPH_389_2', '389']
['PARAGRAPH_389_1', '389']
['PARAGRAPH_1001_2', '1001']
['PARAGRAPH_1001_1', '1001']
['PARAGRAPH_739_2', '739']
['PARAGRAPH_739_1', '739']
['PARAGRAPH_69_0', '69']
['PARAGRAPH_301_0', '301']
['PARAGRAPH_382_0', '382']
['PARAGRAPH_566_1', '566']
['PARAGRAPH_428_0', '428']
['PARAGRAPH_67_3', '67']
['PARAGRAPH_67_2', '67']
['PARAGRAPH_67_1', '67']
['PARAGRAPH_864_0', '864']
['PARAGRAPH_303_0', '303']
['PARAGRAPH_384_0', '384']
['PARAGRAPH_1005_0', '1005']
['PARAGRAPH_347_0', '347']
['MIX_658_107_CLEANED', '658,107']
['PARAGRAPH_735_0', '735']
['PARAGRAPH_65_1', '65']
['PARAGRAPH_65_3', '65']
['PARAGRAPH_305_0', '305']
['PARAGRAPH_386_0', '386']
['PARAGRAPH_523_0', '523']
['MIX_350_300_CLEANED', '350,300']
['PARAGRAPH_1007_0', '1007']
['PARAGRAPH_341_0', '341']
['MIX_398-6_398-4_CLEANED', '398-6,398-4']
['PARAGRAPH_737_1', '737']
['PARAGRAPH_737_2', '737']
['PARAGRAPH_63_0', '63']
['PARAGRAPH_267_0', '267']
['MIX_876-3_861_CLEANED', '876-3,861']
['MIX_876-7_843_CLEANED', '876-7,843']
['MIX_959_958-3_CLEANED', '959,958-3']
['PARAGRAPH_265_0', '265']
['MIX_165_164_CLEANED', '165,164']
['MIX_950_943_CLEANED', '950,943']
['PARAGRAPH_560_0', '560']
['MIX_616_594_CLEANED', '616,594']
['PARAGRAPH_380_0', '380']
['ARTICLE_859-3', '859-3']
['ARTICLE_859-2', '859-2']
['PARAGRAPH_916_0', '916']
['ARTICLE_105', '105']
['ARTICLE_104', '104']
['ARTICLE_107', '107']
['ARTICLE_106', '106']
['ARTICLE_101', '101']
['ARTICLE_100', '100']
['ARTICLE_103', '103']
['ARTICLE_102', '102']
['PARAGRAPH_984_0', '984']
['ARTICLE_109', '109']
['ARTICLE_108', '108']
['PARAGRAPH_638_1', '638']
['PARAGRAPH_24_0', '24']
['MIX_926_918', '926,918']
['PARAGRAPH_987_0', '987']
['MIX_876-8_859-3_CLEANED', '876-8,859-3']
['MIX_546_533', '546,533']
['PARAGRAPH_776_0', '776']
['MIX_618_617_CLEANED', '618,617']
['MIX_430_438_CLEANED', '430,438']
['PARAGRAPH_778_0', '778']
['PARAGRAPH_28_0', '28']
['PARAGRAPH_269_1', '269']
['PARAGRAPH_269_2', '269']
['PARAGRAPH_642_2', '642']
['MIX_245_244_CLEANED', '245,244']
['ARTICLE_219', '219']
['PARAGRAPH_224_0', '224']
['MIX_652_620_CLEANED', '652,620']
['ARTICLE_749', '749']
['ARTICLE_748', '748']
['PARAGRAPH_260_1', '260']
['ARTICLE_210', '210']
['ARTICLE_213', '213']
['ARTICLE_212', '212']
['ARTICLE_215', '215']
['ARTICLE_214', '214']
['ARTICLE_217', '217']
['ARTICLE_216', '216']
['ARTICLE_589', '589']
['ARTICLE_588', '588']
['MIX_1041_1040_CLEANED', '1041,1040']
['ARTICLE_581', '581']
['ARTICLE_84-2', '84-2']
['ARTICLE_583', '583']
['ARTICLE_582', '582']
['ARTICLE_585', '585']
['ARTICLE_584', '584']
['ARTICLE_587', '587']
['ARTICLE_586', '586']
['MIX_686_670', '686,670']
['PARAGRAPH_533_0', '533']
['PARAGRAPH_770_2', '770']
['PARAGRAPH_770_1', '770']
['MIX_895_29', '895,29']
['PARAGRAPH_874_0', '874']
['ARTICLE_337', '337']
['MIX_570_566', '570,566']
['PARAGRAPH_518_0', '518']
['PARAGRAPH_772_1', '772']
['PARAGRAPH_172_1', '172']
['PARAGRAPH_772_2', '772']
['ARTICLE_335', '335']
['PARAGRAPH_222_3', '222']
['PARAGRAPH_222_2', '222']
['PARAGRAPH_222_1', '222']
['PARAGRAPH_513_1', '513']
['PARAGRAPH_513_2', '513']
['ARTICLE_881', '881']
['MIX_1012_644', '1012,644']
['ARTICLE_369', '369']
['ARTICLE_882', '882']
['ARTICLE_365', '365']
['ARTICLE_364', '364']
['ARTICLE_366', '366']
['ARTICLE_361', '361']
['ARTICLE_360', '360']
['PARAGRAPH_515_0', '515']
['ARTICLE_362', '362']
['ARTICLE_725', '725']
['ARTICLE_699', '699']
['PARAGRAPH_264_0', '264']
['ARTICLE_724', '724']
['ARTICLE_695', '695']
['ARTICLE_694', '694']
['ARTICLE_697', '697']
['ARTICLE_696', '696']
['ARTICLE_691', '691']
['ARTICLE_690', '690']
['ARTICLE_693', '693']
['PARAGRAPH_226_0', '226']
['PARAGRAPH_517_0', '517']
['PARAGRAPH_262_4', '262']
['PARAGRAPH_262_3', '262']
['PARAGRAPH_262_2', '262']
['PARAGRAPH_262_1', '262']
['PARAGRAPH_502_2', '502']
['PARAGRAPH_679_0', '679']
['PARAGRAPH_944_1', '944']
['PARAGRAPH_944_2', '944']
['ARTICLE_720', '720']
['PARAGRAPH_802_0', '802']
['ARTICLE_723', '723']
['ARTICLE_956', '956']
['PARAGRAPH_502_1', '502']
['PARAGRAPH_806_3', '806']
['PARAGRAPH_672_1', '672']
['PARAGRAPH_672_2', '672']
['PARAGRAPH_550_0', '550']
['MIX_852_859-2_CLEANED', '852,859-2']
['MIX_934_724', '934,724']
['PARAGRAPH_398-7_3', '398-7']
['PARAGRAPH_398-7_2', '398-7']
['PARAGRAPH_398-7_1', '398-7']
['MIX_876-9_15_CLEANED', '876-9,15']
['PARAGRAPH_674_2', '674']
['PARAGRAPH_674_1', '674']
['ARTICLE_967', '967']
['PARAGRAPH_552_0', '552']
['ARTICLE_965', '965']
['ARTICLE_964', '964']
['ARTICLE_963', '963']
['ARTICLE_962', '962']
['ARTICLE_957', '957']
['ARTICLE_960', '960']
['PARAGRAPH_817-10_1', '817-10']
['PARAGRAPH_817-10_2', '817-10']
['MIX_950_933', '950,933']
['ARTICLE_969', '969']
['ARTICLE_968', '968']
['ARTICLE_817-9', '817-9']
['PARAGRAPH_676_1', '676']
['PARAGRAPH_676_2', '676']
['MIX_957_931_CLEANED', '957,931']
['PARAGRAPH_398-3_2', '398-3']
['PARAGRAPH_398-3_1', '398-3']
['PARAGRAPH_511_0', '511']
['ARTICLE_817-2', '817-2']
['ARTICLE_817-5', '817-5']
['ARTICLE_817-4', '817-4']
['ARTICLE_817-7', '817-7']
['ARTICLE_817-6', '817-6']
['MIX_953_28_CLEANED', '953,28']
['PARAGRAPH_1016_2', '1016']
['ARTICLE_709', '709']
['ARTICLE_954', '954']
['MIX_970_968', '970,968']
['MIX_867_866_CLEANED', '867,866']
['PARAGRAPH_631_0', '631']
['ARTICLE_958-3', '958-3']
['ARTICLE_958-2', '958-2']
['PARAGRAPH_937_0', '937']
['PARAGRAPH_833_0', '833']
['PARAGRAPH_419_3', '419']
['PARAGRAPH_419_2', '419']
['PARAGRAPH_419_1', '419']
['PARAGRAPH_985_1', '985']
['PARAGRAPH_633_0', '633']
['MIX_812_739_CLEANED', '812,739']
['PARAGRAPH_985_2', '985']
['PARAGRAPH_935_0', '935']
['PARAGRAPH_554_0', '554']
['PARAGRAPH_933_0', '933']
['PARAGRAPH_670_2', '670']
['PARAGRAPH_670_3', '670']
['PARAGRAPH_670_1', '670']
['PARAGRAPH_556_1', '556']
['PARAGRAPH_800_0', '800']
['PARAGRAPH_556_2', '556']
File Data/Index/id_query-num_articles.tsv loaded.
